2023-06-24 14:34:48,055 [INFO] Activator:177 - 


2023-06-24 14:34:48,056 [INFO] Activator:178 - !SESSION log4j initialized
2023-06-24 14:35:23,010 [ERROR] LogOutputStream:74 - [STDERR_REDIRECT] SLF4J: Failed to load class "org.slf4j.impl.StaticLoggerBinder".
2023-06-24 14:35:23,011 [ERROR] LogOutputStream:74 - [STDERR_REDIRECT] SLF4J: Defaulting to no-operation (NOP) logger implementation
2023-06-24 14:35:23,012 [ERROR] LogOutputStream:74 - [STDERR_REDIRECT] SLF4J: See http://www.slf4j.org/codes.html#StaticLoggerBinder for further details.
2023-06-24 14:35:53,395 [INFO] McuFinderGlobals:44 - Set McuFinder mode to 2 (CubeIDE integrated)
2023-06-24 14:35:54,727 [INFO] ApplicationProperties:181 - Using Application install path: /opt/st/stm32cubeide_1.10.1/plugins/com.st.stm32cube.common.mx_6.6.1.202207061420
2023-06-24 14:35:54,742 [INFO] DbMcusXml:77 - Set database path to: /opt/st/stm32cubeide_1.10.1/plugins/com.st.stm32cube.common.mx_6.6.1.202207061420//db//mcu/
2023-06-24 14:35:54,743 [INFO] ApiDb:269 - Set plugin database path to: /opt/st/stm32cubeide_1.10.1/plugins/com.st.stm32cube.common.mx_6.6.1.202207061420//db//plugins/boardmanager/
2023-06-24 14:35:54,746 [WARN] ApiDb:254 - Overriding images path with different value:  => /opt/st/stm32cubeide_1.10.1/plugins/com.st.stm32cube.common.mx_6.6.1.202207061420//db//plugins/mcufinder/images/
2023-06-24 14:35:54,762 [INFO] ApiDb:249 - Set database path to: /home/lue/.stmcufinder/plugins/mcufinder//mcu/
2023-06-24 14:35:54,764 [INFO] DbMcusAds:124 - Set database path to: /home/lue/.stmcufinder/plugins/mcufinder//mcu/
2023-06-24 14:35:55,061 [INFO] CrossReferenceDbSqlite:201 - Set database path to: /home/lue/.stmcufinder/plugins/mcufinder//mcu/cs/
2023-06-24 14:35:55,163 [INFO] RulesReader:61 - Compatibility file has been processed (282 Rules)
2023-06-24 14:35:55,230 [INFO] DbMcusXml:77 - Set database path to: /opt/st/stm32cubeide_1.10.1/plugins/com.st.stm32cube.common.mx_6.6.1.202207061420//db//mcu/
2023-06-24 14:35:55,230 [INFO] ApiDb:269 - Set plugin database path to: /opt/st/stm32cubeide_1.10.1/plugins/com.st.stm32cube.common.mx_6.6.1.202207061420//db//plugins/boardmanager/
2023-06-24 14:35:55,231 [INFO] ApiDb:256 - Set plugin images path to: /opt/st/stm32cubeide_1.10.1/plugins/com.st.stm32cube.common.mx_6.6.1.202207061420//db//plugins/mcufinder/images/
2023-06-24 14:35:55,231 [WARN] DbFile:40 - Overriding database path with different value: /home/lue/.stmcufinder/plugins/mcufinder/ => /home/lue/.stmcufinder/plugins/mcufinder
2023-06-24 14:35:55,232 [INFO] ApiDb:249 - Set database path to: /home/lue/.stmcufinder/plugins/mcufinder//mcu/
2023-06-24 14:35:55,233 [WARN] DbFile:40 - Overriding database path with different value: /home/lue/.stmcufinder/plugins/mcufinder/ => /home/lue/.stmcufinder/plugins/mcufinder
2023-06-24 14:35:55,233 [INFO] DbMcusAds:124 - Set database path to: /home/lue/.stmcufinder/plugins/mcufinder//mcu/
2023-06-24 14:35:55,235 [WARN] DbFile:40 - Overriding database path with different value: /home/lue/.stmcufinder/plugins/mcufinder/ => /home/lue/.stmcufinder/plugins/mcufinder
2023-06-24 14:35:55,235 [WARN] DbFile:40 - Overriding database path with different value: /home/lue/.stmcufinder/plugins/mcufinder/ => /home/lue/.stmcufinder/plugins/mcufinder
2023-06-24 14:35:55,236 [INFO] CrossReferenceDbSqlite:201 - Set database path to: /home/lue/.stmcufinder/plugins/mcufinder//mcu/cs/
2023-06-24 14:35:55,308 [INFO] MainPanel:242 - HeapMemory: 335544320
2023-06-24 14:35:55,411 [INFO] DbMcusXml:77 - Set database path to: /opt/st/stm32cubeide_1.10.1/plugins/com.st.stm32cube.common.mx_6.6.1.202207061420//db//mcu/
2023-06-24 14:35:55,412 [INFO] ApiDb:269 - Set plugin database path to: /opt/st/stm32cubeide_1.10.1/plugins/com.st.stm32cube.common.mx_6.6.1.202207061420//db//plugins/boardmanager/
2023-06-24 14:35:55,412 [INFO] ApiDb:256 - Set plugin images path to: /opt/st/stm32cubeide_1.10.1/plugins/com.st.stm32cube.common.mx_6.6.1.202207061420//db//plugins/mcufinder/images/
2023-06-24 14:35:55,413 [WARN] DbFile:40 - Overriding database path with different value: /home/lue/.stmcufinder/plugins/mcufinder/ => /home/lue/.stmcufinder/plugins/mcufinder
2023-06-24 14:35:55,414 [INFO] ApiDb:249 - Set database path to: /home/lue/.stmcufinder/plugins/mcufinder//mcu/
2023-06-24 14:35:55,415 [WARN] DbFile:40 - Overriding database path with different value: /home/lue/.stmcufinder/plugins/mcufinder/ => /home/lue/.stmcufinder/plugins/mcufinder
2023-06-24 14:35:55,415 [INFO] DbMcusAds:124 - Set database path to: /home/lue/.stmcufinder/plugins/mcufinder//mcu/
2023-06-24 14:35:55,415 [WARN] DbFile:40 - Overriding database path with different value: /home/lue/.stmcufinder/plugins/mcufinder/ => /home/lue/.stmcufinder/plugins/mcufinder
2023-06-24 14:35:55,415 [WARN] DbFile:40 - Overriding database path with different value: /home/lue/.stmcufinder/plugins/mcufinder/ => /home/lue/.stmcufinder/plugins/mcufinder
2023-06-24 14:35:55,416 [INFO] CrossReferenceDbSqlite:201 - Set database path to: /home/lue/.stmcufinder/plugins/mcufinder//mcu/cs/
2023-06-24 14:35:55,436 [INFO] ApplicationProperties:181 - Using Application install path: /opt/st/stm32cubeide_1.10.1/plugins/com.st.stm32cube.common.mx_6.6.1.202207061420
2023-06-24 14:35:55,438 [INFO] PluginManage:193 - Search for loadable plugins [exclusion list=, ]
2023-06-24 14:35:55,440 [INFO] PluginManage:307 - Check plugin analytics
2023-06-24 14:36:05,629 [INFO] AnalyticsPlugin:262 - Accepted Software Licenses: 
2023-06-24 14:36:05,630 [INFO] AnalyticsPlugin:264 - Accepted CMSIS Pack Licenses: 
2023-06-24 14:36:05,631 [INFO] AnalyticsPlugin:266 - Accepted Firmware Licenses: 
2023-06-24 14:36:05,639 [INFO] PluginManage:356 - Loaded plugin analytics (category:tool,tabindex:-1)
2023-06-24 14:36:05,640 [INFO] PluginManage:307 - Check plugin cadmodel
2023-06-24 14:36:05,643 [INFO] CADModel:65 - Init CAD model plugin
2023-06-24 14:36:05,644 [INFO] PluginManage:356 - Loaded plugin cadmodel (category:power,tabindex:5)
2023-06-24 14:36:05,645 [INFO] PluginManage:307 - Check plugin clock
2023-06-24 14:36:05,655 [INFO] PluginManage:356 - Loaded plugin clock (category:base,tabindex:2)
2023-06-24 14:36:05,656 [INFO] PluginManage:307 - Check plugin ddr
2023-06-24 14:36:05,659 [INFO] PluginManage:356 - Loaded plugin ddr (category:tool,tabindex:6)
2023-06-24 14:36:05,659 [INFO] PluginManage:307 - Check plugin filemanager
2023-06-24 14:36:05,797 [INFO] PluginManage:356 - Loaded plugin filemanager (category:base,tabindex:10)
2023-06-24 14:36:05,797 [INFO] PluginManage:307 - Check plugin ipmanager
2023-06-24 14:36:05,803 [INFO] PluginManage:356 - Loaded plugin ipmanager (category:base,tabindex:5)
2023-06-24 14:36:05,803 [INFO] PluginManage:307 - Check plugin lpbam
2023-06-24 14:36:05,814 [INFO] PluginManage:356 - Loaded plugin lpbam (category:base,tabindex:0)
2023-06-24 14:36:05,814 [INFO] PluginManage:307 - Check plugin pinoutandconfiguration
2023-06-24 14:36:05,823 [INFO] PluginManage:356 - Loaded plugin pinoutandconfiguration (category:base,tabindex:1)
2023-06-24 14:36:05,823 [INFO] PluginManage:307 - Check plugin pinoutconfig
2023-06-24 14:36:05,863 [INFO] PluginManage:356 - Loaded plugin pinoutconfig (category:base,tabindex:0)
2023-06-24 14:36:05,864 [INFO] PluginManage:307 - Check plugin power
2023-06-24 14:36:05,875 [INFO] PluginManage:356 - Loaded plugin power (category:power,tabindex:4)
2023-06-24 14:36:05,876 [INFO] PluginManage:307 - Check plugin projectmanager
2023-06-24 14:36:05,899 [INFO] PluginManage:356 - Loaded plugin projectmanager (category:projectmanager,tabindex:3)
2023-06-24 14:36:05,899 [INFO] PluginManage:307 - Check plugin thirdparty
2023-06-24 14:36:06,029 [WARN] IntegrityCheckThread:82 - waiting for thirdparty lock release [integrity check]
2023-06-24 14:36:06,031 [INFO] PluginManage:356 - Loaded plugin thirdparty (category:base,tabindex:-1)
2023-06-24 14:36:06,031 [INFO] IntegrityCheckThread:84 - entering critical section [integrity check]
2023-06-24 14:36:06,032 [INFO] PluginManage:307 - Check plugin tools
2023-06-24 14:36:06,035 [INFO] ThirdPartyUpdaterWithRetryManager:70 - Updater plugin not ready yet. [1/15]
2023-06-24 14:36:06,036 [INFO] PluginManage:356 - Loaded plugin tools (category:base,tabindex:7)
2023-06-24 14:36:06,037 [INFO] PluginManage:307 - Check plugin tutovideos
2023-06-24 14:36:06,236 [INFO] PluginManage:356 - Loaded plugin tutovideos (category:base,tabindex:-1)
2023-06-24 14:36:06,237 [INFO] PluginManage:307 - Check plugin updater
2023-06-24 14:36:06,257 [INFO] PluginManage:356 - Loaded plugin updater (category:base,tabindex:12)
2023-06-24 14:36:06,258 [INFO] PluginManage:280 - PluginManage : Loaded plugins [15]
2023-06-24 14:36:06,567 [INFO] PinOutPanel:1468 - setPackage(No Configuration,No Configuration)
2023-06-24 14:36:06,637 [INFO] CADModel:98 - CPN selected for project level
2023-06-24 14:36:06,664 [INFO] IPUIPlugin:79 - create IPUIPlugin
2023-06-24 14:36:06,665 [INFO] PluginManager:217 - loadIPPluginJar : add ucpd
2023-06-24 14:36:06,667 [INFO] IPUIPlugin:79 - create IPUIPlugin
2023-06-24 14:36:06,668 [INFO] PluginManager:217 - loadIPPluginJar : add tracer_emb
2023-06-24 14:36:06,675 [INFO] IPUIPlugin:79 - create IPUIPlugin
2023-06-24 14:36:06,675 [INFO] PluginManager:217 - loadIPPluginJar : add hash
2023-06-24 14:36:06,685 [INFO] IPUIPlugin:79 - create IPUIPlugin
2023-06-24 14:36:06,690 [INFO] PluginManager:217 - loadIPPluginJar : add plateformsettings
2023-06-24 14:36:06,695 [INFO] IPUIPlugin:79 - create IPUIPlugin
2023-06-24 14:36:06,695 [INFO] PluginManager:217 - loadIPPluginJar : add sai
2023-06-24 14:36:06,698 [INFO] IPUIPlugin:79 - create IPUIPlugin
2023-06-24 14:36:06,698 [INFO] PluginManager:217 - loadIPPluginJar : add tim
2023-06-24 14:36:06,706 [INFO] IPUIPlugin:79 - create IPUIPlugin
2023-06-24 14:36:06,707 [INFO] PluginManager:217 - loadIPPluginJar : add fmc
2023-06-24 14:36:06,712 [INFO] IPUIPlugin:79 - create IPUIPlugin
2023-06-24 14:36:06,713 [INFO] PluginManager:217 - loadIPPluginJar : add stm32_wpan
2023-06-24 14:36:06,723 [INFO] IPUIPlugin:79 - create IPUIPlugin
2023-06-24 14:36:06,724 [INFO] PluginManager:217 - loadIPPluginJar : add gfxmmu
2023-06-24 14:36:06,727 [INFO] IPUIPlugin:79 - create IPUIPlugin
2023-06-24 14:36:06,729 [INFO] PluginManager:217 - loadIPPluginJar : add dma3
2023-06-24 14:36:06,732 [INFO] IPUIPlugin:79 - create IPUIPlugin
2023-06-24 14:36:06,733 [INFO] PluginManager:217 - loadIPPluginJar : add cryp
2023-06-24 14:36:06,735 [INFO] IPUIPlugin:79 - create IPUIPlugin
2023-06-24 14:36:06,735 [INFO] PluginManager:217 - loadIPPluginJar : add tsc
2023-06-24 14:36:06,738 [INFO] IPUIPlugin:79 - create IPUIPlugin
2023-06-24 14:36:06,739 [INFO] PluginManager:217 - loadIPPluginJar : add i2s
2023-06-24 14:36:06,743 [INFO] IPUIPlugin:79 - create IPUIPlugin
2023-06-24 14:36:06,743 [INFO] PluginManager:217 - loadIPPluginJar : add resmgrutility
2023-06-24 14:36:06,746 [INFO] IPUIPlugin:79 - create IPUIPlugin
2023-06-24 14:36:06,747 [INFO] PluginManager:217 - loadIPPluginJar : add dfsdm
2023-06-24 14:36:06,750 [INFO] IPUIPlugin:79 - create IPUIPlugin
2023-06-24 14:36:06,750 [INFO] PluginManager:217 - loadIPPluginJar : add lorawan
2023-06-24 14:36:06,758 [INFO] IPUIPlugin:79 - create IPUIPlugin
2023-06-24 14:36:06,758 [INFO] PluginManager:217 - loadIPPluginJar : add linkedlist
2023-06-24 14:36:06,764 [INFO] IPUIPlugin:79 - create IPUIPlugin
2023-06-24 14:36:06,765 [INFO] PluginManager:217 - loadIPPluginJar : add freertos
2023-06-24 14:36:06,767 [INFO] IPUIPlugin:79 - create IPUIPlugin
2023-06-24 14:36:06,767 [INFO] PluginManager:217 - loadIPPluginJar : add genericplugin
2023-06-24 14:36:06,771 [INFO] IPUIPlugin:79 - create IPUIPlugin
2023-06-24 14:36:06,772 [INFO] PluginManager:217 - loadIPPluginJar : add can
2023-06-24 14:36:06,774 [INFO] IPUIPlugin:79 - create IPUIPlugin
2023-06-24 14:36:06,774 [INFO] PluginManager:217 - loadIPPluginJar : add quadspi
2023-06-24 14:36:06,777 [INFO] IPUIPlugin:79 - create IPUIPlugin
2023-06-24 14:36:06,778 [INFO] PluginManager:217 - loadIPPluginJar : add aes
2023-06-24 14:36:06,788 [INFO] IPUIPlugin:79 - create IPUIPlugin
2023-06-24 14:36:06,789 [INFO] PluginManager:217 - loadIPPluginJar : add opamp
2023-06-24 14:36:06,792 [INFO] IPUIPlugin:79 - create IPUIPlugin
2023-06-24 14:36:06,793 [INFO] PluginManager:217 - loadIPPluginJar : add pdm2pcm
2023-06-24 14:36:06,795 [INFO] IPUIPlugin:79 - create IPUIPlugin
2023-06-24 14:36:06,796 [INFO] PluginManager:217 - loadIPPluginJar : add ltdc
2023-06-24 14:36:06,798 [INFO] IPUIPlugin:79 - create IPUIPlugin
2023-06-24 14:36:06,798 [INFO] PluginManager:217 - loadIPPluginJar : add fatfs
2023-06-24 14:36:06,824 [INFO] IPUIPlugin:79 - create IPUIPlugin
2023-06-24 14:36:06,825 [INFO] PluginManager:217 - loadIPPluginJar : add i2c
2023-06-24 14:36:06,833 [INFO] IPUIPlugin:79 - create IPUIPlugin
2023-06-24 14:36:06,834 [INFO] PluginManager:217 - loadIPPluginJar : add gic
2023-06-24 14:36:06,843 [INFO] IPUIPlugin:79 - create IPUIPlugin
2023-06-24 14:36:06,843 [INFO] PluginManager:217 - loadIPPluginJar : add adc
2023-06-24 14:36:06,847 [INFO] IPUIPlugin:79 - create IPUIPlugin
2023-06-24 14:36:06,848 [INFO] PluginManager:217 - loadIPPluginJar : add gtzc
2023-06-24 14:36:06,852 [INFO] IPUIPlugin:79 - create IPUIPlugin
2023-06-24 14:36:06,853 [INFO] PluginManager:217 - loadIPPluginJar : add touchsensing
2023-06-24 14:36:06,857 [INFO] IPUIPlugin:79 - create IPUIPlugin
2023-06-24 14:36:06,857 [INFO] PluginManager:217 - loadIPPluginJar : add usbx
2023-06-24 14:36:06,874 [INFO] IPUIPlugin:79 - create IPUIPlugin
2023-06-24 14:36:06,875 [INFO] PluginManager:217 - loadIPPluginJar : add gpio
2023-06-24 14:36:06,878 [INFO] IPUIPlugin:79 - create IPUIPlugin
2023-06-24 14:36:06,879 [INFO] PluginManager:217 - loadIPPluginJar : add spi
2023-06-24 14:36:06,882 [INFO] IPUIPlugin:79 - create IPUIPlugin
2023-06-24 14:36:06,883 [INFO] PluginManager:217 - loadIPPluginJar : add ipddr
2023-06-24 14:36:06,885 [INFO] IPUIPlugin:79 - create IPUIPlugin
2023-06-24 14:36:06,885 [INFO] PluginManager:217 - loadIPPluginJar : add comp
2023-06-24 14:36:06,888 [INFO] IPUIPlugin:79 - create IPUIPlugin
2023-06-24 14:36:06,889 [INFO] PluginManager:217 - loadIPPluginJar : add ts
2023-06-24 14:36:06,893 [INFO] IPUIPlugin:79 - create IPUIPlugin
2023-06-24 14:36:06,893 [INFO] PluginManager:217 - loadIPPluginJar : add usart
2023-06-24 14:36:06,897 [INFO] IPUIPlugin:79 - create IPUIPlugin
2023-06-24 14:36:06,898 [INFO] PluginManager:217 - loadIPPluginJar : add openamp
2023-06-24 14:36:06,908 [INFO] IPUIPlugin:79 - create IPUIPlugin
2023-06-24 14:36:06,908 [INFO] PluginManager:217 - loadIPPluginJar : add mdma
2023-06-24 14:36:06,912 [INFO] IPUIPlugin:79 - create IPUIPlugin
2023-06-24 14:36:06,913 [INFO] PluginManager:217 - loadIPPluginJar : add nvic
2023-06-24 14:36:06,919 [INFO] IPUIPlugin:79 - create IPUIPlugin
2023-06-24 14:36:06,919 [INFO] PluginManager:217 - loadIPPluginJar : add dma
2023-06-24 14:36:07,218 [FATAL] Updater:301 - Updater called before beeing initialized
2023-06-24 14:36:07,315 [FATAL] Updater:301 - Updater called before beeing initialized
2023-06-24 14:36:07,323 [INFO] DbMcusAds:52 - JSON generation date=Tue Mar 07 16:50:55 GMT+08:00 2023 (1678179055335)
2023-06-24 14:36:07,323 [FATAL] Updater:301 - Updater called before beeing initialized
2023-06-24 14:36:07,352 [WARN] DetailPanel:344 - Failed to get advertising image, set to default
2023-06-24 14:36:07,449 [FATAL] Updater:301 - Updater called before beeing initialized
2023-06-24 14:36:07,451 [FATAL] Updater:301 - Updater called before beeing initialized
2023-06-24 14:36:07,451 [FATAL] Updater:301 - Updater called before beeing initialized
2023-06-24 14:36:07,451 [WARN] DetailPanel:344 - Failed to get advertising image, set to default
2023-06-24 14:36:07,453 [FATAL] Updater:301 - Updater called before beeing initialized
2023-06-24 14:36:07,491 [ERROR] Updater:1105 - MainUpdater not yet initialized. External WinMGr cannot be set.
2023-06-24 14:36:07,494 [INFO] Updater:1041 - Updater Version found : 6.6.1
2023-06-24 14:36:07,511 [INFO] ApplicationProperties:181 - Using Application install path: /opt/st/stm32cubeide_1.10.1/plugins/com.st.stm32cube.common.mx_6.6.1.202207061420
2023-06-24 14:36:07,878 [INFO] MainUpdater:2768 - connection check result : 10
2023-06-24 14:36:07,879 [INFO] MainUpdater:3453 - Updater definition file requires update
2023-06-24 14:36:07,890 [INFO] MainUpdater:280 - Updater Check For Update Now.
2023-06-24 14:36:07,891 [INFO] MicroXplorer:481 - Change Database Version : DB.6.0.60
2023-06-24 14:36:07,973 [INFO] ServerAccessManage:474 - Download File updaters.zip
2023-06-24 14:36:08,142 [INFO] FileExtend:239 - Unzip File : updaters.zip
2023-06-24 14:36:08,143 [INFO] FileExtend:254 - Standard Zip Deflate
2023-06-24 14:36:08,313 [INFO] ServerAccessManage:474 - Download File PacksControlFlags.xml
2023-06-24 14:36:08,400 [INFO] ServerAccessManage:474 - Download File cubemx.pidx
2023-06-24 14:36:08,486 [INFO] LoadServerUpdatesThread:367 - End of LoadServerUpdate Thread
2023-06-24 14:36:08,647 [INFO] CheckServerUpdateThread:119 - End of CheckServer Thread
2023-06-24 14:36:08,705 [INFO] MainUpdater:2768 - connection check result : 10
2023-06-24 14:36:08,716 [INFO] MainUpdater:2768 - connection check result : 10
2023-06-24 14:36:08,757 [INFO] MicroXplorer:451 - Change Database Path : 
2023-06-24 14:36:08,758 [INFO] MicroXplorer:481 - Change Database Version : DB.6.0.60
2023-06-24 14:36:08,759 [WARN] ThirdParty:827 - waiting for thirdparty lock release [close project]
2023-06-24 14:36:09,154 [WARN] PackLoader:242 - Cannot read IP mode file for STMicroelectronics.X-CUBE-GNSS1.6.0.0
2023-06-24 14:36:09,184 [WARN] PackLoader:242 - Cannot read IP mode file for STMicroelectronics.X-CUBE-AZRTOS-F4.1.1.0
2023-06-24 14:36:09,195 [WARN] PackLoader:242 - Cannot read IP mode file for STMicroelectronics.X-CUBE-SMBUS.2.1.0
2023-06-24 14:36:09,224 [WARN] PackLoader:242 - Cannot read IP mode file for STMicroelectronics.X-CUBE-AZRTOS-F7.1.1.0
2023-06-24 14:36:09,286 [WARN] PackLoader:242 - Cannot read IP mode file for STMicroelectronics.X-CUBE-MEMS1.9.6.0
2023-06-24 14:36:09,502 [ERROR] RealEvaluatedCondition:433 - Found unsupported composite condition: GROUP='STM32_MetaDataManager' CLASS='Data Exchange'
2023-06-24 14:36:09,503 [ERROR] RealEvaluatedCondition:433 - Found unsupported composite condition: GROUP='STM32_MetaDataManager' CLASS='Data Exchange'
2023-06-24 14:36:09,504 [WARN] PackLoader:242 - Cannot read IP mode file for STMicroelectronics.FP-SNS-MOTENV1.4.3.1
2023-06-24 14:36:09,514 [WARN] PackLoader:242 - Cannot read IP mode file for STMicroelectronics.FP-SNS-FLIGHT1.5.0.1
2023-06-24 14:36:09,535 [WARN] PackLoader:242 - Cannot read IP mode file for STMicroelectronics.X-CUBE-BLE1.6.2.3
2023-06-24 14:36:09,540 [WARN] PackLoader:242 - Cannot read IP mode file for STMicroelectronics.X-CUBE-BLE1.6.2.4
2023-06-24 14:36:09,548 [WARN] PackLoader:242 - Cannot read IP mode file for STMicroelectronics.X-CUBE-BLEMGR.2.0.0
2023-06-24 14:36:09,554 [WARN] PackLoader:242 - Cannot read IP mode file for STMicroelectronics.X-CUBE-NFC4.2.0.4
2023-06-24 14:36:09,569 [WARN] ConditionMgr:437 - getConditionDescription Invalid condition id : UX DEVICE CLASS RTOS Condition cause : null
2023-06-24 14:36:09,570 [WARN] ConditionMgr:437 - getConditionDescription Invalid condition id : UX DEVICE CLASS RTOS Condition cause : null
2023-06-24 14:36:09,573 [WARN] PackLoader:242 - Cannot read IP mode file for STMicroelectronics.X-CUBE-AZRTOS-H7.3.1.0
2023-06-24 14:36:09,574 [WARN] ConditionMgr:1038 - genDependencies : Invalid condition id : UX DEVICE CLASS RTOS Condition cause : null
2023-06-24 14:36:09,575 [WARN] ConditionMgr:1038 - genDependencies : Invalid condition id : UX DEVICE CLASS RTOS Condition cause : null
2023-06-24 14:36:09,575 [WARN] ConditionMgr:1038 - genDependencies : Invalid condition id : UX DEVICE CLASS RTOS Condition cause : null
2023-06-24 14:36:09,576 [WARN] ConditionMgr:1038 - genDependencies : Invalid condition id : UX DEVICE CLASS RTOS Condition cause : null
2023-06-24 14:36:09,576 [WARN] ConditionMgr:1038 - genDependencies : Invalid condition id : UX DEVICE CLASS RTOS Condition cause : null
2023-06-24 14:36:09,584 [WARN] PackLoader:242 - Cannot read IP mode file for STMicroelectronics.X-CUBE-TOF1.3.1.0
2023-06-24 14:36:09,594 [WARN] PackLoader:242 - Cannot read IP mode file for STMicroelectronics.X-CUBE-DISPLAY.3.0.0
2023-06-24 14:36:09,615 [WARN] PackLoader:242 - Cannot read IP mode file for STMicroelectronics.X-CUBE-AZRTOS-F4.1.0.0
2023-06-24 14:36:09,624 [WARN] PackLoader:242 - Cannot read IP mode file for STMicroelectronics.X-CUBE-NFC7.1.0.1
2023-06-24 14:36:09,631 [WARN] PackLoader:242 - Cannot read IP mode file for STMicroelectronics.X-CUBE-NFC7.1.0.0
2023-06-24 14:36:09,663 [WARN] PackLoader:242 - Cannot read IP mode file for STMicroelectronics.X-CUBE-MEMS1.9.3.0
2023-06-24 14:36:09,842 [WARN] PackLoader:242 - Cannot read IP mode file for STMicroelectronics.X-CUBE-EEPRMA1.4.1.0
2023-06-24 14:36:09,846 [WARN] PackLoader:242 - Cannot read IP mode file for STMicroelectronics.X-CUBE-AI.7.2.0
2023-06-24 14:36:09,853 [INFO] LogOutputStream:76 - [STDOUT_REDIRECT] 1 : Invalid condition id : UX_CORESTACK_Condition cause : null
2023-06-24 14:36:09,854 [INFO] LogOutputStream:76 - [STDOUT_REDIRECT] 1 : Invalid condition id : UX_CORESTACK_Condition cause : null
2023-06-24 14:36:09,854 [INFO] LogOutputStream:76 - [STDOUT_REDIRECT] 1 : Invalid condition id : UX_CORESTACK_Condition cause : null
2023-06-24 14:36:09,854 [INFO] LogOutputStream:76 - [STDOUT_REDIRECT] 1 : Invalid condition id : UX_CORESTACK_Condition cause : null
2023-06-24 14:36:09,855 [INFO] LogOutputStream:76 - [STDOUT_REDIRECT] 1 : Invalid condition id : UX_CORESTACK_Condition cause : null
2023-06-24 14:36:09,857 [WARN] PackLoader:242 - Cannot read IP mode file for STMicroelectronics.X-CUBE-AZRTOS-WL.2.0.0
2023-06-24 14:36:09,874 [WARN] ConditionMgr:437 - getConditionDescription Invalid condition id : LAN8742 Phy interface Condition cause : null
2023-06-24 14:36:09,874 [WARN] PackLoader:242 - Cannot read IP mode file for STMicroelectronics.X-CUBE-AZRTOS-L4.2.0.0
2023-06-24 14:36:09,876 [WARN] ConditionMgr:1038 - genDependencies : Invalid condition id : LAN8742 Phy interface Condition cause : null
2023-06-24 14:36:09,876 [WARN] ConditionMgr:1038 - genDependencies : Invalid condition id : LAN8742 Phy interface Condition cause : null
2023-06-24 14:36:09,877 [WARN] ConditionMgr:1038 - genDependencies : Invalid condition id : LAN8742 Phy interface Condition cause : null
2023-06-24 14:36:09,885 [WARN] PackLoader:242 - Cannot read IP mode file for WES.I-CUBE-Cesium.1.3.0
2023-06-24 14:36:09,891 [WARN] PackLoader:242 - Cannot read IP mode file for STMicroelectronics.X-CUBE-SFXS2LP1.4.0.0
2023-06-24 14:36:09,896 [WARN] PackLoader:242 - Cannot read IP mode file for STMicroelectronics.X-CUBE-BLE2.3.3.0
2023-06-24 14:36:09,900 [WARN] PackLoader:242 - Cannot read IP mode file for STMicroelectronics.X-CUBE-DISPLAY.2.2.0
2023-06-24 14:36:09,906 [WARN] PackLoader:242 - Cannot read IP mode file for STMicroelectronics.X-CUBE-ISPU.1.0.0
2023-06-24 14:36:09,909 [WARN] PackLoader:242 - Cannot read IP mode file for STMicroelectronics.X-CUBE-ISPU.1.1.0
2023-06-24 14:36:09,914 [WARN] PackLoader:242 - Cannot read IP mode file for RoweBots.I-CUBE-UNISONRTOS.5.5.0-4
2023-06-24 14:36:09,932 [WARN] PackLoader:242 - Cannot read IP mode file for STMicroelectronics.X-CUBE-AZRTOS-H7.2.1.0
2023-06-24 14:36:09,940 [WARN] PackLoader:242 - Cannot read IP mode file for wolfSSL.I-CUBE-wolfSSL.5.4.0
2023-06-24 14:36:09,945 [WARN] PackLoader:242 - Cannot read IP mode file for STMicroelectronics.X-CUBE-FREERTOS.1.0.1
2023-06-24 14:36:09,950 [WARN] PackLoader:242 - Cannot read IP mode file for STMicroelectronics.X-CUBE-BLEMGR.1.0.0
2023-06-24 14:36:09,955 [WARN] PackLoader:242 - Cannot read IP mode file for STMicroelectronics.X-CUBE-TOUCHGFX.4.21.4
2023-06-24 14:36:09,959 [WARN] PackLoader:242 - Cannot read IP mode file for STMicroelectronics.X-CUBE-ALGOBUILD.1.3.0
2023-06-24 14:36:09,970 [WARN] PackLoader:242 - Cannot read IP mode file for STMicroelectronics.X-CUBE-AZRTOS-L5.1.1.0
2023-06-24 14:36:09,984 [WARN] PackLoader:242 - Cannot read IP mode file for STMicroelectronics.X-CUBE-AZRTOS-G0.1.1.0
2023-06-24 14:36:09,988 [WARN] PackLoader:242 - Cannot read IP mode file for STMicroelectronics.X-CUBE-AI.8.0.1
2023-06-24 14:36:09,995 [WARN] PackLoader:242 - Cannot read IP mode file for STMicroelectronics.X-CUBE-SUBG2.5.0.0
2023-06-24 14:36:10,016 [WARN] PackLoader:242 - Cannot read IP mode file for STMicroelectronics.X-CUBE-NFC4.3.0.0
2023-06-24 14:36:10,052 [WARN] PackLoader:242 - Cannot read IP mode file for SEGGER.I-CUBE-embOS.1.2.0
2023-06-24 14:36:10,104 [WARN] PackLoader:242 - Cannot read IP mode file for STMicroelectronics.X-CUBE-AZRTOS-G4.2.0.0
2023-06-24 14:36:10,112 [WARN] PackLoader:242 - Cannot read IP mode file for STMicroelectronics.X-CUBE-TOF1.3.3.0
2023-06-24 14:36:10,125 [WARN] PackLoader:242 - Cannot read IP mode file for STMicroelectronics.FP-ATR-ASTRA1.1.1.0
2023-06-24 14:36:10,137 [WARN] PackLoader:242 - Cannot read IP mode file for STMicroelectronics.X-CUBE-AZRTOS-G4.1.0.0
2023-06-24 14:36:10,143 [WARN] PackLoader:242 - Cannot read IP mode file for STMicroelectronics.FP-ATR-SIGFOX1.3.2.0
2023-06-24 14:36:10,157 [WARN] PackLoader:242 - Cannot read IP mode file for STMicroelectronics.X-CUBE-AZRTOS-L4.1.0.0
2023-06-24 14:36:10,163 [WARN] PackLoader:242 - Cannot read IP mode file for emotas.I-CUBE-CANOPEN.1.1.2
2023-06-24 14:36:10,166 [WARN] PackLoader:242 - Cannot read IP mode file for STMicroelectronics.X-CUBE-TOUCHGFX.4.20.0
2023-06-24 14:36:10,174 [WARN] PackLoader:242 - Cannot read IP mode file for STMicroelectronics.X-CUBE-AZRTOS-WL.1.0.0
2023-06-24 14:36:10,178 [WARN] PackLoader:242 - Cannot read IP mode file for portGmbH.I-Cube-SoM-uGOAL.1.1.0
2023-06-24 14:36:10,181 [WARN] PackLoader:242 - Cannot read IP mode file for STMicroelectronics.X-CUBE-ALS.1.0.1
2023-06-24 14:36:10,191 [WARN] PackLoader:242 - Cannot read IP mode file for STMicroelectronics.X-CUBE-AZRTOS-WB.1.1.0
2023-06-24 14:36:10,214 [WARN] PackLoader:242 - Cannot read IP mode file for SEGGER.I-CUBE-embOS.1.3.1
2023-06-24 14:36:10,282 [WARN] PackLoader:242 - Cannot read IP mode file for STMicroelectronics.X-CUBE-AZRTOS-L5.1.0.0
2023-06-24 14:36:10,287 [WARN] PackLoader:242 - Cannot read IP mode file for STMicroelectronics.X-CUBE-EEPRMA1.3.1.1
2023-06-24 14:36:10,291 [WARN] PackLoader:242 - Cannot read IP mode file for STMicroelectronics.FP-ATR-ASTRA1.2.0.0
2023-06-24 14:36:10,292 [INFO] ThirdParty:929 - Integrity check success = true
2023-06-24 14:36:10,292 [INFO] IntegrityCheckThread:98 - exiting critical section [integrity check]
2023-06-24 14:36:10,292 [INFO] IntegrityCheckThread:101 - End integrity checks thread
2023-06-24 14:36:10,293 [INFO] ThirdParty:829 - entering critical section [close project]
2023-06-24 14:36:10,295 [INFO] ThirdParty:839 - exiting critical section [close project]
2023-06-24 14:36:10,299 [INFO] PinOutPanel:1468 - setPackage(No Configuration,No Configuration)
2023-06-24 14:36:10,304 [INFO] UtilMem:74 - Begin LoadConfig() Used Memory: 365491136 Bytes (657457152)
2023-06-24 14:36:10,306 [INFO] MicroXplorer:451 - Change Database Path : 
2023-06-24 14:36:10,307 [INFO] MicroXplorer:481 - Change Database Version : DB.6.0.60
2023-06-24 14:36:10,307 [INFO] OpenFileManager:307 - Change cursor
2023-06-24 14:36:10,350 [INFO] Mcu:1922 - Initializing MCU STM32H7A3Z(G-I)Tx STM32H7A3ZITx STM32H7A3ZIT6
2023-06-24 14:36:12,562 [INFO] Context:654 - Trying to add GPIOservice into a context  which must be forbidden
2023-06-24 14:36:13,624 [WARN] ApiManager:308 - Cannot register API 'Board Extension:GNSS1A1' from pack STMicroelectronics.X-CUBE-GNSS1.6.0.0: no header file found
2023-06-24 14:36:13,625 [WARN] ApiManager:308 - Cannot register API 'Board Support:Custom' from pack STMicroelectronics.X-CUBE-GNSS1.6.0.0: no header file found
2023-06-24 14:36:13,625 [WARN] ApiManager:308 - Cannot register API 'Data Exchange:lib_gnss' from pack STMicroelectronics.X-CUBE-GNSS1.6.0.0: no header file found
2023-06-24 14:36:13,768 [WARN] ApiManager:308 - Cannot register API 'Board Extension:IKS01A3' from pack STMicroelectronics.X-CUBE-MEMS1.9.6.0: no header file found
2023-06-24 14:36:13,769 [WARN] ApiManager:308 - Cannot register API 'Board Extension:IKS01A2' from pack STMicroelectronics.X-CUBE-MEMS1.9.6.0: no header file found
2023-06-24 14:36:13,769 [WARN] ApiManager:308 - Cannot register API 'Board Extension:IKS02A1' from pack STMicroelectronics.X-CUBE-MEMS1.9.6.0: no header file found
2023-06-24 14:36:13,782 [WARN] ApiManager:308 - Cannot register API 'Wireless:BlueNRG-MS' from pack STMicroelectronics.X-CUBE-BLE1.6.2.3: no header file found
2023-06-24 14:36:13,784 [WARN] ApiManager:308 - Cannot register API 'Wireless:BlueNRG-MS' from pack STMicroelectronics.X-CUBE-BLE1.6.2.4: no header file found
2023-06-24 14:36:13,786 [INFO] RtosManager:488 - Registered RTOS mode: class=CMSIS, group=RTOS, mode=CMSIS_V1, owner=FREERTOS
2023-06-24 14:36:13,787 [INFO] RtosManager:488 - Registered RTOS mode: class=CMSIS, group=RTOS2, mode=CMSIS_V2, owner=FREERTOS
2023-06-24 14:36:13,787 [INFO] RtosManager:488 - Registered RTOS mode: class=RTOS, group=Core, mode=CMSIS_V1, owner=FREERTOS
2023-06-24 14:36:13,787 [INFO] RtosManager:488 - Registered RTOS mode: class=RTOS, group=Core, mode=CMSIS_V2, owner=FREERTOS
2023-06-24 14:36:13,787 [WARN] ModelIntegratedComponent:185 - Missing modes for component STMicroelectronics:FreeRTOS:0.0.1:STMicroelectronics:RTOS:FreeRTOS:Core:::10.2.0:
2023-06-24 14:36:13,792 [WARN] ApiManager:308 - Cannot register API 'Board Extension:S2868A1' from pack STMicroelectronics.X-CUBE-SUBG2.5.0.0: no header file found
2023-06-24 14:36:13,793 [WARN] ApiManager:308 - Cannot register API 'Board Extension:S2868A2' from pack STMicroelectronics.X-CUBE-SUBG2.5.0.0: no header file found
2023-06-24 14:36:13,793 [WARN] ApiManager:308 - Cannot register API 'Board Extension:S2915A1' from pack STMicroelectronics.X-CUBE-SUBG2.5.0.0: no header file found
2023-06-24 14:36:13,795 [WARN] ApiManager:308 - Cannot register API 'Board Extension:NFC04A1' from pack STMicroelectronics.X-CUBE-NFC4.3.0.0: no header file found
2023-06-24 14:36:13,803 [WARN] ApiManager:308 - Cannot register API 'Board Extension:NFC04A1' from pack STMicroelectronics.X-CUBE-NFC4.2.0.4: no header file found
2023-06-24 14:36:13,819 [WARN] ModelIntegratedComponent:64 - No mode defined for component null
2023-06-24 14:36:13,819 [WARN] ModelIntegratedComponent:64 - No mode defined for component null
2023-06-24 14:36:13,819 [WARN] ModelIntegratedComponent:64 - No mode defined for component null
2023-06-24 14:36:13,819 [WARN] ModelIntegratedComponent:64 - No mode defined for component null
2023-06-24 14:36:13,820 [WARN] ModelIntegratedComponent:64 - No mode defined for component null
2023-06-24 14:36:13,820 [WARN] ModelIntegratedComponent:64 - No mode defined for component null
2023-06-24 14:36:13,821 [WARN] ModelIntegratedComponent:64 - No mode defined for component null
2023-06-24 14:36:13,821 [WARN] ModelIntegratedComponent:64 - No mode defined for component null
2023-06-24 14:36:13,821 [WARN] ModelIntegratedComponent:64 - No mode defined for component null
2023-06-24 14:36:13,821 [WARN] ModelIntegratedComponent:64 - No mode defined for component null
2023-06-24 14:36:13,821 [WARN] ModelIntegratedComponent:64 - No mode defined for component null
2023-06-24 14:36:13,821 [WARN] ModelIntegratedComponent:64 - No mode defined for component null
2023-06-24 14:36:13,821 [WARN] ModelIntegratedComponent:64 - No mode defined for component null
2023-06-24 14:36:13,821 [WARN] ModelIntegratedComponent:64 - No mode defined for component null
2023-06-24 14:36:13,821 [WARN] ModelIntegratedComponent:64 - No mode defined for component null
2023-06-24 14:36:13,821 [WARN] ModelIntegratedComponent:64 - No mode defined for component null
2023-06-24 14:36:13,822 [WARN] ModelIntegratedComponent:64 - No mode defined for component null
2023-06-24 14:36:13,822 [WARN] ModelIntegratedComponent:64 - No mode defined for component null
2023-06-24 14:36:13,822 [WARN] ModelIntegratedComponent:64 - No mode defined for component null
2023-06-24 14:36:13,822 [WARN] ModelIntegratedComponent:64 - No mode defined for component null
2023-06-24 14:36:13,822 [WARN] ModelIntegratedComponent:64 - No mode defined for component null
2023-06-24 14:36:13,822 [WARN] ModelIntegratedComponent:64 - No mode defined for component null
2023-06-24 14:36:13,822 [WARN] ModelIntegratedComponent:64 - No mode defined for component null
2023-06-24 14:36:13,822 [WARN] ModelIntegratedComponent:64 - No mode defined for component null
2023-06-24 14:36:13,822 [WARN] ModelIntegratedComponent:64 - No mode defined for component null
2023-06-24 14:36:13,822 [WARN] ModelIntegratedComponent:64 - No mode defined for component null
2023-06-24 14:36:13,823 [WARN] ModelIntegratedComponent:64 - No mode defined for component null
2023-06-24 14:36:13,823 [WARN] ModelIntegratedComponent:64 - No mode defined for component null
2023-06-24 14:36:13,823 [WARN] ModelIntegratedComponent:64 - No mode defined for component null
2023-06-24 14:36:13,823 [WARN] ModelIntegratedComponent:64 - No mode defined for component null
2023-06-24 14:36:13,823 [WARN] ModelIntegratedComponent:64 - No mode defined for component null
2023-06-24 14:36:13,823 [WARN] ModelIntegratedComponent:64 - No mode defined for component null
2023-06-24 14:36:13,823 [WARN] ModelIntegratedComponent:64 - No mode defined for component null
2023-06-24 14:36:13,826 [WARN] ApiManager:308 - Cannot register API 'Board Extension:NFC07A1' from pack STMicroelectronics.X-CUBE-NFC7.1.0.1: no header file found
2023-06-24 14:36:13,827 [WARN] ApiManager:308 - Cannot register API 'Board Extension:NFC07A1' from pack STMicroelectronics.X-CUBE-NFC7.1.0.0: no header file found
2023-06-24 14:36:13,894 [WARN] ApiManager:308 - Cannot register API 'Board Extension:IKS01A3' from pack STMicroelectronics.X-CUBE-MEMS1.9.3.0: no header file found
2023-06-24 14:36:13,895 [WARN] ApiManager:308 - Cannot register API 'Board Extension:IKS01A2' from pack STMicroelectronics.X-CUBE-MEMS1.9.3.0: no header file found
2023-06-24 14:36:13,895 [WARN] ApiManager:308 - Cannot register API 'Board Extension:IKS02A1' from pack STMicroelectronics.X-CUBE-MEMS1.9.3.0: no header file found
2023-06-24 14:36:13,901 [WARN] ApiManager:308 - Cannot register API 'Board Extension:EEPRMA1' from pack STMicroelectronics.X-CUBE-EEPRMA1.4.1.0: no header file found
2023-06-24 14:36:13,901 [WARN] ApiManager:308 - Cannot register API 'Board Extension:EEPRMA2' from pack STMicroelectronics.X-CUBE-EEPRMA1.4.1.0: no header file found
2023-06-24 14:36:13,901 [WARN] ApiManager:308 - Cannot register API 'Board Extension:PGEEZ1' from pack STMicroelectronics.X-CUBE-EEPRMA1.4.1.0: no header file found
2023-06-24 14:36:13,901 [WARN] ApiManager:308 - Cannot register API 'Board Part:M24' from pack STMicroelectronics.X-CUBE-EEPRMA1.4.1.0: no header file found
2023-06-24 14:36:13,901 [WARN] ApiManager:308 - Cannot register API 'Board Part:M95' from pack STMicroelectronics.X-CUBE-EEPRMA1.4.1.0: no header file found
2023-06-24 14:36:13,901 [WARN] ApiManager:308 - Cannot register API 'Board Part:M95P32' from pack STMicroelectronics.X-CUBE-EEPRMA1.4.1.0: no header file found
2023-06-24 14:36:13,901 [WARN] ApiManager:308 - Cannot register API 'PGEEZ1:SPI' from pack STMicroelectronics.X-CUBE-EEPRMA1.4.1.0: no header file found
2023-06-24 14:36:13,901 [WARN] ApiManager:308 - Cannot register API 'PGEEZ1:QDSPI' from pack STMicroelectronics.X-CUBE-EEPRMA1.4.1.0: no header file found
2023-06-24 14:36:13,909 [WARN] ApiManager:308 - Cannot register API 'Board Extension:EEPRMA1' from pack STMicroelectronics.X-CUBE-EEPRMA1.3.1.1: no header file found
2023-06-24 14:36:13,909 [WARN] ApiManager:308 - Cannot register API 'Board Extension:EEPRMA2' from pack STMicroelectronics.X-CUBE-EEPRMA1.3.1.1: no header file found
2023-06-24 14:36:13,912 [WARN] ApiManager:308 - Cannot register API 'Board Extension:S2868A1' from pack STMicroelectronics.X-CUBE-SFXS2LP1.4.0.0: no header file found
2023-06-24 14:36:13,912 [WARN] ApiManager:308 - Cannot register API 'Board Extension:S2868A2' from pack STMicroelectronics.X-CUBE-SFXS2LP1.4.0.0: no header file found
2023-06-24 14:36:13,913 [WARN] ApiManager:308 - Cannot register API 'Board Extension:S2915A1' from pack STMicroelectronics.X-CUBE-SFXS2LP1.4.0.0: no header file found
2023-06-24 14:36:13,913 [WARN] ApiManager:308 - Cannot register API 'Wireless:BlueNRG-2' from pack STMicroelectronics.X-CUBE-BLE2.3.3.0: no header file found
2023-06-24 14:36:13,927 [INFO] ThirdPartyModel:289 - Start build external matchings
2023-06-24 14:36:14,473 [INFO] ThirdPartyModel:302 - End build external matchings
2023-06-24 14:36:14,983 [INFO] UtilMem:74 - End LoadConfig() Used Memory: 453517024 Bytes (657457152)
2023-06-24 14:36:15,065 [INFO] ApiDb:576 - Connected to CubeFinder SQLite database (/home/lue/.stmcufinder/plugins/mcufinder/mcu/cube-finder-db.db)
2023-06-24 14:36:15,112 [INFO] ApiDb:663 - CubeFinder database Data Model version=2.1
2023-06-24 14:36:15,112 [INFO] ApiDb:664 - CubeFinder database Configuration version=3.0.35
2023-06-24 14:36:15,113 [INFO] ApiDb:665 - CubeFinder database generation date=2023-05-12 (1683877179)
2023-06-24 14:36:15,113 [INFO] ApiDb:666 - CubeFinder database FW Pack versions=[FP-ATR-ASTRA1_V2.0.0, FP-SNS-FLIGHT1_V5.0.0, FP-SNS-MOTENV1_V4.3.0, STM32Cube_FW_C0_V1.0.1, STM32Cube_FW_F0_V1.11.4, STM32Cube_FW_F3_V1.11.4, STM32Cube_FW_F4_V1.27.1, STM32Cube_FW_F7_V1.17.0, STM32Cube_FW_G0_V1.6.1, STM32Cube_FW_G4_V1.5.1, STM32Cube_FW_H5_V0.5.1, STM32Cube_FW_H5_V1.0.0, STM32Cube_FW_H7_V1.11.0, STM32Cube_FW_L0_V1.12.2, STM32Cube_FW_L5_V1.5.0, STM32Cube_FW_U5_V1.2.0, STM32Cube_FW_WBA_V1.0.0, STM32Cube_FW_WBA_V1.0.0RC1, STM32Cube_FW_WBA_V1.0.0RC3, STM32Cube_FW_WB_V1.15.0RC1, STM32Cube_FW_WB_V1.16.0, STM32Cube_FW_WB_V1.16.0RC2, STM32Cube_FW_WL_V1.3.0, X-CUBE-ALGOBUILD_V1.3.0, X-CUBE-ALS_V1.0.1, X-CUBE-AZRTOS-F4_V1.1.0, X-CUBE-AZRTOS-F7_V1.1.0, X-CUBE-AZRTOS-G0_V1.1.0, X-CUBE-AZRTOS-G4_V2.0.0, X-CUBE-AZRTOS-H7_V3.1.0, X-CUBE-AZRTOS-L4_V1.0.0, X-CUBE-AZRTOS-L5_V1.1.0, X-CUBE-AZRTOS-WB_V1.1.0, X-CUBE-AZRTOS-WL_V1.0.0, X-CUBE-BLE1_V6.2.4, X-CUBE-BLE2_V3.3.0, X-CUBE-BLEMGR_V2.0.0, X-CUBE-EEPRMA1_V4.1.0, X-CUBE-FREERTOS_V1.0.1, X-CUBE-GNSS1_V6.0.0, X-CUBE-MEMS1_V9.1.0, X-CUBE-MEMS1_V9.4.0, X-CUBE-MEMS1_V9.6.0, X-CUBE-NFC4_V3.0.0, X-CUBE-NFC7_V1.0.0, X-CUBE-SFXS2LP1_V4.0.0, X-CUBE-SUBG2_V5.0.0]
2023-06-24 14:36:17,113 [INFO] ApiDb:239 - Found 138 in-development CPN: [B-WB1M-WPAN1, NUCLEO-C031C6, STEVAL-STWINBX1, STM320518-EVAL, STM32C0116-DK, STM32C011D6Y3TR, STM32C011D6Y6TR, STM32C011F4P3, STM32C011F4P6, STM32C011F4U3, STM32C011F4U6TR, STM32C011F6P3, STM32C011F6P6, STM32C011F6U3, STM32C011F6U6TR, STM32C011J4M3, STM32C011J4M6, STM32C011J6M3, STM32C011J6M6, STM32C0316-DK, STM32C031C4T3, STM32C031C4T6, STM32C031C4U3, STM32C031C4U6, STM32C031C6T3, STM32C031C6T6, STM32C031C6U3, STM32C031C6U6, STM32C031F4P3, STM32C031F4P6, STM32C031F6P3, STM32C031F6P6, STM32C031G4U3, STM32C031G4U6, STM32C031G6U3, STM32C031G6U6, STM32C031K4T3, STM32C031K4T6, STM32C031K4U3, STM32C031K4U6, STM32C031K6T3, STM32C031K6T6, STM32C031K6U3, STM32C031K6U6, STM32G071K8TXN, STM32G071K8UXN, STM32G081GBU6N, STM32G081KBT6N, STM32G081KBUXN, STM32G0B1CCT6N, STM32G0B1KCT6, STM32G0B1NEY6TR, STM32G0B1RCT6N, STM32G0C1CCT6, STM32G0C1CCT6N, STM32G0C1CCU6N, STM32G0C1CET6N, STM32G0C1CEU6N, STM32G0C1KCT6, STM32G0C1NEY6TR, STM32G0C1RCI6N, STM32G0C1RCT6N, STM32G0C1REI6N, STM32G0C1RET6N, STM32G0C1VCI6, STM32G0C1VEI6, STM32G471CCT6, STM32G471CCU6, STM32G471CET3, STM32G471CET6, STM32G471CEU3, STM32G471CEU6, STM32G471MCT6, STM32G471MET3, STM32G471MET6, STM32G471MEY6TR, STM32G471QCT6, STM32G471QET3, STM32G471RCT6, STM32G471RET3, STM32G471RET6, STM32G471VCH6, STM32G471VCI6, STM32G471VCT6, STM32G471VEH3, STM32G471VEH6, STM32G471VEI3, STM32G471VEI6, STM32G471VET3, STM32G471VET6, STM32G474CCT6, STM32L476VGY6PTR, STM32L4R5QGI6STR, STM32MP131AAE3, STM32MP131AAF3, STM32MP131AAG3, STM32MP131CAE3, STM32MP131CAF3, STM32MP131CAG3, STM32MP131DAE7, STM32MP131DAF7, STM32MP131DAG7, STM32MP131FAE7, STM32MP131FAF7, STM32MP131FAG7, STM32MP133AAE3, STM32MP133AAF3, STM32MP133AAG3, STM32MP133CAE3, STM32MP133CAF3, STM32MP133CAG3, STM32MP133DAE7, STM32MP133DAF7, STM32MP133DAG7, STM32MP133FAE7, STM32MP133FAF7, STM32MP133FAG7, STM32MP135AAE3, STM32MP135AAF3, STM32MP135AAG3, STM32MP135CAE3, STM32MP135CAF3, STM32MP135CAG3, STM32MP135DAE7, STM32MP135DAF7, STM32MP135DAG7, STM32MP135F-DK, STM32MP135FAE7, STM32MP135FAF7, STM32MP135FAG7, STM32U595ZJT6Q, STM32U599BJY6QTR, STM32U599NIH6Q, STM32U599NJH6Q, STM32U5A5ZJT6Q, STM32U5A9BJY6QTR, STM32U5A9NJH6Q, STM32WB1MMCH6]
2023-06-24 14:36:17,117 [INFO] DbMcus:215 - Found 3678 MCUs, 3678 are supported
2023-06-24 14:36:17,119 [INFO] ApiDb:418 - Load user favorites file /home/lue/.stm32cubeide/favorites.mcus.txt: 0 item(s)
2023-06-24 14:36:17,120 [INFO] ApiDb:422 - User favorites MCUs=[]
2023-06-24 14:36:17,121 [INFO] DbMcus:221 - Set 0 / 0 favorites MCUs
2023-06-24 14:36:17,221 [WARN] ThirdParty:789 - waiting for thirdparty lock release [change project]
2023-06-24 14:36:17,222 [INFO] ThirdParty:791 - entering critical section [change project]
2023-06-24 14:36:17,222 [INFO] ThirdParty:981 - CMSIS Pack Vendor :STMicroelectronics X-CUBE-ISPU 1.1.0
2023-06-24 14:36:17,222 [INFO] ThirdParty:981 - CMSIS Pack Vendor :RoweBots I-CUBE-UNISONRTOS 5.5.0-4
2023-06-24 14:36:17,222 [INFO] ThirdParty:981 - CMSIS Pack Vendor :STMicroelectronics X-CUBE-GNSS1 6.0.0
2023-06-24 14:36:17,222 [INFO] ThirdParty:981 - CMSIS Pack Vendor :STMicroelectronics X-CUBE-AZRTOS-H7 2.1.0
2023-06-24 14:36:17,223 [INFO] ThirdParty:981 - CMSIS Pack Vendor :STMicroelectronics USB_HOST 2.0.0
2023-06-24 14:36:17,223 [INFO] ThirdParty:981 - CMSIS Pack Vendor :STMicroelectronics X-CUBE-AZRTOS-F4 1.1.0
2023-06-24 14:36:17,223 [INFO] ThirdParty:981 - CMSIS Pack Vendor :STMicroelectronics LIBJPEG 8.0.0
2023-06-24 14:36:17,223 [INFO] ThirdParty:981 - CMSIS Pack Vendor :wolfSSL I-CUBE-wolfSSL 5.4.0
2023-06-24 14:36:17,223 [INFO] ThirdParty:981 - CMSIS Pack Vendor :STMicroelectronics X-CUBE-SMBUS 2.1.0
2023-06-24 14:36:17,223 [INFO] ThirdParty:981 - CMSIS Pack Vendor :STMicroelectronics USB_DEVICE 3.0.0
2023-06-24 14:36:17,223 [INFO] ThirdParty:981 - CMSIS Pack Vendor :STMicroelectronics X-CUBE-FREERTOS 1.0.1
2023-06-24 14:36:17,223 [INFO] ThirdParty:981 - CMSIS Pack Vendor :STMicroelectronics X-CUBE-BLEMGR 1.0.0
2023-06-24 14:36:17,223 [INFO] ThirdParty:981 - CMSIS Pack Vendor :STMicroelectronics X-CUBE-AZRTOS-F7 1.1.0
2023-06-24 14:36:17,223 [INFO] ThirdParty:981 - CMSIS Pack Vendor :STMicroelectronics X-CUBE-TOUCHGFX 4.21.4
2023-06-24 14:36:17,223 [INFO] ThirdParty:981 - CMSIS Pack Vendor :STMicroelectronics USB_DEVICE 2.0.0
2023-06-24 14:36:17,223 [INFO] ThirdParty:981 - CMSIS Pack Vendor :STMicroelectronics X-CUBE-MEMS1 9.6.0
2023-06-24 14:36:17,223 [INFO] ThirdParty:981 - CMSIS Pack Vendor :STMicroelectronics FP-SNS-MOTENV1 4.3.1
2023-06-24 14:36:17,223 [INFO] ThirdParty:981 - CMSIS Pack Vendor :STMicroelectronics FP-SNS-FLIGHT1 5.0.1
2023-06-24 14:36:17,223 [INFO] ThirdParty:981 - CMSIS Pack Vendor :STMicroelectronics X-CUBE-BLE1 6.2.3
2023-06-24 14:36:17,224 [INFO] ThirdParty:981 - CMSIS Pack Vendor :STMicroelectronics X-CUBE-ALGOBUILD 1.3.0
2023-06-24 14:36:17,224 [INFO] ThirdParty:981 - CMSIS Pack Vendor :STMicroelectronics X-CUBE-BLE1 6.2.4
2023-06-24 14:36:17,224 [INFO] ThirdParty:981 - CMSIS Pack Vendor :STMicroelectronics X-CUBE-AZRTOS-L5 1.1.0
2023-06-24 14:36:17,224 [INFO] ThirdParty:981 - CMSIS Pack Vendor :STMicroelectronics FreeRTOS 0.0.1
2023-06-24 14:36:17,224 [INFO] ThirdParty:981 - CMSIS Pack Vendor :STMicroelectronics X-CUBE-AZRTOS-G0 1.1.0
2023-06-24 14:36:17,224 [INFO] ThirdParty:981 - CMSIS Pack Vendor :STMicroelectronics X-CUBE-BLEMGR 2.0.0
2023-06-24 14:36:17,224 [INFO] ThirdParty:981 - CMSIS Pack Vendor :STMicroelectronics X-CUBE-AI 8.0.1
2023-06-24 14:36:17,224 [INFO] ThirdParty:981 - CMSIS Pack Vendor :STMicroelectronics X-CUBE-SUBG2 5.0.0
2023-06-24 14:36:17,224 [INFO] ThirdParty:981 - CMSIS Pack Vendor :STMicroelectronics X-CUBE-NFC4 3.0.0
2023-06-24 14:36:17,224 [INFO] ThirdParty:981 - CMSIS Pack Vendor :SEGGER I-CUBE-embOS 1.2.0
2023-06-24 14:36:17,224 [INFO] ThirdParty:981 - CMSIS Pack Vendor :STMicroelectronics STM32_WPAN 1.0.0
2023-06-24 14:36:17,224 [INFO] ThirdParty:981 - CMSIS Pack Vendor :STMicroelectronics lwIP 2.0.3
2023-06-24 14:36:17,225 [INFO] ThirdParty:981 - CMSIS Pack Vendor :STMicroelectronics X-CUBE-NFC4 2.0.4
2023-06-24 14:36:17,225 [INFO] ThirdParty:981 - CMSIS Pack Vendor :STMicroelectronics USB_HOST 1.0.0
2023-06-24 14:36:17,225 [INFO] ThirdParty:981 - CMSIS Pack Vendor :STMicroelectronics X-CUBE-AZRTOS-G4 2.0.0
2023-06-24 14:36:17,225 [INFO] ThirdParty:981 - CMSIS Pack Vendor :STMicroelectronics PDM2PCM 3.1.0
2023-06-24 14:36:17,225 [INFO] ThirdParty:981 - CMSIS Pack Vendor :STMicroelectronics X-CUBE-AZRTOS-H7 3.1.0
2023-06-24 14:36:17,225 [INFO] ThirdParty:981 - CMSIS Pack Vendor :STMicroelectronics X-CUBE-TOF1 3.3.0
2023-06-24 14:36:17,225 [INFO] ThirdParty:981 - CMSIS Pack Vendor :STMicroelectronics PDM2PCM 3.3.0
2023-06-24 14:36:17,225 [INFO] ThirdParty:981 - CMSIS Pack Vendor :STMicroelectronics X-CUBE-TOF1 3.1.0
2023-06-24 14:36:17,225 [INFO] ThirdParty:981 - CMSIS Pack Vendor :STMicroelectronics FP-ATR-ASTRA1 1.1.0
2023-06-24 14:36:17,225 [INFO] ThirdParty:981 - CMSIS Pack Vendor :STMicroelectronics X-CUBE-DISPLAY 3.0.0
2023-06-24 14:36:17,225 [INFO] ThirdParty:981 - CMSIS Pack Vendor :STMicroelectronics X-CUBE-AZRTOS-F4 1.0.0
2023-06-24 14:36:17,225 [INFO] ThirdParty:981 - CMSIS Pack Vendor :STMicroelectronics X-CUBE-AZRTOS-G4 1.0.0
2023-06-24 14:36:17,225 [INFO] ThirdParty:981 - CMSIS Pack Vendor :STMicroelectronics FP-ATR-SIGFOX1 3.2.0
2023-06-24 14:36:17,225 [INFO] ThirdParty:981 - CMSIS Pack Vendor :STMicroelectronics X-CUBE-AZRTOS-L4 1.0.0
2023-06-24 14:36:17,226 [INFO] ThirdParty:981 - CMSIS Pack Vendor :STMicroelectronics HAL Drivers 0.0.0
2023-06-24 14:36:17,226 [INFO] ThirdParty:981 - CMSIS Pack Vendor :STMicroelectronics MBEDTLS 2.16.2
2023-06-24 14:36:17,226 [INFO] ThirdParty:981 - CMSIS Pack Vendor :emotas I-CUBE-CANOPEN 1.1.2
2023-06-24 14:36:17,226 [INFO] ThirdParty:981 - CMSIS Pack Vendor :STMicroelectronics X-CUBE-TOUCHGFX 4.20.0
2023-06-24 14:36:17,226 [INFO] ThirdParty:981 - CMSIS Pack Vendor :STMicroelectronics X-CUBE-NFC7 1.0.1
2023-06-24 14:36:17,226 [INFO] ThirdParty:981 - CMSIS Pack Vendor :STMicroelectronics MBEDTLS 2.14.1
2023-06-24 14:36:17,226 [INFO] ThirdParty:981 - CMSIS Pack Vendor :STMicroelectronics X-CUBE-NFC7 1.0.0
2023-06-24 14:36:17,226 [INFO] ThirdParty:981 - CMSIS Pack Vendor :STMicroelectronics X-CUBE-AZRTOS-WL 1.0.0
2023-06-24 14:36:17,226 [INFO] ThirdParty:981 - CMSIS Pack Vendor :STMicroelectronics X-CUBE-MEMS1 9.3.0
2023-06-24 14:36:17,226 [INFO] ThirdParty:981 - CMSIS Pack Vendor :STMicroelectronics X-CUBE-EEPRMA1 4.1.0
2023-06-24 14:36:17,226 [INFO] ThirdParty:981 - CMSIS Pack Vendor :portGmbH I-Cube-SoM-uGOAL 1.1.0
2023-06-24 14:36:17,226 [INFO] ThirdParty:981 - CMSIS Pack Vendor :STMicroelectronics X-CUBE-ALS 1.0.1
2023-06-24 14:36:17,226 [INFO] ThirdParty:981 - CMSIS Pack Vendor :STMicroelectronics X-CUBE-AI 7.2.0
2023-06-24 14:36:17,226 [INFO] ThirdParty:981 - CMSIS Pack Vendor :STMicroelectronics ThreadX 1.0.0
2023-06-24 14:36:17,226 [INFO] ThirdParty:981 - CMSIS Pack Vendor :STMicroelectronics X-CUBE-AZRTOS-WB 1.1.0
2023-06-24 14:36:17,227 [INFO] ThirdParty:981 - CMSIS Pack Vendor :STMicroelectronics X-CUBE-AZRTOS-WL 2.0.0
2023-06-24 14:36:17,227 [INFO] ThirdParty:981 - CMSIS Pack Vendor :SEGGER I-CUBE-embOS 1.3.1
2023-06-24 14:36:17,227 [INFO] ThirdParty:981 - CMSIS Pack Vendor :STMicroelectronics X-CUBE-AZRTOS-L5 1.0.0
2023-06-24 14:36:17,227 [INFO] ThirdParty:981 - CMSIS Pack Vendor :STMicroelectronics USB_DEVICE 1.0.0
2023-06-24 14:36:17,227 [INFO] ThirdParty:981 - CMSIS Pack Vendor :STMicroelectronics X-CUBE-EEPRMA1 3.1.1
2023-06-24 14:36:17,227 [INFO] ThirdParty:981 - CMSIS Pack Vendor :STMicroelectronics X-CUBE-AZRTOS-L4 2.0.0
2023-06-24 14:36:17,227 [INFO] ThirdParty:981 - CMSIS Pack Vendor :STMicroelectronics ThreadX 0.0.2
2023-06-24 14:36:17,227 [INFO] ThirdParty:981 - CMSIS Pack Vendor :WES I-CUBE-Cesium 1.3.0
2023-06-24 14:36:17,227 [INFO] ThirdParty:981 - CMSIS Pack Vendor :STMicroelectronics FP-ATR-ASTRA1 2.0.0
2023-06-24 14:36:17,227 [INFO] ThirdParty:981 - CMSIS Pack Vendor :STMicroelectronics lwIP 2.1.2
2023-06-24 14:36:17,227 [INFO] ThirdParty:981 - CMSIS Pack Vendor :STMicroelectronics X-CUBE-SFXS2LP1 4.0.0
2023-06-24 14:36:17,227 [INFO] ThirdParty:981 - CMSIS Pack Vendor :STMicroelectronics X-CUBE-BLE2 3.3.0
2023-06-24 14:36:17,227 [INFO] ThirdParty:981 - CMSIS Pack Vendor :STMicroelectronics X-CUBE-DISPLAY 2.2.0
2023-06-24 14:36:17,227 [INFO] ThirdParty:981 - CMSIS Pack Vendor :STMicroelectronics PDM2PCM 3.2.0
2023-06-24 14:36:17,227 [INFO] ThirdParty:981 - CMSIS Pack Vendor :STMicroelectronics X-CUBE-ISPU 1.0.0
2023-06-24 14:36:17,228 [INFO] ThirdParty:797 - exiting critical section [change project]
2023-06-24 14:36:18,075 [INFO] PinOutPanel:1468 - setPackage(No Configuration,No Configuration)
2023-06-24 14:36:18,077 [INFO] PinOutPanel:1468 - setPackage(STM32H7A3ZITx,LQFP144)
2023-06-24 14:36:19,012 [INFO] UtilMem:74 - Before build in PCC Used Memory: 466989408 Bytes (657457152)
2023-06-24 14:36:20,145 [INFO] UtilMem:74 - After build in PCC Used Memory: 535631144 Bytes (657457152)
2023-06-24 14:36:20,196 [INFO] IPUIPlugin:79 - create IPUIPlugin
2023-06-24 14:36:20,196 [INFO] IPUIPlugin:79 - create IPUIPlugin
2023-06-24 14:36:20,196 [INFO] IPUIPlugin:79 - create IPUIPlugin
2023-06-24 14:36:20,196 [INFO] IPUIPlugin:79 - create IPUIPlugin
2023-06-24 14:36:20,197 [INFO] IPUIPlugin:79 - create IPUIPlugin
2023-06-24 14:36:20,197 [INFO] IPUIPlugin:79 - create IPUIPlugin
2023-06-24 14:36:20,197 [INFO] IPUIPlugin:79 - create IPUIPlugin
2023-06-24 14:36:20,197 [INFO] IPUIPlugin:79 - create IPUIPlugin
2023-06-24 14:36:20,197 [INFO] IPUIPlugin:79 - create IPUIPlugin
2023-06-24 14:36:20,198 [INFO] IPUIPlugin:79 - create IPUIPlugin
2023-06-24 14:36:20,198 [INFO] IPUIPlugin:79 - create IPUIPlugin
2023-06-24 14:36:20,198 [INFO] IPUIPlugin:79 - create IPUIPlugin
2023-06-24 14:36:20,198 [INFO] IPUIPlugin:79 - create IPUIPlugin
2023-06-24 14:36:20,198 [INFO] IPUIPlugin:79 - create IPUIPlugin
2023-06-24 14:36:20,198 [INFO] IPUIPlugin:79 - create IPUIPlugin
2023-06-24 14:36:20,199 [INFO] IPUIPlugin:79 - create IPUIPlugin
2023-06-24 14:36:20,199 [INFO] IPUIPlugin:79 - create IPUIPlugin
2023-06-24 14:36:20,199 [INFO] IPUIPlugin:79 - create IPUIPlugin
2023-06-24 14:36:20,199 [INFO] IPUIPlugin:79 - create IPUIPlugin
2023-06-24 14:36:20,199 [INFO] IPUIPlugin:79 - create IPUIPlugin
2023-06-24 14:36:20,200 [INFO] IPUIPlugin:79 - create IPUIPlugin
2023-06-24 14:36:20,200 [INFO] IPUIPlugin:79 - create IPUIPlugin
2023-06-24 14:36:20,200 [INFO] IPUIPlugin:79 - create IPUIPlugin
2023-06-24 14:36:20,200 [INFO] IPUIPlugin:79 - create IPUIPlugin
2023-06-24 14:36:20,200 [INFO] IPUIPlugin:79 - create IPUIPlugin
2023-06-24 14:36:20,200 [INFO] IPUIPlugin:79 - create IPUIPlugin
2023-06-24 14:36:20,201 [INFO] IPUIPlugin:79 - create IPUIPlugin
2023-06-24 14:36:20,201 [INFO] IPUIPlugin:79 - create IPUIPlugin
2023-06-24 14:36:20,201 [INFO] IPUIPlugin:79 - create IPUIPlugin
2023-06-24 14:36:20,201 [INFO] IPUIPlugin:79 - create IPUIPlugin
2023-06-24 14:36:20,201 [INFO] IPUIPlugin:79 - create IPUIPlugin
2023-06-24 14:36:20,201 [INFO] IPUIPlugin:79 - create IPUIPlugin
2023-06-24 14:36:20,201 [INFO] IPUIPlugin:79 - create IPUIPlugin
2023-06-24 14:36:20,202 [INFO] IPUIPlugin:79 - create IPUIPlugin
2023-06-24 14:36:20,202 [INFO] IPUIPlugin:79 - create IPUIPlugin
2023-06-24 14:36:20,202 [INFO] IPUIPlugin:79 - create IPUIPlugin
2023-06-24 14:36:20,202 [INFO] IPUIPlugin:79 - create IPUIPlugin
2023-06-24 14:36:20,203 [INFO] IPUIPlugin:79 - create IPUIPlugin
2023-06-24 14:36:20,203 [INFO] IPUIPlugin:79 - create IPUIPlugin
2023-06-24 14:36:20,204 [INFO] IPUIPlugin:79 - create IPUIPlugin
2023-06-24 14:36:20,204 [INFO] IPUIPlugin:79 - create IPUIPlugin
2023-06-24 14:36:20,204 [INFO] IPUIPlugin:79 - create IPUIPlugin
2023-06-24 14:36:20,204 [INFO] IPUIPlugin:79 - create IPUIPlugin
2023-06-24 14:36:20,205 [INFO] IPUIPlugin:79 - create IPUIPlugin
2023-06-24 14:36:20,205 [INFO] IPUIPlugin:79 - create IPUIPlugin
2023-06-24 14:36:20,205 [INFO] IPUIPlugin:79 - create IPUIPlugin
2023-06-24 14:36:20,206 [INFO] IPUIPlugin:79 - create IPUIPlugin
2023-06-24 14:36:20,206 [INFO] IPUIPlugin:79 - create IPUIPlugin
2023-06-24 14:36:20,206 [INFO] IPUIPlugin:79 - create IPUIPlugin
2023-06-24 14:36:20,206 [INFO] IPUIPlugin:79 - create IPUIPlugin
2023-06-24 14:36:20,207 [INFO] IPUIPlugin:79 - create IPUIPlugin
2023-06-24 14:36:20,207 [INFO] IPUIPlugin:79 - create IPUIPlugin
2023-06-24 14:36:20,207 [INFO] IPUIPlugin:79 - create IPUIPlugin
2023-06-24 14:36:20,208 [INFO] IPUIPlugin:79 - create IPUIPlugin
2023-06-24 14:36:20,208 [INFO] IPUIPlugin:79 - create IPUIPlugin
2023-06-24 14:36:20,208 [INFO] IPUIPlugin:79 - create IPUIPlugin
2023-06-24 14:36:20,209 [INFO] IPUIPlugin:79 - create IPUIPlugin
2023-06-24 14:36:20,209 [INFO] IPUIPlugin:79 - create IPUIPlugin
2023-06-24 14:36:20,209 [INFO] IPUIPlugin:79 - create IPUIPlugin
2023-06-24 14:36:20,209 [INFO] IPUIPlugin:79 - create IPUIPlugin
2023-06-24 14:36:20,210 [INFO] IPUIPlugin:79 - create IPUIPlugin
2023-06-24 14:36:20,210 [INFO] IPUIPlugin:79 - create IPUIPlugin
2023-06-24 14:36:20,210 [INFO] IPUIPlugin:79 - create IPUIPlugin
2023-06-24 14:36:20,210 [INFO] IPUIPlugin:79 - create IPUIPlugin
2023-06-24 14:36:20,211 [INFO] IPUIPlugin:79 - create IPUIPlugin
2023-06-24 14:36:20,211 [INFO] IPUIPlugin:79 - create IPUIPlugin
2023-06-24 14:36:20,211 [INFO] IPUIPlugin:79 - create IPUIPlugin
2023-06-24 14:36:20,211 [INFO] IPUIPlugin:79 - create IPUIPlugin
2023-06-24 14:36:20,212 [INFO] IPUIPlugin:79 - create IPUIPlugin
2023-06-24 14:36:20,212 [INFO] IPUIPlugin:79 - create IPUIPlugin
2023-06-24 14:36:20,212 [INFO] IPUIPlugin:79 - create IPUIPlugin
2023-06-24 14:36:20,212 [INFO] IPUIPlugin:79 - create IPUIPlugin
2023-06-24 14:36:20,213 [INFO] IPUIPlugin:79 - create IPUIPlugin
2023-06-24 14:36:20,213 [INFO] IPUIPlugin:79 - create IPUIPlugin
2023-06-24 14:36:20,213 [INFO] IPUIPlugin:79 - create IPUIPlugin
2023-06-24 14:36:20,213 [INFO] IPUIPlugin:79 - create IPUIPlugin
2023-06-24 14:36:20,213 [INFO] IPUIPlugin:79 - create IPUIPlugin
2023-06-24 14:36:20,213 [INFO] IPUIPlugin:79 - create IPUIPlugin
2023-06-24 14:36:20,214 [INFO] IPUIPlugin:79 - create IPUIPlugin
2023-06-24 14:36:20,214 [INFO] IPUIPlugin:79 - create IPUIPlugin
2023-06-24 14:36:20,214 [INFO] IPUIPlugin:79 - create IPUIPlugin
2023-06-24 14:36:20,214 [INFO] IPUIPlugin:79 - create IPUIPlugin
2023-06-24 14:36:20,214 [INFO] IPUIPlugin:79 - create IPUIPlugin
2023-06-24 14:36:20,214 [INFO] IPUIPlugin:79 - create IPUIPlugin
2023-06-24 14:36:20,215 [INFO] IPUIPlugin:79 - create IPUIPlugin
2023-06-24 14:36:20,215 [INFO] IPUIPlugin:79 - create IPUIPlugin
2023-06-24 14:36:20,215 [INFO] IPUIPlugin:79 - create IPUIPlugin
2023-06-24 14:36:20,216 [INFO] IPUIPlugin:79 - create IPUIPlugin
2023-06-24 14:36:20,217 [INFO] IPUIPlugin:79 - create IPUIPlugin
2023-06-24 14:36:20,217 [INFO] IPUIPlugin:79 - create IPUIPlugin
2023-06-24 14:36:20,217 [INFO] IPUIPlugin:79 - create IPUIPlugin
2023-06-24 14:36:20,218 [INFO] IPUIPlugin:79 - create IPUIPlugin
2023-06-24 14:36:20,218 [INFO] IPUIPlugin:79 - create IPUIPlugin
2023-06-24 14:36:20,218 [INFO] IPUIPlugin:79 - create IPUIPlugin
2023-06-24 14:36:20,219 [INFO] IPUIPlugin:79 - create IPUIPlugin
2023-06-24 14:36:20,219 [INFO] IPUIPlugin:79 - create IPUIPlugin
2023-06-24 14:36:20,220 [INFO] IPUIPlugin:79 - create IPUIPlugin
2023-06-24 14:36:20,220 [INFO] IPUIPlugin:79 - create IPUIPlugin
2023-06-24 14:36:20,221 [INFO] IPUIPlugin:79 - create IPUIPlugin
2023-06-24 14:36:20,274 [INFO] ApiDbMcu:505 - Load IP Config File for PDM2PCM
2023-06-24 14:36:20,541 [INFO] OpenFileManager:327 - Restore cursor
2023-06-24 14:43:22,040 [INFO] NvicIntPanel:100 - NVIC parent = com.st.microxplorer.plugins.ip.nvic.MultiNvicIntPanel[,0,0,0x0,invalid,layout=javax.swing.BoxLayout,alignmentX=0.0,alignmentY=0.0,border=,flags=9,maximumSize=,minimumSize=,preferredSize=]
2023-06-24 14:49:23,564 [INFO] UtilMem:74 - End SaveConfig() Used Memory: 599329752 Bytes (717225984)
2023-06-24 14:49:25,137 [INFO] UtilMem:74 - End SaveConfig() Used Memory: 568792920 Bytes (717225984)
2023-06-24 14:49:28,339 [INFO] UtilMem:74 - End SaveConfig() Used Memory: 619448544 Bytes (717225984)
2023-06-24 14:49:29,075 [INFO] BlockDiagram:2753 - set Specific Code input for plugin: SPI
2023-06-24 14:49:29,076 [INFO] BlockDiagram:2753 - set Specific Code input for plugin: RCC
2023-06-24 14:49:29,076 [INFO] BlockDiagram:2753 - set Specific Code input for plugin: NVIC
2023-06-24 14:49:29,077 [INFO] BlockDiagram:2753 - set Specific Code input for plugin: GPIO
2023-06-24 14:49:29,078 [INFO] CodeGenerator:690 - code generatio: config db path: /opt/st/stm32cubeide_1.10.1/plugins/com.st.stm32cube.common.mx_6.6.1.202207061420//db/
2023-06-24 14:49:29,474 [INFO] CodeEngine:245 - oldGeneratedFile, /Data/Workspace/smart_bookshelf/shelf/lcd/lcd1/MXTmpFiles/license.tmp_save
2023-06-24 14:49:29,841 [INFO] CodeEngine:269 - Generated code: /Data/Workspace/smart_bookshelf/shelf/lcd/lcd1/MXTmpFiles/license.tmp
2023-06-24 14:49:29,929 [INFO] CodeEngine:245 - oldGeneratedFile, /Data/Workspace/smart_bookshelf/shelf/lcd/lcd1/MXTmpFiles/gpio.tmp_save
2023-06-24 14:49:30,029 [INFO] CodeEngine:269 - Generated code: /Data/Workspace/smart_bookshelf/shelf/lcd/lcd1/MXTmpFiles/gpio.tmp
2023-06-24 14:49:30,150 [INFO] CodeEngine:245 - oldGeneratedFile, /Data/Workspace/smart_bookshelf/shelf/lcd/lcd1/MXTmpFiles/cortex.tmp_save
2023-06-24 14:49:30,243 [INFO] CodeEngine:269 - Generated code: /Data/Workspace/smart_bookshelf/shelf/lcd/lcd1/MXTmpFiles/cortex.tmp
2023-06-24 14:49:30,255 [INFO] CodeEngine:245 - oldGeneratedFile, /Data/Workspace/smart_bookshelf/shelf/lcd/lcd1/Core/Src/stm32h7xx_it.c_save
2023-06-24 14:49:30,393 [INFO] CodeEngine:269 - Generated code: /Data/Workspace/smart_bookshelf/shelf/lcd/lcd1/Core/Src/stm32h7xx_it.c
2023-06-24 14:49:30,407 [INFO] CodeEngine:245 - oldGeneratedFile, /Data/Workspace/smart_bookshelf/shelf/lcd/lcd1/Core/Inc/stm32h7xx_it.h_save
2023-06-24 14:49:30,480 [INFO] CodeEngine:269 - Generated code: /Data/Workspace/smart_bookshelf/shelf/lcd/lcd1/Core/Inc/stm32h7xx_it.h
2023-06-24 14:49:30,590 [INFO] CodeEngine:245 - oldGeneratedFile, /Data/Workspace/smart_bookshelf/shelf/lcd/lcd1/Core/Src/stm32h7xx_hal_msp.c_save
2023-06-24 14:49:30,763 [INFO] CodeEngine:269 - Generated code: /Data/Workspace/smart_bookshelf/shelf/lcd/lcd1/Core/Src/stm32h7xx_hal_msp.c
2023-06-24 14:49:30,777 [INFO] CodeEngine:245 - oldGeneratedFile, /Data/Workspace/smart_bookshelf/shelf/lcd/lcd1/MXTmpFiles/system.tmp_save
2023-06-24 14:49:30,852 [INFO] CodeEngine:269 - Generated code: /Data/Workspace/smart_bookshelf/shelf/lcd/lcd1/MXTmpFiles/system.tmp
2023-06-24 14:49:30,863 [INFO] CodeEngine:245 - oldGeneratedFile, /Data/Workspace/smart_bookshelf/shelf/lcd/lcd1/Core/Inc/stm32h7xx_hal_conf.h_save
2023-06-24 14:49:30,954 [INFO] CodeEngine:269 - Generated code: /Data/Workspace/smart_bookshelf/shelf/lcd/lcd1/Core/Inc/stm32h7xx_hal_conf.h
2023-06-24 14:49:31,051 [INFO] CodeEngine:245 - oldGeneratedFile, /Data/Workspace/smart_bookshelf/shelf/lcd/lcd1/Core/Inc/main.h_save
2023-06-24 14:49:31,166 [INFO] CodeEngine:269 - Generated code: /Data/Workspace/smart_bookshelf/shelf/lcd/lcd1/Core/Inc/main.h
2023-06-24 14:49:31,183 [INFO] CodeEngine:245 - oldGeneratedFile, /Data/Workspace/smart_bookshelf/shelf/lcd/lcd1/Core/Src/main.c_save
2023-06-24 14:49:31,393 [INFO] CodeEngine:269 - Generated code: /Data/Workspace/smart_bookshelf/shelf/lcd/lcd1/Core/Src/main.c
2023-06-24 14:49:32,272 [INFO] ProjectBuilder:2919 - Time for Copy HAL[1] : 178mS.
2023-06-24 14:49:32,289 [INFO] ProjectBuilder:4117 - Project Generator version: 3.17.1
2023-06-24 14:49:32,656 [INFO] ConfigFileManager:1394 - The Die is : DIE480
2023-06-24 14:49:32,675 [INFO] ApiDbMcu:505 - Load IP Config File for FATFS
2023-06-24 14:49:32,680 [INFO] ApiDbMcu:505 - Load IP Config File for FREERTOS
2023-06-24 14:49:32,682 [INFO] ApiDbMcu:505 - Load IP Config File for LIBJPEG
2023-06-24 14:49:32,687 [INFO] ApiDbMcu:505 - Load IP Config File for MBEDTLS
2023-06-24 14:49:32,695 [INFO] ApiDbMcu:505 - Load IP Config File for USB_DEVICE
2023-06-24 14:49:32,699 [INFO] ApiDbMcu:505 - Load IP Config File for USB_HOST
2023-06-24 14:49:34,127 [INFO] ProjectBuilder:4285 - Time for Generating toolchain IDE Files: 1837mS.
2023-06-24 14:49:34,129 [INFO] ProjectBuilder:2790 - Time for Copy CMSIS : 0mS.
2023-06-24 14:49:34,132 [INFO] ProjectBuilder:2790 - Time for Copy CMSIS : 1mS.
