2023-06-14 19:16:41,778 [INFO] Activator:176 - 


2023-06-14 19:16:41,780 [INFO] Activator:177 - !SESSION log4j initialized
2023-06-14 19:16:45,036 [INFO] LogOutputStream:77 - [STDOUT_REDIRECT] 
2023-06-14 19:16:51,813 [INFO] ApplicationProperties:184 - Using Application install path: E:\STM32CubeIDE_1.12.0\STM32CubeIDE\plugins\com.st.stm32cube.common.mx_6.8.0.202302231600
2023-06-14 19:16:51,837 [INFO] DbMcusXml:78 - Set database path to: E:\STM32CubeIDE_1.12.0\STM32CubeIDE\plugins\com.st.stm32cube.common.mx_6.8.0.202302231600\\db\/mcu/
2023-06-14 19:16:51,837 [INFO] ApiDb:274 - Set plugin database path to: E:\STM32CubeIDE_1.12.0\STM32CubeIDE\plugins\com.st.stm32cube.common.mx_6.8.0.202302231600\\db\/plugins/boardmanager/
2023-06-14 19:16:51,840 [WARN] ApiDb:259 - Overriding images path with different value:  => E:\STM32CubeIDE_1.12.0\STM32CubeIDE\plugins\com.st.stm32cube.common.mx_6.8.0.202302231600\\db\/plugins/mcufinder/images/
2023-06-14 19:16:53,029 [INFO] ApiDb:250 - Set database path to: C:\Users\wind\.stmcufinder\plugins\mcufinder//mcu/
2023-06-14 19:16:53,030 [INFO] DbMcusAds:125 - Set database path to: C:\Users\wind\.stmcufinder\plugins\mcufinder//mcu/
2023-06-14 19:16:53,033 [INFO] CrossReferenceDbSqlite:203 - Set database path to: C:\Users\wind\.stmcufinder\plugins\mcufinder//mcu/cs/
2023-06-14 19:16:53,131 [INFO] RulesReader:64 - Compatibility file has been processed (293 Rules)
2023-06-14 19:16:53,251 [INFO] DbMcusXml:78 - Set database path to: E:\STM32CubeIDE_1.12.0\STM32CubeIDE\plugins\com.st.stm32cube.common.mx_6.8.0.202302231600\\db\/mcu/
2023-06-14 19:16:53,251 [INFO] ApiDb:274 - Set plugin database path to: E:\STM32CubeIDE_1.12.0\STM32CubeIDE\plugins\com.st.stm32cube.common.mx_6.8.0.202302231600\\db\/plugins/boardmanager/
2023-06-14 19:16:53,251 [INFO] ApiDb:261 - Set plugin images path to: E:\STM32CubeIDE_1.12.0\STM32CubeIDE\plugins\com.st.stm32cube.common.mx_6.8.0.202302231600\\db\/plugins/mcufinder/images/
2023-06-14 19:16:53,251 [WARN] DbFile:41 - Overriding database path with different value: C:\Users\wind\.stmcufinder\plugins\mcufinder/ => C:\Users\wind\.stmcufinder\plugins\mcufinder
2023-06-14 19:16:53,252 [INFO] ApiDb:250 - Set database path to: C:\Users\wind\.stmcufinder\plugins\mcufinder//mcu/
2023-06-14 19:16:53,252 [WARN] DbFile:41 - Overriding database path with different value: C:\Users\wind\.stmcufinder\plugins\mcufinder/ => C:\Users\wind\.stmcufinder\plugins\mcufinder
2023-06-14 19:16:53,252 [INFO] DbMcusAds:125 - Set database path to: C:\Users\wind\.stmcufinder\plugins\mcufinder//mcu/
2023-06-14 19:16:53,252 [WARN] DbFile:41 - Overriding database path with different value: C:\Users\wind\.stmcufinder\plugins\mcufinder/ => C:\Users\wind\.stmcufinder\plugins\mcufinder
2023-06-14 19:16:53,252 [WARN] DbFile:41 - Overriding database path with different value: C:\Users\wind\.stmcufinder\plugins\mcufinder/ => C:\Users\wind\.stmcufinder\plugins\mcufinder
2023-06-14 19:16:53,252 [INFO] CrossReferenceDbSqlite:203 - Set database path to: C:\Users\wind\.stmcufinder\plugins\mcufinder//mcu/cs/
2023-06-14 19:16:53,343 [INFO] MainPanel:253 - HeapMemory: 268435456
2023-06-14 19:16:53,488 [INFO] DbMcusXml:78 - Set database path to: E:\STM32CubeIDE_1.12.0\STM32CubeIDE\plugins\com.st.stm32cube.common.mx_6.8.0.202302231600\\db\/mcu/
2023-06-14 19:16:53,489 [INFO] ApiDb:274 - Set plugin database path to: E:\STM32CubeIDE_1.12.0\STM32CubeIDE\plugins\com.st.stm32cube.common.mx_6.8.0.202302231600\\db\/plugins/boardmanager/
2023-06-14 19:16:53,489 [INFO] ApiDb:261 - Set plugin images path to: E:\STM32CubeIDE_1.12.0\STM32CubeIDE\plugins\com.st.stm32cube.common.mx_6.8.0.202302231600\\db\/plugins/mcufinder/images/
2023-06-14 19:16:53,489 [WARN] DbFile:41 - Overriding database path with different value: C:\Users\wind\.stmcufinder\plugins\mcufinder/ => C:\Users\wind\.stmcufinder\plugins\mcufinder
2023-06-14 19:16:53,489 [INFO] ApiDb:250 - Set database path to: C:\Users\wind\.stmcufinder\plugins\mcufinder//mcu/
2023-06-14 19:16:53,489 [WARN] DbFile:41 - Overriding database path with different value: C:\Users\wind\.stmcufinder\plugins\mcufinder/ => C:\Users\wind\.stmcufinder\plugins\mcufinder
2023-06-14 19:16:53,489 [INFO] DbMcusAds:125 - Set database path to: C:\Users\wind\.stmcufinder\plugins\mcufinder//mcu/
2023-06-14 19:16:53,489 [WARN] DbFile:41 - Overriding database path with different value: C:\Users\wind\.stmcufinder\plugins\mcufinder/ => C:\Users\wind\.stmcufinder\plugins\mcufinder
2023-06-14 19:16:53,489 [WARN] DbFile:41 - Overriding database path with different value: C:\Users\wind\.stmcufinder\plugins\mcufinder/ => C:\Users\wind\.stmcufinder\plugins\mcufinder
2023-06-14 19:16:53,490 [INFO] CrossReferenceDbSqlite:203 - Set database path to: C:\Users\wind\.stmcufinder\plugins\mcufinder//mcu/cs/
2023-06-14 19:16:53,509 [INFO] ApplicationProperties:184 - Using Application install path: E:\STM32CubeIDE_1.12.0\STM32CubeIDE\plugins\com.st.stm32cube.common.mx_6.8.0.202302231600
2023-06-14 19:16:53,511 [INFO] PluginManage:196 - Search for loadable plugins [exclusion list=, ]
2023-06-14 19:16:53,513 [INFO] PluginManage:310 - Check plugin analytics
2023-06-14 19:16:58,206 [INFO] AnalyticsPlugin:253 - Accepted Software Licenses: STM32CubeMX.6.8.0
2023-06-14 19:16:58,207 [INFO] AnalyticsPlugin:255 - Accepted CMSIS Pack Licenses: 
2023-06-14 19:16:58,208 [INFO] AnalyticsPlugin:257 - Accepted Firmware Licenses: 
2023-06-14 19:16:58,216 [INFO] PluginManage:359 - Loaded plugin analytics (category:tool,tabindex:-1)
2023-06-14 19:16:58,217 [INFO] PluginManage:310 - Check plugin cadmodel
2023-06-14 19:16:58,225 [INFO] CADModel:105 - Init CAD model plugin
2023-06-14 19:16:58,225 [INFO] PluginManage:359 - Loaded plugin cadmodel (category:power,tabindex:5)
2023-06-14 19:16:58,225 [INFO] PluginManage:310 - Check plugin clock
2023-06-14 19:16:58,241 [INFO] PluginManage:359 - Loaded plugin clock (category:base,tabindex:2)
2023-06-14 19:16:58,241 [INFO] PluginManage:310 - Check plugin ddr
2023-06-14 19:16:58,245 [INFO] PluginManage:359 - Loaded plugin ddr (category:tool,tabindex:6)
2023-06-14 19:16:58,245 [INFO] PluginManage:310 - Check plugin filemanager
2023-06-14 19:16:58,379 [INFO] PluginManage:359 - Loaded plugin filemanager (category:base,tabindex:10)
2023-06-14 19:16:58,379 [INFO] PluginManage:310 - Check plugin ipmanager
2023-06-14 19:16:58,389 [INFO] PluginManage:359 - Loaded plugin ipmanager (category:base,tabindex:5)
2023-06-14 19:16:58,389 [INFO] PluginManage:310 - Check plugin lpbam
2023-06-14 19:16:58,399 [INFO] PluginManage:359 - Loaded plugin lpbam (category:base,tabindex:0)
2023-06-14 19:16:58,399 [INFO] PluginManage:310 - Check plugin pinoutandconfiguration
2023-06-14 19:16:58,409 [INFO] PluginManage:359 - Loaded plugin pinoutandconfiguration (category:base,tabindex:1)
2023-06-14 19:16:58,409 [INFO] PluginManage:310 - Check plugin pinoutconfig
2023-06-14 19:16:58,511 [WARN] SupportedApi:132 - Cannot load RTOS API schema: s4s-elt-must-match.1: The content of 'definitions' must match (annotation?, (simpleType | complexType)?, (unique | key | keyref)*)). A problem was found starting at: attribute.
2023-06-14 19:16:58,655 [INFO] PluginManage:359 - Loaded plugin pinoutconfig (category:base,tabindex:0)
2023-06-14 19:16:58,655 [INFO] PluginManage:310 - Check plugin power
2023-06-14 19:16:58,666 [INFO] PluginManage:359 - Loaded plugin power (category:power,tabindex:4)
2023-06-14 19:16:58,667 [INFO] PluginManage:310 - Check plugin projectmanager
2023-06-14 19:16:58,684 [INFO] PluginManage:359 - Loaded plugin projectmanager (category:projectmanager,tabindex:3)
2023-06-14 19:16:58,684 [INFO] PluginManage:310 - Check plugin thirdparty
2023-06-14 19:16:58,810 [INFO] PluginManage:359 - Loaded plugin thirdparty (category:base,tabindex:-1)
2023-06-14 19:16:58,810 [WARN] IntegrityCheckThread:84 - waiting for thirdparty lock release [integrity check]
2023-06-14 19:16:58,811 [INFO] PluginManage:310 - Check plugin tools
2023-06-14 19:16:58,811 [INFO] IntegrityCheckThread:86 - entering critical section [integrity check]
2023-06-14 19:16:58,813 [INFO] ThirdPartyUpdaterWithRetryManager:70 - Updater plugin not ready yet. [1/15]
2023-06-14 19:16:58,814 [INFO] PluginManage:359 - Loaded plugin tools (category:base,tabindex:7)
2023-06-14 19:16:58,814 [INFO] PluginManage:310 - Check plugin tutovideos
2023-06-14 19:16:59,017 [INFO] PluginManage:359 - Loaded plugin tutovideos (category:base,tabindex:-1)
2023-06-14 19:16:59,017 [INFO] PluginManage:310 - Check plugin updater
2023-06-14 19:16:59,033 [INFO] PluginManage:359 - Loaded plugin updater (category:base,tabindex:12)
2023-06-14 19:16:59,033 [INFO] PluginManage:283 - PluginManage : Loaded plugins [15]
2023-06-14 19:16:59,365 [INFO] PinOutPanel:1499 - setPackage(No Configuration,No Configuration)
2023-06-14 19:16:59,438 [INFO] CADModel:165 - CPN selected for project level
2023-06-14 19:16:59,438 [INFO] CADModel:114 - Register for checkConnection events
2023-06-14 19:16:59,462 [INFO] IPUIPlugin:80 - create IPUIPlugin
2023-06-14 19:16:59,462 [INFO] PluginManager:220 - loadIPPluginJar : add adc
2023-06-14 19:16:59,465 [INFO] IPUIPlugin:80 - create IPUIPlugin
2023-06-14 19:16:59,466 [INFO] PluginManager:220 - loadIPPluginJar : add aes
2023-06-14 19:16:59,469 [INFO] IPUIPlugin:80 - create IPUIPlugin
2023-06-14 19:16:59,469 [INFO] PluginManager:220 - loadIPPluginJar : add can
2023-06-14 19:16:59,471 [INFO] IPUIPlugin:80 - create IPUIPlugin
2023-06-14 19:16:59,471 [INFO] PluginManager:220 - loadIPPluginJar : add comp
2023-06-14 19:16:59,475 [INFO] IPUIPlugin:80 - create IPUIPlugin
2023-06-14 19:16:59,475 [INFO] PluginManager:220 - loadIPPluginJar : add cryp
2023-06-14 19:16:59,478 [INFO] IPUIPlugin:80 - create IPUIPlugin
2023-06-14 19:16:59,478 [INFO] PluginManager:220 - loadIPPluginJar : add dfsdm
2023-06-14 19:16:59,484 [INFO] IPUIPlugin:80 - create IPUIPlugin
2023-06-14 19:16:59,485 [INFO] PluginManager:220 - loadIPPluginJar : add dma
2023-06-14 19:16:59,488 [INFO] IPUIPlugin:80 - create IPUIPlugin
2023-06-14 19:16:59,488 [INFO] PluginManager:220 - loadIPPluginJar : add dma3
2023-06-14 19:16:59,490 [INFO] IPUIPlugin:80 - create IPUIPlugin
2023-06-14 19:16:59,490 [INFO] PluginManager:220 - loadIPPluginJar : add fatfs
2023-06-14 19:16:59,495 [INFO] IPUIPlugin:80 - create IPUIPlugin
2023-06-14 19:16:59,495 [INFO] PluginManager:220 - loadIPPluginJar : add fmc
2023-06-14 19:16:59,503 [INFO] IPUIPlugin:80 - create IPUIPlugin
2023-06-14 19:16:59,503 [INFO] PluginManager:220 - loadIPPluginJar : add freertos
2023-06-14 19:16:59,505 [INFO] IPUIPlugin:80 - create IPUIPlugin
2023-06-14 19:16:59,505 [INFO] PluginManager:220 - loadIPPluginJar : add genericplugin
2023-06-14 19:16:59,508 [INFO] IPUIPlugin:80 - create IPUIPlugin
2023-06-14 19:16:59,508 [INFO] PluginManager:220 - loadIPPluginJar : add gfxmmu
2023-06-14 19:16:59,514 [INFO] IPUIPlugin:80 - create IPUIPlugin
2023-06-14 19:16:59,514 [INFO] PluginManager:220 - loadIPPluginJar : add gic
2023-06-14 19:16:59,518 [INFO] IPUIPlugin:80 - create IPUIPlugin
2023-06-14 19:16:59,519 [INFO] PluginManager:220 - loadIPPluginJar : add gpio
2023-06-14 19:16:59,522 [INFO] IPUIPlugin:80 - create IPUIPlugin
2023-06-14 19:16:59,522 [INFO] PluginManager:220 - loadIPPluginJar : add gtzc
2023-06-14 19:16:59,525 [INFO] IPUIPlugin:80 - create IPUIPlugin
2023-06-14 19:16:59,525 [INFO] PluginManager:220 - loadIPPluginJar : add hash
2023-06-14 19:16:59,528 [INFO] IPUIPlugin:80 - create IPUIPlugin
2023-06-14 19:16:59,528 [INFO] PluginManager:220 - loadIPPluginJar : add i2c
2023-06-14 19:16:59,532 [INFO] IPUIPlugin:80 - create IPUIPlugin
2023-06-14 19:16:59,532 [INFO] PluginManager:220 - loadIPPluginJar : add i2s
2023-06-14 19:16:59,535 [INFO] IPUIPlugin:80 - create IPUIPlugin
2023-06-14 19:16:59,535 [INFO] PluginManager:220 - loadIPPluginJar : add i3c
2023-06-14 19:16:59,538 [INFO] IPUIPlugin:80 - create IPUIPlugin
2023-06-14 19:16:59,538 [INFO] PluginManager:220 - loadIPPluginJar : add ipddr
2023-06-14 19:16:59,546 [INFO] IPUIPlugin:80 - create IPUIPlugin
2023-06-14 19:16:59,546 [INFO] PluginManager:220 - loadIPPluginJar : add linkedlist
2023-06-14 19:16:59,549 [INFO] IPUIPlugin:80 - create IPUIPlugin
2023-06-14 19:16:59,549 [INFO] PluginManager:220 - loadIPPluginJar : add lorawan
2023-06-14 19:16:59,551 [INFO] IPUIPlugin:80 - create IPUIPlugin
2023-06-14 19:16:59,551 [INFO] PluginManager:220 - loadIPPluginJar : add ltdc
2023-06-14 19:16:59,557 [INFO] IPUIPlugin:80 - create IPUIPlugin
2023-06-14 19:16:59,557 [INFO] PluginManager:220 - loadIPPluginJar : add mdma
2023-06-14 19:16:59,562 [INFO] IPUIPlugin:80 - create IPUIPlugin
2023-06-14 19:16:59,563 [INFO] PluginManager:220 - loadIPPluginJar : add nvic
2023-06-14 19:16:59,567 [INFO] IPUIPlugin:80 - create IPUIPlugin
2023-06-14 19:16:59,567 [INFO] PluginManager:220 - loadIPPluginJar : add opamp
2023-06-14 19:16:59,572 [INFO] IPUIPlugin:80 - create IPUIPlugin
2023-06-14 19:16:59,573 [INFO] PluginManager:220 - loadIPPluginJar : add openamp
2023-06-14 19:16:59,578 [INFO] IPUIPlugin:80 - create IPUIPlugin
2023-06-14 19:16:59,578 [INFO] PluginManager:220 - loadIPPluginJar : add pdm2pcm
2023-06-14 19:16:59,586 [INFO] IPUIPlugin:80 - create IPUIPlugin
2023-06-14 19:16:59,589 [INFO] PluginManager:220 - loadIPPluginJar : add plateformsettings
2023-06-14 19:16:59,592 [INFO] IPUIPlugin:80 - create IPUIPlugin
2023-06-14 19:16:59,592 [INFO] PluginManager:220 - loadIPPluginJar : add quadspi
2023-06-14 19:16:59,598 [INFO] IPUIPlugin:80 - create IPUIPlugin
2023-06-14 19:16:59,598 [INFO] PluginManager:220 - loadIPPluginJar : add resmgrutility
2023-06-14 19:16:59,602 [INFO] IPUIPlugin:80 - create IPUIPlugin
2023-06-14 19:16:59,602 [INFO] PluginManager:220 - loadIPPluginJar : add sai
2023-06-14 19:16:59,605 [INFO] IPUIPlugin:80 - create IPUIPlugin
2023-06-14 19:16:59,606 [INFO] PluginManager:220 - loadIPPluginJar : add spi
2023-06-14 19:16:59,612 [INFO] IPUIPlugin:80 - create IPUIPlugin
2023-06-14 19:16:59,613 [INFO] PluginManager:220 - loadIPPluginJar : add stm32_wpan
2023-06-14 19:16:59,615 [INFO] IPUIPlugin:80 - create IPUIPlugin
2023-06-14 19:16:59,615 [INFO] PluginManager:220 - loadIPPluginJar : add tim
2023-06-14 19:16:59,619 [INFO] IPUIPlugin:80 - create IPUIPlugin
2023-06-14 19:16:59,620 [INFO] PluginManager:220 - loadIPPluginJar : add touchsensing
2023-06-14 19:16:59,622 [INFO] IPUIPlugin:80 - create IPUIPlugin
2023-06-14 19:16:59,622 [INFO] PluginManager:220 - loadIPPluginJar : add tracer_emb
2023-06-14 19:16:59,625 [INFO] IPUIPlugin:80 - create IPUIPlugin
2023-06-14 19:16:59,626 [INFO] PluginManager:220 - loadIPPluginJar : add ts
2023-06-14 19:16:59,628 [INFO] IPUIPlugin:80 - create IPUIPlugin
2023-06-14 19:16:59,628 [INFO] PluginManager:220 - loadIPPluginJar : add tsc
2023-06-14 19:16:59,631 [INFO] IPUIPlugin:80 - create IPUIPlugin
2023-06-14 19:16:59,631 [INFO] PluginManager:220 - loadIPPluginJar : add ucpd
2023-06-14 19:16:59,635 [INFO] IPUIPlugin:80 - create IPUIPlugin
2023-06-14 19:16:59,635 [INFO] PluginManager:220 - loadIPPluginJar : add usart
2023-06-14 19:16:59,639 [INFO] IPUIPlugin:80 - create IPUIPlugin
2023-06-14 19:16:59,640 [INFO] PluginManager:220 - loadIPPluginJar : add usbx
2023-06-14 19:16:59,775 [INFO] CADModel:165 - CPN selected for project level
2023-06-14 19:16:59,776 [INFO] CADModel:114 - Register for checkConnection events
2023-06-14 19:16:59,776 [FATAL] Updater:308 - Updater called before beeing initialized
2023-06-14 19:16:59,776 [ERROR] CADModel:125 - Updater not yet initialized, retry later 
2023-06-14 19:16:59,950 [INFO] CADModel:165 - CPN selected for project level
2023-06-14 19:16:59,951 [INFO] CADModel:114 - Register for checkConnection events
2023-06-14 19:16:59,951 [FATAL] Updater:308 - Updater called before beeing initialized
2023-06-14 19:16:59,951 [ERROR] CADModel:125 - Updater not yet initialized, retry later 
2023-06-14 19:16:59,955 [FATAL] Updater:308 - Updater called before beeing initialized
2023-06-14 19:17:00,074 [FATAL] Updater:308 - Updater called before beeing initialized
2023-06-14 19:17:00,081 [INFO] DbMcusAds:53 - JSON generation date=Tue Mar 07 16:50:55 CST 2023 (1678179055335)
2023-06-14 19:17:00,081 [FATAL] Updater:308 - Updater called before beeing initialized
2023-06-14 19:17:00,121 [WARN] DetailPanel:346 - Failed to get advertising image, set to default
2023-06-14 19:17:00,220 [FATAL] Updater:308 - Updater called before beeing initialized
2023-06-14 19:17:00,223 [FATAL] Updater:308 - Updater called before beeing initialized
2023-06-14 19:17:00,223 [FATAL] Updater:308 - Updater called before beeing initialized
2023-06-14 19:17:00,223 [WARN] DetailPanel:346 - Failed to get advertising image, set to default
2023-06-14 19:17:00,223 [FATAL] Updater:308 - Updater called before beeing initialized
2023-06-14 19:17:00,269 [ERROR] Updater:1120 - MainUpdater not yet initialized. External WinMGr cannot be set.
2023-06-14 19:17:00,271 [INFO] Updater:1056 - Updater Version found : 6.8.0
2023-06-14 19:17:00,289 [INFO] ApplicationProperties:184 - Using Application install path: E:\STM32CubeIDE_1.12.0\STM32CubeIDE\plugins\com.st.stm32cube.common.mx_6.8.0.202302231600
2023-06-14 19:17:00,317 [INFO] MainUpdater:519 - Copy updater definitions from MX database
2023-06-14 19:17:00,344 [INFO] MainUpdater:552 - Copy flag file definitions from MX database
2023-06-14 19:17:00,347 [INFO] MainUpdater:568 - Copy thirdparty index definitions from MX database
2023-06-14 19:17:00,349 [INFO] MainUpdater:587 - Copy default thirdparty db definitions from MX database
2023-06-14 19:17:00,461 [INFO] MainUpdater:2854 - connection check result : 10
2023-06-14 19:17:00,461 [INFO] MainUpdater:3548 - Updater definition file requires update
2023-06-14 19:17:00,463 [INFO] MainUpdater:283 - Updater Check For Update Now.
2023-06-14 19:17:00,464 [INFO] MicroXplorer:498 - Change Database Version : DB.6.0.80
2023-06-14 19:17:00,578 [INFO] ServerAccessManage:473 - Download File updaters.zip
2023-06-14 19:17:00,689 [INFO] FileExtend:240 - Unzip File : updaters.zip
2023-06-14 19:17:00,690 [INFO] FileExtend:255 - Standard Zip Deflate
2023-06-14 19:17:01,154 [INFO] ServerAccessManage:473 - Download File PacksControlFlags.xml
2023-06-14 19:17:01,287 [INFO] ServerAccessManage:473 - Download File cubemx.pidx
2023-06-14 19:17:01,446 [INFO] ServerAccessManage:473 - Download File STMicroelectronics.FP-ATR-ASTRA1.pdsc
2023-06-14 19:17:01,822 [WARN] MainUpdater:1187 - Updater busy. Cannot search thirdparties
2023-06-14 19:17:01,822 [INFO] ThirdPartyUpdaterWithRetryManager:96 - Updater plugin is busy. [1/15]
2023-06-14 19:17:02,319 [INFO] ServerAccessManage:473 - Download File STMicroelectronics.FP-ATR-SIGFOX1.pdsc
2023-06-14 19:17:02,496 [INFO] ServerAccessManage:473 - Download File STMicroelectronics.FP-SNS-FLIGHT1.pdsc
2023-06-14 19:17:02,652 [INFO] ServerAccessManage:473 - Download File STMicroelectronics.FP-SNS-MOTENV1.pdsc
2023-06-14 19:17:02,863 [INFO] ServerAccessManage:473 - Download File STMicroelectronics.X-CUBE-AI.pdsc
2023-06-14 19:17:04,036 [INFO] ServerAccessManage:473 - Download File STMicroelectronics.X-CUBE-ALS.pdsc
2023-06-14 19:17:04,827 [WARN] MainUpdater:1187 - Updater busy. Cannot search thirdparties
2023-06-14 19:17:04,827 [INFO] ThirdPartyUpdaterWithRetryManager:96 - Updater plugin is busy. [2/15]
2023-06-14 19:17:04,849 [INFO] ServerAccessManage:473 - Download File STMicroelectronics.X-CUBE-BLE1.pdsc
2023-06-14 19:17:07,839 [WARN] MainUpdater:1187 - Updater busy. Cannot search thirdparties
2023-06-14 19:17:07,839 [INFO] ThirdPartyUpdaterWithRetryManager:96 - Updater plugin is busy. [3/15]
2023-06-14 19:17:08,471 [ERROR] ServerAccessManage:1089 - Problem, file not found on Server
2023-06-14 19:17:08,517 [INFO] ServerAccessManage:473 - Download File STMicroelectronics.X-CUBE-BLE2.pdsc
2023-06-14 19:17:09,994 [INFO] ServerAccessManage:473 - Download File STMicroelectronics.X-CUBE-BLEMGR.pdsc
2023-06-14 19:17:10,847 [WARN] MainUpdater:1187 - Updater busy. Cannot search thirdparties
2023-06-14 19:17:10,847 [INFO] ThirdPartyUpdaterWithRetryManager:96 - Updater plugin is busy. [4/15]
2023-06-14 19:17:11,913 [INFO] ServerAccessManage:473 - Download File STMicroelectronics.X-CUBE-DISPLAY.pdsc
2023-06-14 19:17:12,866 [INFO] ServerAccessManage:473 - Download File STMicroelectronics.X-CUBE-EEPRMA1.pdsc
2023-06-14 19:17:13,324 [ERROR] LogOutputStream:75 - [STDERR_REDIRECT] SLF4J: Failed to load class "org.slf4j.impl.StaticLoggerBinder".
2023-06-14 19:17:13,325 [ERROR] LogOutputStream:75 - [STDERR_REDIRECT] SLF4J: Defaulting to no-operation (NOP) logger implementation
2023-06-14 19:17:13,326 [ERROR] LogOutputStream:75 - [STDERR_REDIRECT] SLF4J: See http://www.slf4j.org/codes.html#StaticLoggerBinder for further details.
2023-06-14 19:17:13,622 [ERROR] ServerAccessManage:1089 - Problem, file not found on Server
2023-06-14 19:17:13,848 [WARN] MainUpdater:1187 - Updater busy. Cannot search thirdparties
2023-06-14 19:17:13,848 [INFO] ThirdPartyUpdaterWithRetryManager:96 - Updater plugin is busy. [5/15]
2023-06-14 19:17:14,298 [INFO] ServerAccessManage:473 - Download File STMicroelectronics.X-CUBE-FREERTOS.pdsc
2023-06-14 19:17:14,613 [INFO] ServerAccessManage:473 - Download File STMicroelectronics.X-CUBE-GNSS1.pdsc
2023-06-14 19:17:16,218 [ERROR] ServerAccessManage:1089 - Problem, file not found on Server
2023-06-14 19:17:16,766 [ERROR] ServerAccessManage:1089 - Problem, file not found on Server
2023-06-14 19:17:16,850 [WARN] MainUpdater:1187 - Updater busy. Cannot search thirdparties
2023-06-14 19:17:16,850 [INFO] ThirdPartyUpdaterWithRetryManager:96 - Updater plugin is busy. [6/15]
2023-06-14 19:17:17,315 [ERROR] ServerAccessManage:1089 - Problem, file not found on Server
2023-06-14 19:17:18,023 [ERROR] ServerAccessManage:1089 - Problem, file not found on Server
2023-06-14 19:17:18,766 [ERROR] ServerAccessManage:1089 - Problem, file not found on Server
2023-06-14 19:17:19,100 [ERROR] ServerAccessManage:1089 - Problem, file not found on Server
2023-06-14 19:17:19,161 [INFO] ServerAccessManage:473 - Download File STMicroelectronics.X-CUBE-ISPU.pdsc
2023-06-14 19:17:19,837 [INFO] ServerAccessManage:473 - Download File STMicroelectronics.X-CUBE-MEMS1.pdsc
2023-06-14 19:17:19,859 [WARN] MainUpdater:1187 - Updater busy. Cannot search thirdparties
2023-06-14 19:17:19,859 [INFO] ThirdPartyUpdaterWithRetryManager:96 - Updater plugin is busy. [7/15]
2023-06-14 19:17:20,916 [INFO] MainUpdater:2854 - connection check result : 10
2023-06-14 19:17:22,870 [WARN] MainUpdater:1187 - Updater busy. Cannot search thirdparties
2023-06-14 19:17:22,870 [INFO] ThirdPartyUpdaterWithRetryManager:96 - Updater plugin is busy. [8/15]
2023-06-14 19:17:23,694 [INFO] ServerAccessManage:473 - Download File STMicroelectronics.X-CUBE-NFC4.pdsc
2023-06-14 19:17:25,875 [WARN] MainUpdater:1187 - Updater busy. Cannot search thirdparties
2023-06-14 19:17:25,875 [INFO] ThirdPartyUpdaterWithRetryManager:96 - Updater plugin is busy. [9/15]
2023-06-14 19:17:26,210 [INFO] ServerAccessManage:473 - Download File STMicroelectronics.X-CUBE-NFC7.pdsc
2023-06-14 19:17:26,617 [INFO] ServerAccessManage:473 - Download File STMicroelectronics.X-CUBE-SFXS2LP1.pdsc
2023-06-14 19:17:27,030 [INFO] ServerAccessManage:473 - Download File STMicroelectronics.X-CUBE-SUBG2.pdsc
2023-06-14 19:17:28,099 [INFO] ServerAccessManage:473 - Download File STMicroelectronics.X-CUBE-SMBUS.pdsc
2023-06-14 19:17:28,760 [ERROR] ServerAccessManage:1089 - Problem, file not found on Server
2023-06-14 19:17:28,875 [INFO] ServerAccessManage:473 - Download File STMicroelectronics.X-CUBE-TOF1.pdsc
2023-06-14 19:17:28,881 [WARN] MainUpdater:1187 - Updater busy. Cannot search thirdparties
2023-06-14 19:17:28,881 [INFO] ThirdPartyUpdaterWithRetryManager:96 - Updater plugin is busy. [10/15]
2023-06-14 19:17:29,772 [ERROR] ServerAccessManage:1089 - Problem, file not found on Server
2023-06-14 19:17:29,966 [INFO] ServerAccessManage:473 - Download File STMicroelectronics.X-CUBE-TOUCHGFX.pdsc
2023-06-14 19:17:31,328 [INFO] ServerAccessManage:473 - Download File STMicroelectronics.X-CUBE-ALGOBUILD.pdsc
2023-06-14 19:17:31,759 [INFO] ServerAccessManage:473 - Download File STMicroelectronics.X-CUBE-AZRTOS-H7.pdsc
2023-06-14 19:17:31,892 [WARN] MainUpdater:1187 - Updater busy. Cannot search thirdparties
2023-06-14 19:17:31,893 [INFO] ThirdPartyUpdaterWithRetryManager:96 - Updater plugin is busy. [11/15]
2023-06-14 19:17:32,528 [INFO] ServerAccessManage:473 - Download File STMicroelectronics.X-CUBE-AZRTOS-F4.pdsc
2023-06-14 19:17:32,772 [INFO] ServerAccessManage:473 - Download File STMicroelectronics.X-CUBE-AZRTOS-F7.pdsc
2023-06-14 19:17:34,300 [INFO] ServerAccessManage:473 - Download File STMicroelectronics.X-CUBE-AZRTOS-L4.pdsc
2023-06-14 19:17:34,517 [INFO] ServerAccessManage:473 - Download File STMicroelectronics.X-CUBE-AZRTOS-L5.pdsc
2023-06-14 19:17:34,852 [INFO] ServerAccessManage:473 - Download File STMicroelectronics.X-CUBE-AZRTOS-G0.pdsc
2023-06-14 19:17:34,908 [WARN] MainUpdater:1187 - Updater busy. Cannot search thirdparties
2023-06-14 19:17:34,908 [INFO] ThirdPartyUpdaterWithRetryManager:96 - Updater plugin is busy. [12/15]
2023-06-14 19:17:35,249 [INFO] ServerAccessManage:473 - Download File STMicroelectronics.X-CUBE-AZRTOS-G4.pdsc
2023-06-14 19:17:35,545 [INFO] ServerAccessManage:473 - Download File STMicroelectronics.X-CUBE-AZRTOS-WB.pdsc
2023-06-14 19:17:35,774 [INFO] ServerAccessManage:473 - Download File STMicroelectronics.X-CUBE-AZRTOS-WL.pdsc
2023-06-14 19:17:37,512 [INFO] ServerAccessManage:473 - Download File wolfSSL.I-CUBE-wolfSSL.pdsc
2023-06-14 19:17:37,920 [WARN] MainUpdater:1187 - Updater busy. Cannot search thirdparties
2023-06-14 19:17:37,920 [INFO] ThirdPartyUpdaterWithRetryManager:96 - Updater plugin is busy. [13/15]
2023-06-14 19:17:40,924 [WARN] MainUpdater:1187 - Updater busy. Cannot search thirdparties
2023-06-14 19:17:40,924 [INFO] ThirdPartyUpdaterWithRetryManager:96 - Updater plugin is busy. [14/15]
2023-06-14 19:17:43,933 [WARN] MainUpdater:1187 - Updater busy. Cannot search thirdparties
2023-06-14 19:17:43,933 [INFO] ThirdPartyUpdaterWithRetryManager:96 - Updater plugin is busy. [15/15]
2023-06-14 19:17:43,933 [ERROR] IntegrityCheckThread:130 - Cannot retrieve database content from updater: error -1
2023-06-14 19:17:43,934 [INFO] ThirdParty:978 - Integrity check success = false
2023-06-14 19:17:43,934 [INFO] IntegrityCheckThread:100 - exiting critical section [integrity check]
2023-06-14 19:17:43,934 [INFO] IntegrityCheckThread:103 - End integrity checks thread
2023-06-14 19:17:44,164 [ERROR] ServerAccessManage:1089 - Problem, file not found on Server
2023-06-14 19:17:44,813 [ERROR] ServerAccessManage:1089 - Problem, file not found on Server
2023-06-14 19:17:45,549 [ERROR] ServerAccessManage:1089 - Problem, file not found on Server
2023-06-14 19:17:46,842 [ERROR] ServerAccessManage:1096 - Problem, Http access forbiden
2023-06-14 19:17:46,843 [ERROR] ServerAccessManage:651 - Problem, Http access forbiden : RoweBots.I-CUBE-UNISONRTOS.pdsc.
2023-06-14 19:17:48,408 [INFO] ServerAccessManage:473 - Download File SEGGER.I-CUBE-embOS.pdsc
2023-06-14 19:17:48,555 [INFO] MainUpdater:2854 - connection check result : 10
2023-06-14 19:17:52,202 [INFO] ServerAccessManage:473 - Download File portGmbH.I-Cube-SoM-uGOAL.pdsc
2023-06-14 19:17:54,873 [ERROR] ServerAccessManage:1089 - Problem, file not found on Server
2023-06-14 19:17:55,139 [ERROR] ServerAccessManage:1089 - Problem, file not found on Server
2023-06-14 19:17:55,403 [ERROR] ServerAccessManage:1089 - Problem, file not found on Server
2023-06-14 19:17:57,300 [INFO] ServerAccessManage:473 - Download File emotas.I-CUBE-CANOPEN.pdsc
2023-06-14 19:17:59,637 [INFO] ServerAccessManage:473 - Download File WES.I-CUBE-Cesium.pdsc
2023-06-14 19:18:02,356 [ERROR] ServerAccessManage:1089 - Problem, file not found on Server
2023-06-14 19:18:03,283 [ERROR] ServerAccessManage:1089 - Problem, file not found on Server
2023-06-14 19:18:03,350 [WARN] CheckServerUpdateThread:151 - Open CheckUpdateFile Fail
2023-06-14 19:18:03,370 [WARN] PackLoader:240 - Cannot read IP mode file for STMicroelectronics.FP-ATR-ASTRA1.2.0.0
2023-06-14 19:18:03,377 [WARN] PackLoader:240 - Cannot read IP mode file for STMicroelectronics.FP-ATR-SIGFOX1.3.2.0
2023-06-14 19:18:03,383 [WARN] PackLoader:240 - Cannot read IP mode file for STMicroelectronics.FP-SNS-FLIGHT1.5.0.1
2023-06-14 19:18:03,388 [ERROR] RealEvaluatedCondition:428 - Found unsupported composite condition: CLASS='Data Exchange' GROUP='STM32_MetaDataManager'
2023-06-14 19:18:03,388 [ERROR] RealEvaluatedCondition:428 - Found unsupported composite condition: CLASS='Data Exchange' GROUP='STM32_MetaDataManager'
2023-06-14 19:18:03,390 [WARN] PackLoader:240 - Cannot read IP mode file for STMicroelectronics.FP-SNS-MOTENV1.4.3.1
2023-06-14 19:18:03,397 [WARN] PackLoader:240 - Cannot read IP mode file for STMicroelectronics.X-CUBE-AI.8.0.1
2023-06-14 19:18:03,406 [WARN] PackLoader:240 - Cannot read IP mode file for STMicroelectronics.X-CUBE-ALS.1.0.1
2023-06-14 19:18:03,416 [WARN] PackLoader:240 - Cannot read IP mode file for STMicroelectronics.X-CUBE-BLE1.6.2.4
2023-06-14 19:18:03,423 [WARN] PackLoader:240 - Cannot read IP mode file for STMicroelectronics.X-CUBE-BLE2.3.3.0
2023-06-14 19:18:03,435 [WARN] PackLoader:240 - Cannot read IP mode file for STMicroelectronics.X-CUBE-BLEMGR.2.0.0
2023-06-14 19:18:03,461 [WARN] PackLoader:240 - Cannot read IP mode file for STMicroelectronics.X-CUBE-DISPLAY.3.0.0
2023-06-14 19:18:03,472 [WARN] PackLoader:240 - Cannot read IP mode file for STMicroelectronics.X-CUBE-EEPRMA1.4.1.0
2023-06-14 19:18:03,485 [INFO] CheckServerUpdateThread:120 - End of CheckServer Thread
2023-06-14 19:18:03,495 [WARN] PackLoader:240 - Cannot read IP mode file for STMicroelectronics.X-CUBE-FREERTOS.1.0.1
2023-06-14 19:18:03,504 [WARN] PackLoader:240 - Cannot read IP mode file for STMicroelectronics.X-CUBE-GNSS1.6.0.0
2023-06-14 19:18:03,511 [WARN] PackLoader:240 - Cannot read IP mode file for STMicroelectronics.X-CUBE-ISPU.1.1.0
2023-06-14 19:18:03,571 [WARN] PackLoader:240 - Cannot read IP mode file for STMicroelectronics.X-CUBE-MEMS1.9.6.0
2023-06-14 19:18:03,665 [INFO] McuFinderGlobals:66 - Set McuFinderConnectedMode to true
2023-06-14 19:18:03,744 [WARN] PackLoader:240 - Cannot read IP mode file for STMicroelectronics.X-CUBE-NFC4.3.0.0
2023-06-14 19:18:03,755 [WARN] PackLoader:240 - Cannot read IP mode file for STMicroelectronics.X-CUBE-NFC7.1.0.1
2023-06-14 19:18:03,765 [WARN] PackLoader:240 - Cannot read IP mode file for STMicroelectronics.X-CUBE-SFXS2LP1.4.0.0
2023-06-14 19:18:03,780 [WARN] PackLoader:240 - Cannot read IP mode file for STMicroelectronics.X-CUBE-SUBG2.5.0.0
2023-06-14 19:18:03,790 [WARN] PackLoader:240 - Cannot read IP mode file for STMicroelectronics.X-CUBE-SMBUS.2.1.0
2023-06-14 19:18:03,801 [WARN] PackLoader:240 - Cannot read IP mode file for STMicroelectronics.X-CUBE-TOF1.3.3.0
2023-06-14 19:18:03,823 [WARN] PackLoader:240 - Cannot read IP mode file for STMicroelectronics.X-CUBE-TOUCHGFX.4.21.4
2023-06-14 19:18:03,830 [WARN] PackLoader:240 - Cannot read IP mode file for STMicroelectronics.X-CUBE-ALGOBUILD.1.3.0
2023-06-14 19:18:03,848 [WARN] ConditionMgr:438 - getConditionDescription Invalid condition id : UX DEVICE CLASS RTOS Condition cause : null
2023-06-14 19:18:03,849 [WARN] ConditionMgr:438 - getConditionDescription Invalid condition id : UX DEVICE CLASS RTOS Condition cause : null
2023-06-14 19:18:03,854 [WARN] PackLoader:240 - Cannot read IP mode file for STMicroelectronics.X-CUBE-AZRTOS-H7.3.1.0
2023-06-14 19:18:03,855 [WARN] ConditionMgr:1039 - genDependencies : Invalid condition id : UX DEVICE CLASS RTOS Condition cause : null
2023-06-14 19:18:03,856 [WARN] ConditionMgr:1039 - genDependencies : Invalid condition id : UX DEVICE CLASS RTOS Condition cause : null
2023-06-14 19:18:03,857 [WARN] ConditionMgr:1039 - genDependencies : Invalid condition id : UX DEVICE CLASS RTOS Condition cause : null
2023-06-14 19:18:03,857 [WARN] ConditionMgr:1039 - genDependencies : Invalid condition id : UX DEVICE CLASS RTOS Condition cause : null
2023-06-14 19:18:03,858 [WARN] ConditionMgr:1039 - genDependencies : Invalid condition id : UX DEVICE CLASS RTOS Condition cause : null
2023-06-14 19:18:03,875 [WARN] PackLoader:240 - Cannot read IP mode file for STMicroelectronics.X-CUBE-AZRTOS-F4.1.1.0
2023-06-14 19:18:03,900 [WARN] PackLoader:240 - Cannot read IP mode file for STMicroelectronics.X-CUBE-AZRTOS-F7.1.1.0
2023-06-14 19:18:03,922 [WARN] ConditionMgr:438 - getConditionDescription Invalid condition id : LAN8742 Phy interface Condition cause : null
2023-06-14 19:18:03,924 [WARN] PackLoader:240 - Cannot read IP mode file for STMicroelectronics.X-CUBE-AZRTOS-L4.2.0.0
2023-06-14 19:18:03,926 [WARN] ConditionMgr:1039 - genDependencies : Invalid condition id : LAN8742 Phy interface Condition cause : null
2023-06-14 19:18:03,926 [WARN] ConditionMgr:1039 - genDependencies : Invalid condition id : LAN8742 Phy interface Condition cause : null
2023-06-14 19:18:03,927 [WARN] ConditionMgr:1039 - genDependencies : Invalid condition id : LAN8742 Phy interface Condition cause : null
2023-06-14 19:18:03,944 [WARN] PackLoader:240 - Cannot read IP mode file for STMicroelectronics.X-CUBE-AZRTOS-L5.1.1.0
2023-06-14 19:18:03,973 [WARN] PackLoader:240 - Cannot read IP mode file for STMicroelectronics.X-CUBE-AZRTOS-G0.1.1.0
2023-06-14 19:18:03,988 [WARN] PackLoader:240 - Cannot read IP mode file for STMicroelectronics.X-CUBE-AZRTOS-G4.2.0.0
2023-06-14 19:18:03,999 [INFO] ServerAccessManage:473 - Download File mcusAds.json._tmp_
2023-06-14 19:18:04,007 [WARN] PackLoader:240 - Cannot read IP mode file for STMicroelectronics.X-CUBE-AZRTOS-WB.1.1.0
2023-06-14 19:18:04,023 [INFO] LogOutputStream:77 - [STDOUT_REDIRECT] 1 : Invalid condition id : UX_CORESTACK_Condition cause : null
2023-06-14 19:18:04,024 [INFO] LogOutputStream:77 - [STDOUT_REDIRECT] 1 : Invalid condition id : UX_CORESTACK_Condition cause : null
2023-06-14 19:18:04,026 [INFO] LogOutputStream:77 - [STDOUT_REDIRECT] 1 : Invalid condition id : UX_CORESTACK_Condition cause : null
2023-06-14 19:18:04,029 [INFO] LogOutputStream:77 - [STDOUT_REDIRECT] 1 : Invalid condition id : UX_CORESTACK_Condition cause : null
2023-06-14 19:18:04,031 [INFO] LogOutputStream:77 - [STDOUT_REDIRECT] 1 : Invalid condition id : UX_CORESTACK_Condition cause : null
2023-06-14 19:18:04,041 [WARN] PackLoader:240 - Cannot read IP mode file for STMicroelectronics.X-CUBE-AZRTOS-WL.2.0.0
2023-06-14 19:18:04,049 [WARN] PackLoader:240 - Cannot read IP mode file for wolfSSL.I-CUBE-wolfSSL.5.6.0
2023-06-14 19:18:04,085 [WARN] PackLoader:240 - Cannot read IP mode file for SEGGER.I-CUBE-embOS.1.3.1
2023-06-14 19:18:04,112 [ERROR] LogOutputStream:75 - [STDERR_REDIRECT] java.lang.NullPointerException
2023-06-14 19:18:04,115 [ERROR] LogOutputStream:75 - [STDERR_REDIRECT] 	at com.st.stm32cube.common.mx.targetselector.TargetSelectorAdapter.getBoard(TargetSelectorAdapter.java:372)
2023-06-14 19:18:04,119 [ERROR] LogOutputStream:75 - [STDERR_REDIRECT] 	at com.st.stm32cube.common.projectcreation.ui.wizard.TargetSetupPageAbstract.getSelectedTargetName(TargetSetupPageAbstract.java:455)
2023-06-14 19:18:04,122 [ERROR] LogOutputStream:75 - [STDERR_REDIRECT] 	at com.st.stm32cube.common.projectcreation.ui.wizard.FirmwareSetupPage.setOptionGroupComposite(FirmwareSetupPage.java:252)
2023-06-14 19:18:04,125 [ERROR] LogOutputStream:75 - [STDERR_REDIRECT] 	at com.st.stm32cube.common.projectcreation.ui.wizard.FirmwareSetupPage.createControl(FirmwareSetupPage.java:208)
2023-06-14 19:18:04,127 [ERROR] LogOutputStream:75 - [STDERR_REDIRECT] 	at org.eclipse.jface.wizard.Wizard.createPageControls(Wizard.java:178)
2023-06-14 19:18:04,129 [ERROR] LogOutputStream:75 - [STDERR_REDIRECT] 	at org.eclipse.jface.wizard.WizardDialog.createPageControls(WizardDialog.java:743)
2023-06-14 19:18:04,133 [ERROR] LogOutputStream:75 - [STDERR_REDIRECT] 	at org.eclipse.jface.wizard.WizardDialog.createContents(WizardDialog.java:635)
2023-06-14 19:18:04,134 [INFO] LoadUrlFilesThread:156 - End of LoadUrlFiles Thread
2023-06-14 19:18:04,137 [ERROR] LogOutputStream:75 - [STDERR_REDIRECT] 	at org.eclipse.jface.window.Window.create(Window.java:431)
2023-06-14 19:18:04,140 [ERROR] LogOutputStream:75 - [STDERR_REDIRECT] 	at org.eclipse.jface.dialogs.Dialog.create(Dialog.java:1094)
2023-06-14 19:18:04,145 [ERROR] LogOutputStream:75 - [STDERR_REDIRECT] 	at org.eclipse.jface.window.Window.open(Window.java:788)
2023-06-14 19:18:04,146 [WARN] PackLoader:240 - Cannot read IP mode file for portGmbH.I-Cube-SoM-uGOAL.1.1.0
2023-06-14 19:18:04,151 [ERROR] LogOutputStream:75 - [STDERR_REDIRECT] 	at com.st.stm32cube.ide.mcu.informationcenter.WelcomePageAction.run(WelcomePageAction.java:54)
2023-06-14 19:18:04,155 [ERROR] LogOutputStream:75 - [STDERR_REDIRECT] 	at org.eclipse.ui.internal.intro.impl.model.url.IntroURL.runAction(IntroURL.java:279)
2023-06-14 19:18:04,157 [ERROR] LogOutputStream:75 - [STDERR_REDIRECT] 	at org.eclipse.ui.internal.intro.impl.model.url.IntroURL.doExecute(IntroURL.java:190)
2023-06-14 19:18:04,159 [WARN] PackLoader:240 - Cannot read IP mode file for emotas.I-CUBE-CANOPEN.1.1.3
2023-06-14 19:18:04,161 [ERROR] LogOutputStream:75 - [STDERR_REDIRECT] 	at org.eclipse.ui.internal.intro.impl.model.url.IntroURL.lambda$0(IntroURL.java:145)
2023-06-14 19:18:04,163 [ERROR] LogOutputStream:75 - [STDERR_REDIRECT] 	at org.eclipse.swt.custom.BusyIndicator.showWhile(BusyIndicator.java:74)
2023-06-14 19:18:04,165 [ERROR] LogOutputStream:75 - [STDERR_REDIRECT] 	at org.eclipse.ui.internal.intro.impl.model.url.IntroURL.execute(IntroURL.java:145)
2023-06-14 19:18:04,174 [WARN] PackLoader:240 - Cannot read IP mode file for WES.I-CUBE-Cesium.1.3.0
2023-06-14 19:18:04,174 [ERROR] LogOutputStream:75 - [STDERR_REDIRECT] 	at org.eclipse.ui.internal.intro.impl.presentations.BrowserIntroPartLocationListener.changing(BrowserIntroPartLocationListener.java:130)
2023-06-14 19:18:04,175 [INFO] PopulateThirdPartyThread:66 - Ending populate Thread
2023-06-14 19:18:04,176 [ERROR] LogOutputStream:75 - [STDERR_REDIRECT] 	at org.eclipse.swt.browser.IE.lambda$6(IE.java:525)
2023-06-14 19:18:04,179 [ERROR] LogOutputStream:75 - [STDERR_REDIRECT] 	at org.eclipse.swt.ole.win32.OleEventTable.sendEvent(OleEventTable.java:58)
2023-06-14 19:18:04,183 [ERROR] LogOutputStream:75 - [STDERR_REDIRECT] 	at org.eclipse.swt.ole.win32.OleEventSink.notifyListener(OleEventSink.java:160)
2023-06-14 19:18:04,185 [ERROR] LogOutputStream:75 - [STDERR_REDIRECT] 	at org.eclipse.swt.ole.win32.OleEventSink.Invoke(OleEventSink.java:128)
2023-06-14 19:18:04,185 [INFO] ThirdParty:1030 - CMSIS Pack Vendor :STMicroelectronics X-CUBE-ISPU 1.1.0
2023-06-14 19:18:04,186 [INFO] ThirdParty:1030 - CMSIS Pack Vendor :STMicroelectronics X-CUBE-DISPLAY 3.0.0
2023-06-14 19:18:04,186 [INFO] ThirdParty:1030 - CMSIS Pack Vendor :STMicroelectronics X-CUBE-GNSS1 6.0.0
2023-06-14 19:18:04,186 [INFO] ThirdParty:1030 - CMSIS Pack Vendor :STMicroelectronics X-CUBE-AZRTOS-F4 1.1.0
2023-06-14 19:18:04,187 [INFO] ThirdParty:1030 - CMSIS Pack Vendor :STMicroelectronics FP-ATR-SIGFOX1 3.2.0
2023-06-14 19:18:04,187 [INFO] ThirdParty:1030 - CMSIS Pack Vendor :STMicroelectronics X-CUBE-SMBUS 2.1.0
2023-06-14 19:18:04,187 [ERROR] LogOutputStream:75 - [STDERR_REDIRECT] 	at org.eclipse.swt.ole.win32.OleEventSink$1.method6(OleEventSink.java:79)
2023-06-14 19:18:04,188 [INFO] ThirdParty:1030 - CMSIS Pack Vendor :wolfSSL I-CUBE-wolfSSL 5.6.0
2023-06-14 19:18:04,188 [INFO] ThirdParty:1030 - CMSIS Pack Vendor :STMicroelectronics X-CUBE-FREERTOS 1.0.1
2023-06-14 19:18:04,189 [INFO] ThirdParty:1030 - CMSIS Pack Vendor :STMicroelectronics X-CUBE-NFC7 1.0.1
2023-06-14 19:18:04,189 [INFO] ThirdParty:1030 - CMSIS Pack Vendor :STMicroelectronics X-CUBE-TOUCHGFX 4.21.4
2023-06-14 19:18:04,190 [INFO] ThirdParty:1030 - CMSIS Pack Vendor :STMicroelectronics X-CUBE-AZRTOS-F7 1.1.0
2023-06-14 19:18:04,191 [ERROR] LogOutputStream:75 - [STDERR_REDIRECT] 	at org.eclipse.swt.internal.ole.win32.COMObject.callback6(COMObject.java:120)
2023-06-14 19:18:04,191 [INFO] ThirdParty:1030 - CMSIS Pack Vendor :STMicroelectronics X-CUBE-ALS 1.0.1
2023-06-14 19:18:04,192 [INFO] ThirdParty:1030 - CMSIS Pack Vendor :STMicroelectronics X-CUBE-EEPRMA1 4.1.0
2023-06-14 19:18:04,192 [INFO] ThirdParty:1030 - CMSIS Pack Vendor :portGmbH I-Cube-SoM-uGOAL 1.1.0
2023-06-14 19:18:04,192 [INFO] ThirdParty:1030 - CMSIS Pack Vendor :STMicroelectronics X-CUBE-MEMS1 9.6.0
2023-06-14 19:18:04,193 [INFO] ThirdParty:1030 - CMSIS Pack Vendor :STMicroelectronics X-CUBE-AZRTOS-WB 1.1.0
2023-06-14 19:18:04,193 [INFO] ThirdParty:1030 - CMSIS Pack Vendor :STMicroelectronics FP-SNS-FLIGHT1 5.0.1
2023-06-14 19:18:04,193 [INFO] ThirdParty:1030 - CMSIS Pack Vendor :STMicroelectronics FP-SNS-MOTENV1 4.3.1
2023-06-14 19:18:04,193 [INFO] ThirdParty:1030 - CMSIS Pack Vendor :STMicroelectronics X-CUBE-ALGOBUILD 1.3.0
2023-06-14 19:18:04,193 [INFO] ThirdParty:1030 - CMSIS Pack Vendor :STMicroelectronics X-CUBE-AZRTOS-WL 2.0.0
2023-06-14 19:18:04,194 [INFO] ThirdParty:1030 - CMSIS Pack Vendor :SEGGER I-CUBE-embOS 1.3.1
2023-06-14 19:18:04,194 [INFO] ThirdParty:1030 - CMSIS Pack Vendor :STMicroelectronics X-CUBE-BLE1 6.2.4
2023-06-14 19:18:04,194 [ERROR] LogOutputStream:75 - [STDERR_REDIRECT] 	at org.eclipse.swt.internal.win32.OS.DispatchMessage(Native Method)
2023-06-14 19:18:04,194 [INFO] ThirdParty:1030 - CMSIS Pack Vendor :STMicroelectronics X-CUBE-AZRTOS-L5 1.1.0
2023-06-14 19:18:04,194 [INFO] ThirdParty:1030 - CMSIS Pack Vendor :STMicroelectronics X-CUBE-AZRTOS-G0 1.1.0
2023-06-14 19:18:04,195 [INFO] ThirdParty:1030 - CMSIS Pack Vendor :emotas I-CUBE-CANOPEN 1.1.3
2023-06-14 19:18:04,195 [INFO] ThirdParty:1030 - CMSIS Pack Vendor :STMicroelectronics X-CUBE-AI 8.0.1
2023-06-14 19:18:04,196 [INFO] ThirdParty:1030 - CMSIS Pack Vendor :STMicroelectronics X-CUBE-BLEMGR 2.0.0
2023-06-14 19:18:04,196 [INFO] ThirdParty:1030 - CMSIS Pack Vendor :STMicroelectronics X-CUBE-NFC4 3.0.0
2023-06-14 19:18:04,197 [INFO] ThirdParty:1030 - CMSIS Pack Vendor :STMicroelectronics X-CUBE-SUBG2 5.0.0
2023-06-14 19:18:04,197 [ERROR] LogOutputStream:75 - [STDERR_REDIRECT] 	at org.eclipse.swt.widgets.Display.readAndDispatch(Display.java:3630)
2023-06-14 19:18:04,197 [INFO] ThirdParty:1030 - CMSIS Pack Vendor :STMicroelectronics X-CUBE-AZRTOS-L4 2.0.0
2023-06-14 19:18:04,197 [INFO] ThirdParty:1030 - CMSIS Pack Vendor :STMicroelectronics FP-ATR-ASTRA1 2.0.0
2023-06-14 19:18:04,198 [INFO] ThirdParty:1030 - CMSIS Pack Vendor :WES I-CUBE-Cesium 1.3.0
2023-06-14 19:18:04,198 [INFO] ThirdParty:1030 - CMSIS Pack Vendor :STMicroelectronics X-CUBE-SFXS2LP1 4.0.0
2023-06-14 19:18:04,199 [INFO] ThirdParty:1030 - CMSIS Pack Vendor :STMicroelectronics X-CUBE-BLE2 3.3.0
2023-06-14 19:18:04,199 [INFO] ThirdParty:1030 - CMSIS Pack Vendor :STMicroelectronics X-CUBE-AZRTOS-G4 2.0.0
2023-06-14 19:18:04,199 [INFO] ThirdParty:1030 - CMSIS Pack Vendor :STMicroelectronics X-CUBE-TOF1 3.3.0
2023-06-14 19:18:04,199 [INFO] ThirdParty:1030 - CMSIS Pack Vendor :STMicroelectronics X-CUBE-AZRTOS-H7 3.1.0
2023-06-14 19:18:04,200 [INFO] LoadServerUpdatesThread:373 - End of LoadServerUpdate Thread
2023-06-14 19:18:04,200 [ERROR] LogOutputStream:75 - [STDERR_REDIRECT] 	at com.st.stm32cube.common.mx.oss.core.awtswtbridge.SwtInputBlocker.open(SwtInputBlocker.java:55)
2023-06-14 19:18:04,205 [ERROR] LogOutputStream:75 - [STDERR_REDIRECT] 	at com.st.stm32cube.common.mx.oss.core.awtswtbridge.SwtInputBlocker.block(SwtInputBlocker.java:111)
2023-06-14 19:18:04,207 [ERROR] LogOutputStream:75 - [STDERR_REDIRECT] 	at com.st.stm32cube.common.mx.oss.core.awtswtbridge.AwtEnvironment.invokeAwt(AwtEnvironment.java:179)
2023-06-14 19:18:04,210 [ERROR] LogOutputStream:75 - [STDERR_REDIRECT] 	at com.st.stm32cube.common.mx.oss.core.awtswtbridge.AwtEnvironment.invokeAwtAndBlockSwt(AwtEnvironment.java:206)
2023-06-14 19:18:04,213 [ERROR] LogOutputStream:75 - [STDERR_REDIRECT] 	at com.st.stm32cube.common.mx.targetselector.TargetSelectorAdapter.launchMCUFinder(TargetSelectorAdapter.java:233)
2023-06-14 19:18:04,215 [ERROR] LogOutputStream:75 - [STDERR_REDIRECT] 	at com.st.stm32cube.common.mx.targetselector.TargetSelectorAdapter.addTargetSelector(TargetSelectorAdapter.java:181)
2023-06-14 19:18:04,218 [ERROR] LogOutputStream:75 - [STDERR_REDIRECT] 	at com.st.stm32cube.common.projectcreation.ui.wizard.TargetSetupPageAbstract.createControl(TargetSetupPageAbstract.java:131)
2023-06-14 19:18:04,220 [ERROR] LogOutputStream:75 - [STDERR_REDIRECT] 	at org.eclipse.jface.wizard.Wizard.createPageControls(Wizard.java:178)
2023-06-14 19:18:04,223 [ERROR] LogOutputStream:75 - [STDERR_REDIRECT] 	at org.eclipse.jface.wizard.WizardDialog.createPageControls(WizardDialog.java:743)
2023-06-14 19:18:04,225 [ERROR] LogOutputStream:75 - [STDERR_REDIRECT] 	at org.eclipse.jface.wizard.WizardDialog.createContents(WizardDialog.java:635)
2023-06-14 19:18:04,227 [ERROR] LogOutputStream:75 - [STDERR_REDIRECT] 	at org.eclipse.jface.window.Window.create(Window.java:431)
2023-06-14 19:18:04,229 [ERROR] LogOutputStream:75 - [STDERR_REDIRECT] 	at org.eclipse.jface.dialogs.Dialog.create(Dialog.java:1094)
2023-06-14 19:18:04,231 [ERROR] LogOutputStream:75 - [STDERR_REDIRECT] 	at org.eclipse.jface.window.Window.open(Window.java:788)
2023-06-14 19:18:04,233 [ERROR] LogOutputStream:75 - [STDERR_REDIRECT] 	at com.st.stm32cube.ide.mcu.informationcenter.WelcomePageAction.run(WelcomePageAction.java:54)
2023-06-14 19:18:04,236 [ERROR] LogOutputStream:75 - [STDERR_REDIRECT] 	at org.eclipse.ui.internal.intro.impl.model.url.IntroURL.runAction(IntroURL.java:279)
2023-06-14 19:18:04,239 [ERROR] LogOutputStream:75 - [STDERR_REDIRECT] 	at org.eclipse.ui.internal.intro.impl.model.url.IntroURL.doExecute(IntroURL.java:190)
2023-06-14 19:18:04,241 [ERROR] LogOutputStream:75 - [STDERR_REDIRECT] 	at org.eclipse.ui.internal.intro.impl.model.url.IntroURL.lambda$0(IntroURL.java:145)
2023-06-14 19:18:04,243 [ERROR] LogOutputStream:75 - [STDERR_REDIRECT] 	at org.eclipse.swt.custom.BusyIndicator.showWhile(BusyIndicator.java:74)
2023-06-14 19:18:04,246 [ERROR] LogOutputStream:75 - [STDERR_REDIRECT] 	at org.eclipse.ui.internal.intro.impl.model.url.IntroURL.execute(IntroURL.java:145)
2023-06-14 19:18:04,250 [ERROR] LogOutputStream:75 - [STDERR_REDIRECT] 	at org.eclipse.ui.internal.intro.impl.presentations.BrowserIntroPartLocationListener.changing(BrowserIntroPartLocationListener.java:130)
2023-06-14 19:18:04,252 [ERROR] LogOutputStream:75 - [STDERR_REDIRECT] 	at org.eclipse.swt.browser.IE.lambda$6(IE.java:525)
2023-06-14 19:18:04,254 [ERROR] LogOutputStream:75 - [STDERR_REDIRECT] 	at org.eclipse.swt.ole.win32.OleEventTable.sendEvent(OleEventTable.java:58)
2023-06-14 19:18:04,256 [ERROR] LogOutputStream:75 - [STDERR_REDIRECT] 	at org.eclipse.swt.ole.win32.OleEventSink.notifyListener(OleEventSink.java:160)
2023-06-14 19:18:04,259 [ERROR] LogOutputStream:75 - [STDERR_REDIRECT] 	at org.eclipse.swt.ole.win32.OleEventSink.Invoke(OleEventSink.java:128)
2023-06-14 19:18:04,261 [ERROR] LogOutputStream:75 - [STDERR_REDIRECT] 	at org.eclipse.swt.ole.win32.OleEventSink$1.method6(OleEventSink.java:79)
2023-06-14 19:18:04,263 [ERROR] LogOutputStream:75 - [STDERR_REDIRECT] 	at org.eclipse.swt.internal.ole.win32.COMObject.callback6(COMObject.java:120)
2023-06-14 19:18:04,266 [ERROR] LogOutputStream:75 - [STDERR_REDIRECT] 	at org.eclipse.swt.internal.win32.OS.DispatchMessage(Native Method)
2023-06-14 19:18:04,268 [ERROR] LogOutputStream:75 - [STDERR_REDIRECT] 	at org.eclipse.swt.widgets.Display.readAndDispatch(Display.java:3630)
2023-06-14 19:18:04,271 [ERROR] LogOutputStream:75 - [STDERR_REDIRECT] 	at org.eclipse.e4.ui.internal.workbench.swt.PartRenderingEngine$5.run(PartRenderingEngine.java:1155)
2023-06-14 19:18:04,273 [ERROR] LogOutputStream:75 - [STDERR_REDIRECT] 	at org.eclipse.core.databinding.observable.Realm.runWithDefault(Realm.java:338)
2023-06-14 19:18:04,275 [ERROR] LogOutputStream:75 - [STDERR_REDIRECT] 	at org.eclipse.e4.ui.internal.workbench.swt.PartRenderingEngine.run(PartRenderingEngine.java:1046)
2023-06-14 19:18:04,277 [ERROR] LogOutputStream:75 - [STDERR_REDIRECT] 	at org.eclipse.e4.ui.internal.workbench.E4Workbench.createAndRunUI(E4Workbench.java:155)
2023-06-14 19:18:04,280 [ERROR] LogOutputStream:75 - [STDERR_REDIRECT] 	at org.eclipse.ui.internal.Workbench.lambda$3(Workbench.java:644)
2023-06-14 19:18:04,282 [ERROR] LogOutputStream:75 - [STDERR_REDIRECT] 	at org.eclipse.core.databinding.observable.Realm.runWithDefault(Realm.java:338)
2023-06-14 19:18:04,284 [ERROR] LogOutputStream:75 - [STDERR_REDIRECT] 	at org.eclipse.ui.internal.Workbench.createAndRunWorkbench(Workbench.java:551)
2023-06-14 19:18:04,285 [ERROR] LogOutputStream:75 - [STDERR_REDIRECT] 	at org.eclipse.ui.PlatformUI.createAndRunWorkbench(PlatformUI.java:156)
2023-06-14 19:18:04,288 [ERROR] LogOutputStream:75 - [STDERR_REDIRECT] 	at org.eclipse.ui.internal.ide.application.IDEApplication.start(IDEApplication.java:152)
2023-06-14 19:18:04,297 [ERROR] LogOutputStream:75 - [STDERR_REDIRECT] 	at org.eclipse.equinox.internal.app.EclipseAppHandle.run(EclipseAppHandle.java:203)
2023-06-14 19:18:04,299 [ERROR] LogOutputStream:75 - [STDERR_REDIRECT] 	at org.eclipse.core.runtime.internal.adaptor.EclipseAppLauncher.runApplication(EclipseAppLauncher.java:136)
2023-06-14 19:18:04,301 [ERROR] LogOutputStream:75 - [STDERR_REDIRECT] 	at org.eclipse.core.runtime.internal.adaptor.EclipseAppLauncher.start(EclipseAppLauncher.java:104)
2023-06-14 19:18:04,304 [ERROR] LogOutputStream:75 - [STDERR_REDIRECT] 	at org.eclipse.core.runtime.adaptor.EclipseStarter.run(EclipseStarter.java:401)
2023-06-14 19:18:04,306 [ERROR] LogOutputStream:75 - [STDERR_REDIRECT] 	at org.eclipse.core.runtime.adaptor.EclipseStarter.run(EclipseStarter.java:255)
2023-06-14 19:18:04,309 [ERROR] LogOutputStream:75 - [STDERR_REDIRECT] 	at java.base/jdk.internal.reflect.NativeMethodAccessorImpl.invoke0(Native Method)
2023-06-14 19:18:04,311 [ERROR] LogOutputStream:75 - [STDERR_REDIRECT] 	at java.base/jdk.internal.reflect.NativeMethodAccessorImpl.invoke(NativeMethodAccessorImpl.java:62)
2023-06-14 19:18:04,312 [ERROR] LogOutputStream:75 - [STDERR_REDIRECT] 	at java.base/jdk.internal.reflect.DelegatingMethodAccessorImpl.invoke(DelegatingMethodAccessorImpl.java:43)
2023-06-14 19:18:04,314 [ERROR] LogOutputStream:75 - [STDERR_REDIRECT] 	at java.base/java.lang.reflect.Method.invoke(Method.java:566)
2023-06-14 19:18:04,316 [ERROR] LogOutputStream:75 - [STDERR_REDIRECT] 	at org.eclipse.equinox.launcher.Main.invokeFramework(Main.java:659)
2023-06-14 19:18:04,317 [ERROR] LogOutputStream:75 - [STDERR_REDIRECT] 	at org.eclipse.equinox.launcher.Main.basicRun(Main.java:596)
2023-06-14 19:18:04,319 [ERROR] LogOutputStream:75 - [STDERR_REDIRECT] 	at org.eclipse.equinox.launcher.Main.run(Main.java:1467)
2023-06-14 19:18:04,376 [INFO] ApiDb:581 - Connected to CubeFinder SQLite database (C:\Users\wind\.stmcufinder\plugins\mcufinder\mcu\cube-finder-db.db)
2023-06-14 19:18:04,444 [INFO] ApiDb:668 - CubeFinder database Data Model version=2.1
2023-06-14 19:18:04,444 [INFO] ApiDb:669 - CubeFinder database Configuration version=3.0.35
2023-06-14 19:18:04,444 [INFO] ApiDb:670 - CubeFinder database generation date=2023-02-21 (1676964986)
2023-06-14 19:18:04,445 [INFO] ApiDb:671 - CubeFinder database FW Pack versions=[FP-ATR-ASTRA1_V1.1.1, STM32Cube_FW_C0_V1.0.1, STM32Cube_FW_F0_V1.11.4, STM32Cube_FW_F3_V1.11.4, STM32Cube_FW_F4_V1.27.1, STM32Cube_FW_F7_V1.17.0, STM32Cube_FW_G0_V1.6.1, STM32Cube_FW_G4_V1.5.1, STM32Cube_FW_H5_V0.5.1, STM32Cube_FW_H5_V1.0.0, STM32Cube_FW_H7_V1.11.0, STM32Cube_FW_L0_V1.12.2, STM32Cube_FW_L5_V1.5.0, STM32Cube_FW_U5_V1.2.0, STM32Cube_FW_WBA_V1.0.0, STM32Cube_FW_WBA_V1.0.0RC1, STM32Cube_FW_WBA_V1.0.0RC3, STM32Cube_FW_WB_V1.15.0RC1, STM32Cube_FW_WB_V1.16.0, STM32Cube_FW_WB_V1.16.0RC2, STM32Cube_FW_WL_V1.3.0, X-CUBE-ALGOBUILD_V1.3.0, X-CUBE-ALS_V1.0.1, X-CUBE-AZRTOS-F4_V1.1.0, X-CUBE-AZRTOS-F7_V1.1.0, X-CUBE-AZRTOS-G0_V1.1.0, X-CUBE-AZRTOS-G4_V1.0.0, X-CUBE-AZRTOS-H7_V3.0.0, X-CUBE-AZRTOS-L4_V1.0.0, X-CUBE-AZRTOS-L5_V1.1.0, X-CUBE-AZRTOS-WB_V1.1.0, X-CUBE-AZRTOS-WL_V1.0.0, X-CUBE-BLE1_V6.2.4, X-CUBE-BLE2_V3.3.0, X-CUBE-BLEMGR_V1.3.0, X-CUBE-EEPRMA1_V4.1.0, X-CUBE-GNSS1_V6.0.0, X-CUBE-MEMS1_V9.1.0, X-CUBE-MEMS1_V9.4.0, X-CUBE-MEMS1_V9.5.0, X-CUBE-NFC4_V3.0.0, X-CUBE-NFC7_V1.0.0, X-CUBE-SFXS2LP1_V4.0.0, X-CUBE-SUBG2_V5.0.0]
2023-06-14 19:18:04,533 [INFO] DbBoardsSqlite:226 - include board P-NUCLEO-WB55-NUCLEO as a kit item of type 'Nucleo-64'
2023-06-14 19:18:04,534 [INFO] DbBoardsSqlite:226 - include board P-NUCLEO-WB55-USBDONGLE as a kit item of type 'Nucleo USB Dongle'
2023-06-14 19:18:04,534 [INFO] DbBoardsSqlite:226 - include board STEVAL-IDP005V1 as a kit item of type 'Evaluation Board'
2023-06-14 19:18:04,535 [INFO] DbBoardsSqlite:226 - include board STEVAL-IDP005V2 as a kit item of type 'Evaluation Board'
2023-06-14 19:18:04,584 [INFO] ApiDb:240 - Found 297 in-development CPN: [B-G473E-ZEST1S, B-WB1M-WPAN1, B-WL5M-SUBG1, NUCLEO-C031C6, NUCLEO-H503RB, NUCLEO-H563ZI, NUCLEO-U545RE-Q, NUCLEO-U5A5ZJ-Q, NUCLEO-WBA52CG, STEVAL-PROTEUS1, STEVAL-STWINBX1, STM320518-EVAL, STM32C0116-DK, STM32C011D6Y3TR, STM32C011D6Y6TR, STM32C011F4P3, STM32C011F4P6, STM32C011F4U3, STM32C011F4U6TR, STM32C011F6P3, STM32C011F6P6, STM32C011F6U3, STM32C011F6U6TR, STM32C011J4M3, STM32C011J4M6, STM32C011J6M3, STM32C011J6M6, STM32C0316-DK, STM32C031C4T3, STM32C031C4T6, STM32C031C4U3, STM32C031C4U6, STM32C031C6T3, STM32C031C6T6, STM32C031C6U3, STM32C031C6U6, STM32C031F4P3, STM32C031F4P6, STM32C031F6P3, STM32C031F6P6, STM32C031G4U3, STM32C031G4U6, STM32C031G6U3, STM32C031G6U6, STM32C031K4T3, STM32C031K4T6, STM32C031K4U3, STM32C031K4U6, STM32C031K6T3, STM32C031K6T6, STM32C031K6U3, STM32C031K6U6, STM32G071K8TXN, STM32G071K8UXN, STM32G081GBU6N, STM32G081KBT6N, STM32G081KBUXN, STM32G0B1CCT6N, STM32G0B1KCT6, STM32G0B1NEY6TR, STM32G0B1RCT6N, STM32G0C1CCT6, STM32G0C1CCT6N, STM32G0C1CCU6N, STM32G0C1CET6N, STM32G0C1CEU6N, STM32G0C1KCT6, STM32G0C1NEY6TR, STM32G0C1RCI6N, STM32G0C1RCT6N, STM32G0C1REI6N, STM32G0C1RET6N, STM32G0C1VCI6, STM32G0C1VEI6, STM32G471CCT6, STM32G471CCU6, STM32G471CET3, STM32G471CET6, STM32G471CEU3, STM32G471CEU6, STM32G471MCT6, STM32G471MET3, STM32G471MET6, STM32G471MEY6TR, STM32G471QCT6, STM32G471QET3, STM32G471RCT6, STM32G471RET3, STM32G471RET6, STM32G471VCH6, STM32G471VCI6, STM32G471VCT6, STM32G471VEH3, STM32G471VEH6, STM32G471VEI3, STM32G471VEI6, STM32G471VET3, STM32G471VET6, STM32G474CCT6, STM32H503CBT6, STM32H503CBU6, STM32H503EBY6TR, STM32H503KBU6, STM32H503RBT6, STM32H562AGI6, STM32H562AII6, STM32H562IGK6, STM32H562IGT6, STM32H562IIK6, STM32H562IIT6, STM32H562RGT6, STM32H562RGV6, STM32H562RIT6, STM32H562RIV6, STM32H562VGT6, STM32H562VIT6, STM32H562ZGT6, STM32H562ZIT6, STM32H563AGI6, STM32H563AII3Q, STM32H563AII6, STM32H563IGK6, STM32H563IGT6, STM32H563IIK3Q, STM32H563IIK6, STM32H563IIT3Q, STM32H563IIT6, STM32H563MIY3QTR, STM32H563RGT6, STM32H563RGV6, STM32H563RIT6, STM32H563RIV6, STM32H563VGT6, STM32H563VIT3Q, STM32H563VIT6, STM32H563ZGT6, STM32H563ZIT3Q, STM32H563ZIT6, STM32H573AII3Q, STM32H573AII6, STM32H573I-DK, STM32H573IIK3Q, STM32H573IIK6, STM32H573IIT3Q, STM32H573IIT6, STM32H573MIY3QTR, STM32H573RIT6, STM32H573RIV6, STM32H573VIT3Q, STM32H573VIT6, STM32H573ZIT3Q, STM32H573ZIT6, STM32L4R5QGI6STR, STM32MP131AAE3, STM32MP131AAF3, STM32MP131AAG3, STM32MP131CAE3, STM32MP131CAF3, STM32MP131CAG3, STM32MP131DAE7, STM32MP131DAF7, STM32MP131DAG7, STM32MP131FAE7, STM32MP131FAF7, STM32MP131FAG7, STM32MP133AAE3, STM32MP133AAF3, STM32MP133AAG3, STM32MP133CAE3, STM32MP133CAF3, STM32MP133CAG3, STM32MP133DAE7, STM32MP133DAF7, STM32MP133DAG7, STM32MP133FAE7, STM32MP133FAF7, STM32MP133FAG7, STM32MP135AAE3, STM32MP135AAF3, STM32MP135AAG3, STM32MP135CAE3, STM32MP135CAF3, STM32MP135CAG3, STM32MP135DAE7, STM32MP135DAF7, STM32MP135DAG7, STM32MP135F-DK, STM32MP135FAE7, STM32MP135FAF7, STM32MP135FAF7T, STM32MP135FAF7U, STM32MP135FAG7, STM32U535CBT6, STM32U535CBT6Q, STM32U535CBU6, STM32U535CBU6Q, STM32U535CCT6, STM32U535CCT6Q, STM32U535CCU6, STM32U535CCU6Q, STM32U535CET6, STM32U535CET6Q, STM32U535CEU6, STM32U535CEU6Q, STM32U535JEY6QTR, STM32U535NCY6QTR, STM32U535NEY6QTR, STM32U535RBI6, STM32U535RBI6Q, STM32U535RBT6, STM32U535RBT6Q, STM32U535RCI6, STM32U535RCI6Q, STM32U535RCT6, STM32U535RCT6Q, STM32U535REI6, STM32U535REI6Q, STM32U535RET6, STM32U535RET6Q, STM32U535VCI6, STM32U535VCI6Q, STM32U535VCT6, STM32U535VCT6Q, STM32U535VEI6, STM32U535VEI6Q, STM32U535VET6, STM32U535VET6Q, STM32U545CET6, STM32U545CET6Q, STM32U545CEU6, STM32U545CEU6Q, STM32U545JEY6QTR, STM32U545NEY6QTR, STM32U545REI6, STM32U545REI6Q, STM32U545RET6, STM32U545RET6Q, STM32U545VEI6, STM32U545VEI6Q, STM32U545VET6, STM32U545VET6Q, STM32U595AIH6, STM32U595AIH6Q, STM32U595AJH6, STM32U595AJH6Q, STM32U595QII6, STM32U595QII6Q, STM32U595QJI6, STM32U595QJI6Q, STM32U595RIT6, STM32U595RIT6Q, STM32U595RJT6, STM32U595RJT6Q, STM32U595VIT6, STM32U595VIT6Q, STM32U595VJT6, STM32U595VJT6Q, STM32U595ZIT6, STM32U595ZIT6Q, STM32U595ZIY6QTR, STM32U595ZJT6, STM32U595ZJT6Q, STM32U595ZJY6QTR, STM32U599BJY6QTR, STM32U599NIH6Q, STM32U599NJH6Q, STM32U599VIT6Q, STM32U599VJT6, STM32U599VJT6Q, STM32U599ZIT6Q, STM32U599ZIY6QTR, STM32U599ZJT6Q, STM32U599ZJY6QTR, STM32U5A5AJH6, STM32U5A5AJH6Q, STM32U5A5QJI6, STM32U5A5QJI6Q, STM32U5A5RJT6, STM32U5A5RJT6Q, STM32U5A5VJT6, STM32U5A5VJT6Q, STM32U5A5ZJT6, STM32U5A5ZJT6Q, STM32U5A5ZJY6QTR, STM32U5A9BJY6QTR, STM32U5A9J-DK, STM32U5A9NJH6Q, STM32U5A9VJT6Q, STM32U5A9ZJT6Q, STM32U5A9ZJY6QTR, STM32WB1MMCH6, STM32WBA52CEU6, STM32WBA52CEU6T, STM32WBA52CGU6, STM32WBA52CGU6T, STM32WL5MOCH6, STM32WL5MOCH6TR]
2023-06-14 19:18:04,688 [INFO] BoardInfo:880 - No configuration file found for board P-NUCLEO-WB55
2023-06-14 19:18:04,688 [INFO] DbBoards:157 - Kit is not supported: P-NUCLEO-WB55
2023-06-14 19:18:04,691 [INFO] BoardInfo:880 - No configuration file found for board STEVAL-BFA001V1B
2023-06-14 19:18:04,691 [INFO] DbBoards:157 - Kit is not supported: STEVAL-BFA001V1B
2023-06-14 19:18:04,692 [INFO] BoardInfo:880 - No configuration file found for board STEVAL-BFA001V2B
2023-06-14 19:18:04,692 [INFO] DbBoards:157 - Kit is not supported: STEVAL-BFA001V2B
2023-06-14 19:18:04,785 [INFO] DbBoards:161 - Found 187 boards, 184 are supported
2023-06-14 19:18:04,789 [INFO] ApiDb:668 - CubeFinder database Data Model version=2.1
2023-06-14 19:18:04,789 [INFO] ApiDb:669 - CubeFinder database Configuration version=3.0.35
2023-06-14 19:18:04,789 [INFO] ApiDb:670 - CubeFinder database generation date=2023-02-21 (1676964986)
2023-06-14 19:18:04,789 [INFO] ApiDb:671 - CubeFinder database FW Pack versions=[FP-ATR-ASTRA1_V1.1.1, STM32Cube_FW_C0_V1.0.1, STM32Cube_FW_F0_V1.11.4, STM32Cube_FW_F3_V1.11.4, STM32Cube_FW_F4_V1.27.1, STM32Cube_FW_F7_V1.17.0, STM32Cube_FW_G0_V1.6.1, STM32Cube_FW_G4_V1.5.1, STM32Cube_FW_H5_V0.5.1, STM32Cube_FW_H5_V1.0.0, STM32Cube_FW_H7_V1.11.0, STM32Cube_FW_L0_V1.12.2, STM32Cube_FW_L5_V1.5.0, STM32Cube_FW_U5_V1.2.0, STM32Cube_FW_WBA_V1.0.0, STM32Cube_FW_WBA_V1.0.0RC1, STM32Cube_FW_WBA_V1.0.0RC3, STM32Cube_FW_WB_V1.15.0RC1, STM32Cube_FW_WB_V1.16.0, STM32Cube_FW_WB_V1.16.0RC2, STM32Cube_FW_WL_V1.3.0, X-CUBE-ALGOBUILD_V1.3.0, X-CUBE-ALS_V1.0.1, X-CUBE-AZRTOS-F4_V1.1.0, X-CUBE-AZRTOS-F7_V1.1.0, X-CUBE-AZRTOS-G0_V1.1.0, X-CUBE-AZRTOS-G4_V1.0.0, X-CUBE-AZRTOS-H7_V3.0.0, X-CUBE-AZRTOS-L4_V1.0.0, X-CUBE-AZRTOS-L5_V1.1.0, X-CUBE-AZRTOS-WB_V1.1.0, X-CUBE-AZRTOS-WL_V1.0.0, X-CUBE-BLE1_V6.2.4, X-CUBE-BLE2_V3.3.0, X-CUBE-BLEMGR_V1.3.0, X-CUBE-EEPRMA1_V4.1.0, X-CUBE-GNSS1_V6.0.0, X-CUBE-MEMS1_V9.1.0, X-CUBE-MEMS1_V9.4.0, X-CUBE-MEMS1_V9.5.0, X-CUBE-NFC4_V3.0.0, X-CUBE-NFC7_V1.0.0, X-CUBE-SFXS2LP1_V4.0.0, X-CUBE-SUBG2_V5.0.0]
2023-06-14 19:18:06,256 [INFO] ApiDb:240 - Found 297 in-development CPN: [B-G473E-ZEST1S, B-WB1M-WPAN1, B-WL5M-SUBG1, NUCLEO-C031C6, NUCLEO-H503RB, NUCLEO-H563ZI, NUCLEO-U545RE-Q, NUCLEO-U5A5ZJ-Q, NUCLEO-WBA52CG, STEVAL-PROTEUS1, STEVAL-STWINBX1, STM320518-EVAL, STM32C0116-DK, STM32C011D6Y3TR, STM32C011D6Y6TR, STM32C011F4P3, STM32C011F4P6, STM32C011F4U3, STM32C011F4U6TR, STM32C011F6P3, STM32C011F6P6, STM32C011F6U3, STM32C011F6U6TR, STM32C011J4M3, STM32C011J4M6, STM32C011J6M3, STM32C011J6M6, STM32C0316-DK, STM32C031C4T3, STM32C031C4T6, STM32C031C4U3, STM32C031C4U6, STM32C031C6T3, STM32C031C6T6, STM32C031C6U3, STM32C031C6U6, STM32C031F4P3, STM32C031F4P6, STM32C031F6P3, STM32C031F6P6, STM32C031G4U3, STM32C031G4U6, STM32C031G6U3, STM32C031G6U6, STM32C031K4T3, STM32C031K4T6, STM32C031K4U3, STM32C031K4U6, STM32C031K6T3, STM32C031K6T6, STM32C031K6U3, STM32C031K6U6, STM32G071K8TXN, STM32G071K8UXN, STM32G081GBU6N, STM32G081KBT6N, STM32G081KBUXN, STM32G0B1CCT6N, STM32G0B1KCT6, STM32G0B1NEY6TR, STM32G0B1RCT6N, STM32G0C1CCT6, STM32G0C1CCT6N, STM32G0C1CCU6N, STM32G0C1CET6N, STM32G0C1CEU6N, STM32G0C1KCT6, STM32G0C1NEY6TR, STM32G0C1RCI6N, STM32G0C1RCT6N, STM32G0C1REI6N, STM32G0C1RET6N, STM32G0C1VCI6, STM32G0C1VEI6, STM32G471CCT6, STM32G471CCU6, STM32G471CET3, STM32G471CET6, STM32G471CEU3, STM32G471CEU6, STM32G471MCT6, STM32G471MET3, STM32G471MET6, STM32G471MEY6TR, STM32G471QCT6, STM32G471QET3, STM32G471RCT6, STM32G471RET3, STM32G471RET6, STM32G471VCH6, STM32G471VCI6, STM32G471VCT6, STM32G471VEH3, STM32G471VEH6, STM32G471VEI3, STM32G471VEI6, STM32G471VET3, STM32G471VET6, STM32G474CCT6, STM32H503CBT6, STM32H503CBU6, STM32H503EBY6TR, STM32H503KBU6, STM32H503RBT6, STM32H562AGI6, STM32H562AII6, STM32H562IGK6, STM32H562IGT6, STM32H562IIK6, STM32H562IIT6, STM32H562RGT6, STM32H562RGV6, STM32H562RIT6, STM32H562RIV6, STM32H562VGT6, STM32H562VIT6, STM32H562ZGT6, STM32H562ZIT6, STM32H563AGI6, STM32H563AII3Q, STM32H563AII6, STM32H563IGK6, STM32H563IGT6, STM32H563IIK3Q, STM32H563IIK6, STM32H563IIT3Q, STM32H563IIT6, STM32H563MIY3QTR, STM32H563RGT6, STM32H563RGV6, STM32H563RIT6, STM32H563RIV6, STM32H563VGT6, STM32H563VIT3Q, STM32H563VIT6, STM32H563ZGT6, STM32H563ZIT3Q, STM32H563ZIT6, STM32H573AII3Q, STM32H573AII6, STM32H573I-DK, STM32H573IIK3Q, STM32H573IIK6, STM32H573IIT3Q, STM32H573IIT6, STM32H573MIY3QTR, STM32H573RIT6, STM32H573RIV6, STM32H573VIT3Q, STM32H573VIT6, STM32H573ZIT3Q, STM32H573ZIT6, STM32L4R5QGI6STR, STM32MP131AAE3, STM32MP131AAF3, STM32MP131AAG3, STM32MP131CAE3, STM32MP131CAF3, STM32MP131CAG3, STM32MP131DAE7, STM32MP131DAF7, STM32MP131DAG7, STM32MP131FAE7, STM32MP131FAF7, STM32MP131FAG7, STM32MP133AAE3, STM32MP133AAF3, STM32MP133AAG3, STM32MP133CAE3, STM32MP133CAF3, STM32MP133CAG3, STM32MP133DAE7, STM32MP133DAF7, STM32MP133DAG7, STM32MP133FAE7, STM32MP133FAF7, STM32MP133FAG7, STM32MP135AAE3, STM32MP135AAF3, STM32MP135AAG3, STM32MP135CAE3, STM32MP135CAF3, STM32MP135CAG3, STM32MP135DAE7, STM32MP135DAF7, STM32MP135DAG7, STM32MP135F-DK, STM32MP135FAE7, STM32MP135FAF7, STM32MP135FAF7T, STM32MP135FAF7U, STM32MP135FAG7, STM32U535CBT6, STM32U535CBT6Q, STM32U535CBU6, STM32U535CBU6Q, STM32U535CCT6, STM32U535CCT6Q, STM32U535CCU6, STM32U535CCU6Q, STM32U535CET6, STM32U535CET6Q, STM32U535CEU6, STM32U535CEU6Q, STM32U535JEY6QTR, STM32U535NCY6QTR, STM32U535NEY6QTR, STM32U535RBI6, STM32U535RBI6Q, STM32U535RBT6, STM32U535RBT6Q, STM32U535RCI6, STM32U535RCI6Q, STM32U535RCT6, STM32U535RCT6Q, STM32U535REI6, STM32U535REI6Q, STM32U535RET6, STM32U535RET6Q, STM32U535VCI6, STM32U535VCI6Q, STM32U535VCT6, STM32U535VCT6Q, STM32U535VEI6, STM32U535VEI6Q, STM32U535VET6, STM32U535VET6Q, STM32U545CET6, STM32U545CET6Q, STM32U545CEU6, STM32U545CEU6Q, STM32U545JEY6QTR, STM32U545NEY6QTR, STM32U545REI6, STM32U545REI6Q, STM32U545RET6, STM32U545RET6Q, STM32U545VEI6, STM32U545VEI6Q, STM32U545VET6, STM32U545VET6Q, STM32U595AIH6, STM32U595AIH6Q, STM32U595AJH6, STM32U595AJH6Q, STM32U595QII6, STM32U595QII6Q, STM32U595QJI6, STM32U595QJI6Q, STM32U595RIT6, STM32U595RIT6Q, STM32U595RJT6, STM32U595RJT6Q, STM32U595VIT6, STM32U595VIT6Q, STM32U595VJT6, STM32U595VJT6Q, STM32U595ZIT6, STM32U595ZIT6Q, STM32U595ZIY6QTR, STM32U595ZJT6, STM32U595ZJT6Q, STM32U595ZJY6QTR, STM32U599BJY6QTR, STM32U599NIH6Q, STM32U599NJH6Q, STM32U599VIT6Q, STM32U599VJT6, STM32U599VJT6Q, STM32U599ZIT6Q, STM32U599ZIY6QTR, STM32U599ZJT6Q, STM32U599ZJY6QTR, STM32U5A5AJH6, STM32U5A5AJH6Q, STM32U5A5QJI6, STM32U5A5QJI6Q, STM32U5A5RJT6, STM32U5A5RJT6Q, STM32U5A5VJT6, STM32U5A5VJT6Q, STM32U5A5ZJT6, STM32U5A5ZJT6Q, STM32U5A5ZJY6QTR, STM32U5A9BJY6QTR, STM32U5A9J-DK, STM32U5A9NJH6Q, STM32U5A9VJT6Q, STM32U5A9ZJT6Q, STM32U5A9ZJY6QTR, STM32WB1MMCH6, STM32WBA52CEU6, STM32WBA52CEU6T, STM32WBA52CGU6, STM32WBA52CGU6T, STM32WL5MOCH6, STM32WL5MOCH6TR]
2023-06-14 19:18:06,259 [INFO] DbMcus:216 - Found 3772 MCUs, 3772 are supported
2023-06-14 19:18:06,260 [INFO] ApiDb:414 - User favorites file not found: C:\Users\wind/.stm32cubeide/favorites.mcus.txt
2023-06-14 19:18:06,260 [INFO] DbMcus:222 - Set 0 / 0 favorites MCUs
2023-06-14 19:18:06,490 [INFO] ApiDb:414 - User favorites file not found: C:\Users\wind/.stm32cubeide/favorites.boards.txt
2023-06-14 19:18:06,490 [INFO] DbBoards:190 - Set 0 / 0 favorites Boards
2023-06-14 19:18:06,491 [INFO] McuFinderGlobals:66 - Set McuFinderConnectedMode to true
2023-06-14 19:18:06,497 [INFO] MultiScanPanel:200 - Auto-refresh data requested => check proxy status ongoing
2023-06-14 19:18:06,500 [INFO] FinderPluginLoader:95 - Searching for filters in installed packs
2023-06-14 19:18:07,803 [INFO] LoadUrlFilesThread:185 - End of LoadServerUrlFiles without Thread
2023-06-14 19:18:07,812 [INFO] DetailPanel:341 - Set advertising image to C:/Users/wind/STM32Cube/Repository/\en.prom-stm32h5-mcu-finder.jpg
2023-06-14 19:18:08,758 [INFO] ServerAccessManage:473 - Download File cube-finder-db.zip
2023-06-14 19:18:16,730 [INFO] FileExtend:240 - Unzip File : cube-finder-db.zip
2023-06-14 19:18:16,731 [INFO] FileExtend:255 - Standard Zip Deflate
2023-06-14 19:18:17,358 [INFO] LoadUrlFilesThread:156 - End of LoadUrlFiles Thread
2023-06-14 19:18:18,611 [INFO] ServerAccessManage:473 - Download File crdb.zip
2023-06-14 19:18:20,368 [INFO] FileExtend:240 - Unzip File : crdb.zip
2023-06-14 19:18:20,368 [INFO] FileExtend:255 - Standard Zip Deflate
2023-06-14 19:18:20,510 [INFO] LoadUrlFilesThread:156 - End of LoadUrlFiles Thread
2023-06-14 19:18:20,685 [INFO] ServerAccessManage:473 - Download File tutoVideoDB.zip
2023-06-14 19:18:20,702 [INFO] FileExtend:240 - Unzip File : tutoVideoDB.zip
2023-06-14 19:18:20,702 [INFO] FileExtend:255 - Standard Zip Deflate
2023-06-14 19:18:20,826 [INFO] LoadUrlFilesThread:156 - End of LoadUrlFiles Thread
2023-06-14 19:18:20,832 [WARN] DbFile:41 - Overriding database path with different value: C:\Users\wind\.stmcufinder\plugins\mcufinder/ => C:\Users\wind\.stmcufinder\plugins\mcufinder
2023-06-14 19:18:20,995 [INFO] ServerAccessManage:473 - Download File api_config.json
2023-06-14 19:18:21,109 [INFO] LoadUrlFilesThread:156 - End of LoadUrlFiles Thread
2023-06-14 19:18:21,111 [INFO] DbMcusAds:53 - JSON generation date=Tue Mar 07 16:50:55 CST 2023 (1678179055335)
2023-06-14 19:18:21,115 [INFO] ApiDb:448 - Save user favorites file C:\Users\wind/.stm32cubeide/favorites.mcus.txt: 0 item(s)
2023-06-14 19:18:21,115 [INFO] ApiDb:452 - User favorites MCUs=[]
2023-06-14 19:18:21,117 [INFO] ApiDb:581 - Connected to CubeFinder SQLite database (C:\Users\wind\.stmcufinder\plugins\mcufinder\mcu\cube-finder-db.db)
2023-06-14 19:18:21,165 [INFO] ApiDb:668 - CubeFinder database Data Model version=2.1
2023-06-14 19:18:21,165 [INFO] ApiDb:669 - CubeFinder database Configuration version=3.0.35
2023-06-14 19:18:21,165 [INFO] ApiDb:670 - CubeFinder database generation date=2023-05-12 (1683877179)
2023-06-14 19:18:21,165 [INFO] ApiDb:671 - CubeFinder database FW Pack versions=[FP-ATR-ASTRA1_V2.0.0, FP-SNS-FLIGHT1_V5.0.0, FP-SNS-MOTENV1_V4.3.0, STM32Cube_FW_C0_V1.0.1, STM32Cube_FW_F0_V1.11.4, STM32Cube_FW_F3_V1.11.4, STM32Cube_FW_F4_V1.27.1, STM32Cube_FW_F7_V1.17.0, STM32Cube_FW_G0_V1.6.1, STM32Cube_FW_G4_V1.5.1, STM32Cube_FW_H5_V0.5.1, STM32Cube_FW_H5_V1.0.0, STM32Cube_FW_H7_V1.11.0, STM32Cube_FW_L0_V1.12.2, STM32Cube_FW_L5_V1.5.0, STM32Cube_FW_U5_V1.2.0, STM32Cube_FW_WBA_V1.0.0, STM32Cube_FW_WBA_V1.0.0RC1, STM32Cube_FW_WBA_V1.0.0RC3, STM32Cube_FW_WB_V1.15.0RC1, STM32Cube_FW_WB_V1.16.0, STM32Cube_FW_WB_V1.16.0RC2, STM32Cube_FW_WL_V1.3.0, X-CUBE-ALGOBUILD_V1.3.0, X-CUBE-ALS_V1.0.1, X-CUBE-AZRTOS-F4_V1.1.0, X-CUBE-AZRTOS-F7_V1.1.0, X-CUBE-AZRTOS-G0_V1.1.0, X-CUBE-AZRTOS-G4_V2.0.0, X-CUBE-AZRTOS-H7_V3.1.0, X-CUBE-AZRTOS-L4_V1.0.0, X-CUBE-AZRTOS-L5_V1.1.0, X-CUBE-AZRTOS-WB_V1.1.0, X-CUBE-AZRTOS-WL_V1.0.0, X-CUBE-BLE1_V6.2.4, X-CUBE-BLE2_V3.3.0, X-CUBE-BLEMGR_V2.0.0, X-CUBE-EEPRMA1_V4.1.0, X-CUBE-FREERTOS_V1.0.1, X-CUBE-GNSS1_V6.0.0, X-CUBE-MEMS1_V9.1.0, X-CUBE-MEMS1_V9.4.0, X-CUBE-MEMS1_V9.6.0, X-CUBE-NFC4_V3.0.0, X-CUBE-NFC7_V1.0.0, X-CUBE-SFXS2LP1_V4.0.0, X-CUBE-SUBG2_V5.0.0]
2023-06-14 19:18:22,565 [INFO] ApiDb:240 - Found 297 in-development CPN: [B-G473E-ZEST1S, B-WB1M-WPAN1, B-WL5M-SUBG1, NUCLEO-C031C6, NUCLEO-H503RB, NUCLEO-H563ZI, NUCLEO-U545RE-Q, NUCLEO-U5A5ZJ-Q, NUCLEO-WBA52CG, STEVAL-PROTEUS1, STEVAL-STWINBX1, STM320518-EVAL, STM32C0116-DK, STM32C011D6Y3TR, STM32C011D6Y6TR, STM32C011F4P3, STM32C011F4P6, STM32C011F4U3, STM32C011F4U6TR, STM32C011F6P3, STM32C011F6P6, STM32C011F6U3, STM32C011F6U6TR, STM32C011J4M3, STM32C011J4M6, STM32C011J6M3, STM32C011J6M6, STM32C0316-DK, STM32C031C4T3, STM32C031C4T6, STM32C031C4U3, STM32C031C4U6, STM32C031C6T3, STM32C031C6T6, STM32C031C6U3, STM32C031C6U6, STM32C031F4P3, STM32C031F4P6, STM32C031F6P3, STM32C031F6P6, STM32C031G4U3, STM32C031G4U6, STM32C031G6U3, STM32C031G6U6, STM32C031K4T3, STM32C031K4T6, STM32C031K4U3, STM32C031K4U6, STM32C031K6T3, STM32C031K6T6, STM32C031K6U3, STM32C031K6U6, STM32G071K8TXN, STM32G071K8UXN, STM32G081GBU6N, STM32G081KBT6N, STM32G081KBUXN, STM32G0B1CCT6N, STM32G0B1KCT6, STM32G0B1NEY6TR, STM32G0B1RCT6N, STM32G0C1CCT6, STM32G0C1CCT6N, STM32G0C1CCU6N, STM32G0C1CET6N, STM32G0C1CEU6N, STM32G0C1KCT6, STM32G0C1NEY6TR, STM32G0C1RCI6N, STM32G0C1RCT6N, STM32G0C1REI6N, STM32G0C1RET6N, STM32G0C1VCI6, STM32G0C1VEI6, STM32G471CCT6, STM32G471CCU6, STM32G471CET3, STM32G471CET6, STM32G471CEU3, STM32G471CEU6, STM32G471MCT6, STM32G471MET3, STM32G471MET6, STM32G471MEY6TR, STM32G471QCT6, STM32G471QET3, STM32G471RCT6, STM32G471RET3, STM32G471RET6, STM32G471VCH6, STM32G471VCI6, STM32G471VCT6, STM32G471VEH3, STM32G471VEH6, STM32G471VEI3, STM32G471VEI6, STM32G471VET3, STM32G471VET6, STM32G474CCT6, STM32H503CBT6, STM32H503CBU6, STM32H503EBY6TR, STM32H503KBU6, STM32H503RBT6, STM32H562AGI6, STM32H562AII6, STM32H562IGK6, STM32H562IGT6, STM32H562IIK6, STM32H562IIT6, STM32H562RGT6, STM32H562RGV6, STM32H562RIT6, STM32H562RIV6, STM32H562VGT6, STM32H562VIT6, STM32H562ZGT6, STM32H562ZIT6, STM32H563AGI6, STM32H563AII3Q, STM32H563AII6, STM32H563IGK6, STM32H563IGT6, STM32H563IIK3Q, STM32H563IIK6, STM32H563IIT3Q, STM32H563IIT6, STM32H563MIY3QTR, STM32H563RGT6, STM32H563RGV6, STM32H563RIT6, STM32H563RIV6, STM32H563VGT6, STM32H563VIT3Q, STM32H563VIT6, STM32H563ZGT6, STM32H563ZIT3Q, STM32H563ZIT6, STM32H573AII3Q, STM32H573AII6, STM32H573I-DK, STM32H573IIK3Q, STM32H573IIK6, STM32H573IIT3Q, STM32H573IIT6, STM32H573MIY3QTR, STM32H573RIT6, STM32H573RIV6, STM32H573VIT3Q, STM32H573VIT6, STM32H573ZIT3Q, STM32H573ZIT6, STM32L4R5QGI6STR, STM32MP131AAE3, STM32MP131AAF3, STM32MP131AAG3, STM32MP131CAE3, STM32MP131CAF3, STM32MP131CAG3, STM32MP131DAE7, STM32MP131DAF7, STM32MP131DAG7, STM32MP131FAE7, STM32MP131FAF7, STM32MP131FAG7, STM32MP133AAE3, STM32MP133AAF3, STM32MP133AAG3, STM32MP133CAE3, STM32MP133CAF3, STM32MP133CAG3, STM32MP133DAE7, STM32MP133DAF7, STM32MP133DAG7, STM32MP133FAE7, STM32MP133FAF7, STM32MP133FAG7, STM32MP135AAE3, STM32MP135AAF3, STM32MP135AAG3, STM32MP135CAE3, STM32MP135CAF3, STM32MP135CAG3, STM32MP135DAE7, STM32MP135DAF7, STM32MP135DAG7, STM32MP135F-DK, STM32MP135FAE7, STM32MP135FAF7, STM32MP135FAF7T, STM32MP135FAF7U, STM32MP135FAG7, STM32U535CBT6, STM32U535CBT6Q, STM32U535CBU6, STM32U535CBU6Q, STM32U535CCT6, STM32U535CCT6Q, STM32U535CCU6, STM32U535CCU6Q, STM32U535CET6, STM32U535CET6Q, STM32U535CEU6, STM32U535CEU6Q, STM32U535JEY6QTR, STM32U535NCY6QTR, STM32U535NEY6QTR, STM32U535RBI6, STM32U535RBI6Q, STM32U535RBT6, STM32U535RBT6Q, STM32U535RCI6, STM32U535RCI6Q, STM32U535RCT6, STM32U535RCT6Q, STM32U535REI6, STM32U535REI6Q, STM32U535RET6, STM32U535RET6Q, STM32U535VCI6, STM32U535VCI6Q, STM32U535VCT6, STM32U535VCT6Q, STM32U535VEI6, STM32U535VEI6Q, STM32U535VET6, STM32U535VET6Q, STM32U545CET6, STM32U545CET6Q, STM32U545CEU6, STM32U545CEU6Q, STM32U545JEY6QTR, STM32U545NEY6QTR, STM32U545REI6, STM32U545REI6Q, STM32U545RET6, STM32U545RET6Q, STM32U545VEI6, STM32U545VEI6Q, STM32U545VET6, STM32U545VET6Q, STM32U595AIH6, STM32U595AIH6Q, STM32U595AJH6, STM32U595AJH6Q, STM32U595QII6, STM32U595QII6Q, STM32U595QJI6, STM32U595QJI6Q, STM32U595RIT6, STM32U595RIT6Q, STM32U595RJT6, STM32U595RJT6Q, STM32U595VIT6, STM32U595VIT6Q, STM32U595VJT6, STM32U595VJT6Q, STM32U595ZIT6, STM32U595ZIT6Q, STM32U595ZIY6QTR, STM32U595ZJT6, STM32U595ZJT6Q, STM32U595ZJY6QTR, STM32U599BJY6QTR, STM32U599NIH6Q, STM32U599NJH6Q, STM32U599VIT6Q, STM32U599VJT6, STM32U599VJT6Q, STM32U599ZIT6Q, STM32U599ZIY6QTR, STM32U599ZJT6Q, STM32U599ZJY6QTR, STM32U5A5AJH6, STM32U5A5AJH6Q, STM32U5A5QJI6, STM32U5A5QJI6Q, STM32U5A5RJT6, STM32U5A5RJT6Q, STM32U5A5VJT6, STM32U5A5VJT6Q, STM32U5A5ZJT6, STM32U5A5ZJT6Q, STM32U5A5ZJY6QTR, STM32U5A9BJY6QTR, STM32U5A9J-DK, STM32U5A9NJH6Q, STM32U5A9VJT6Q, STM32U5A9ZJT6Q, STM32U5A9ZJY6QTR, STM32WB1MMCH6, STM32WBA52CEU6, STM32WBA52CEU6T, STM32WBA52CGU6, STM32WBA52CGU6T, STM32WL5MOCH6, STM32WL5MOCH6TR]
2023-06-14 19:18:22,567 [INFO] DbMcus:216 - Found 3775 MCUs, 3775 are supported
2023-06-14 19:18:22,568 [INFO] ApiDb:423 - Load user favorites file C:\Users\wind/.stm32cubeide/favorites.mcus.txt: 0 item(s)
2023-06-14 19:18:22,568 [INFO] ApiDb:427 - User favorites MCUs=[]
2023-06-14 19:18:22,568 [INFO] DbMcus:222 - Set 0 / 0 favorites MCUs
2023-06-14 19:18:23,792 [INFO] ApiDb:448 - Save user favorites file C:\Users\wind/.stm32cubeide/favorites.boards.txt: 0 item(s)
2023-06-14 19:18:23,792 [INFO] ApiDb:452 - User favorites Boards=[]
2023-06-14 19:18:23,794 [INFO] ApiDb:581 - Connected to CubeFinder SQLite database (C:\Users\wind\.stmcufinder\plugins\mcufinder\mcu\cube-finder-db.db)
2023-06-14 19:18:23,843 [INFO] ApiDb:668 - CubeFinder database Data Model version=2.1
2023-06-14 19:18:23,843 [INFO] ApiDb:669 - CubeFinder database Configuration version=3.0.35
2023-06-14 19:18:23,843 [INFO] ApiDb:670 - CubeFinder database generation date=2023-05-12 (1683877179)
2023-06-14 19:18:23,843 [INFO] ApiDb:671 - CubeFinder database FW Pack versions=[FP-ATR-ASTRA1_V2.0.0, FP-SNS-FLIGHT1_V5.0.0, FP-SNS-MOTENV1_V4.3.0, STM32Cube_FW_C0_V1.0.1, STM32Cube_FW_F0_V1.11.4, STM32Cube_FW_F3_V1.11.4, STM32Cube_FW_F4_V1.27.1, STM32Cube_FW_F7_V1.17.0, STM32Cube_FW_G0_V1.6.1, STM32Cube_FW_G4_V1.5.1, STM32Cube_FW_H5_V0.5.1, STM32Cube_FW_H5_V1.0.0, STM32Cube_FW_H7_V1.11.0, STM32Cube_FW_L0_V1.12.2, STM32Cube_FW_L5_V1.5.0, STM32Cube_FW_U5_V1.2.0, STM32Cube_FW_WBA_V1.0.0, STM32Cube_FW_WBA_V1.0.0RC1, STM32Cube_FW_WBA_V1.0.0RC3, STM32Cube_FW_WB_V1.15.0RC1, STM32Cube_FW_WB_V1.16.0, STM32Cube_FW_WB_V1.16.0RC2, STM32Cube_FW_WL_V1.3.0, X-CUBE-ALGOBUILD_V1.3.0, X-CUBE-ALS_V1.0.1, X-CUBE-AZRTOS-F4_V1.1.0, X-CUBE-AZRTOS-F7_V1.1.0, X-CUBE-AZRTOS-G0_V1.1.0, X-CUBE-AZRTOS-G4_V2.0.0, X-CUBE-AZRTOS-H7_V3.1.0, X-CUBE-AZRTOS-L4_V1.0.0, X-CUBE-AZRTOS-L5_V1.1.0, X-CUBE-AZRTOS-WB_V1.1.0, X-CUBE-AZRTOS-WL_V1.0.0, X-CUBE-BLE1_V6.2.4, X-CUBE-BLE2_V3.3.0, X-CUBE-BLEMGR_V2.0.0, X-CUBE-EEPRMA1_V4.1.0, X-CUBE-FREERTOS_V1.0.1, X-CUBE-GNSS1_V6.0.0, X-CUBE-MEMS1_V9.1.0, X-CUBE-MEMS1_V9.4.0, X-CUBE-MEMS1_V9.6.0, X-CUBE-NFC4_V3.0.0, X-CUBE-NFC7_V1.0.0, X-CUBE-SFXS2LP1_V4.0.0, X-CUBE-SUBG2_V5.0.0]
2023-06-14 19:18:23,886 [INFO] DbBoardsSqlite:226 - include board P-NUCLEO-WB55-NUCLEO as a kit item of type 'Nucleo-64'
2023-06-14 19:18:23,886 [INFO] DbBoardsSqlite:226 - include board P-NUCLEO-WB55-USBDONGLE as a kit item of type 'Nucleo USB Dongle'
2023-06-14 19:18:23,886 [INFO] DbBoardsSqlite:226 - include board STEVAL-IDP005V1 as a kit item of type 'Evaluation Board'
2023-06-14 19:18:23,887 [INFO] DbBoardsSqlite:226 - include board STEVAL-IDP005V2 as a kit item of type 'Evaluation Board'
2023-06-14 19:18:23,927 [INFO] ApiDb:240 - Found 297 in-development CPN: [B-G473E-ZEST1S, B-WB1M-WPAN1, B-WL5M-SUBG1, NUCLEO-C031C6, NUCLEO-H503RB, NUCLEO-H563ZI, NUCLEO-U545RE-Q, NUCLEO-U5A5ZJ-Q, NUCLEO-WBA52CG, STEVAL-PROTEUS1, STEVAL-STWINBX1, STM320518-EVAL, STM32C0116-DK, STM32C011D6Y3TR, STM32C011D6Y6TR, STM32C011F4P3, STM32C011F4P6, STM32C011F4U3, STM32C011F4U6TR, STM32C011F6P3, STM32C011F6P6, STM32C011F6U3, STM32C011F6U6TR, STM32C011J4M3, STM32C011J4M6, STM32C011J6M3, STM32C011J6M6, STM32C0316-DK, STM32C031C4T3, STM32C031C4T6, STM32C031C4U3, STM32C031C4U6, STM32C031C6T3, STM32C031C6T6, STM32C031C6U3, STM32C031C6U6, STM32C031F4P3, STM32C031F4P6, STM32C031F6P3, STM32C031F6P6, STM32C031G4U3, STM32C031G4U6, STM32C031G6U3, STM32C031G6U6, STM32C031K4T3, STM32C031K4T6, STM32C031K4U3, STM32C031K4U6, STM32C031K6T3, STM32C031K6T6, STM32C031K6U3, STM32C031K6U6, STM32G071K8TXN, STM32G071K8UXN, STM32G081GBU6N, STM32G081KBT6N, STM32G081KBUXN, STM32G0B1CCT6N, STM32G0B1KCT6, STM32G0B1NEY6TR, STM32G0B1RCT6N, STM32G0C1CCT6, STM32G0C1CCT6N, STM32G0C1CCU6N, STM32G0C1CET6N, STM32G0C1CEU6N, STM32G0C1KCT6, STM32G0C1NEY6TR, STM32G0C1RCI6N, STM32G0C1RCT6N, STM32G0C1REI6N, STM32G0C1RET6N, STM32G0C1VCI6, STM32G0C1VEI6, STM32G471CCT6, STM32G471CCU6, STM32G471CET3, STM32G471CET6, STM32G471CEU3, STM32G471CEU6, STM32G471MCT6, STM32G471MET3, STM32G471MET6, STM32G471MEY6TR, STM32G471QCT6, STM32G471QET3, STM32G471RCT6, STM32G471RET3, STM32G471RET6, STM32G471VCH6, STM32G471VCI6, STM32G471VCT6, STM32G471VEH3, STM32G471VEH6, STM32G471VEI3, STM32G471VEI6, STM32G471VET3, STM32G471VET6, STM32G474CCT6, STM32H503CBT6, STM32H503CBU6, STM32H503EBY6TR, STM32H503KBU6, STM32H503RBT6, STM32H562AGI6, STM32H562AII6, STM32H562IGK6, STM32H562IGT6, STM32H562IIK6, STM32H562IIT6, STM32H562RGT6, STM32H562RGV6, STM32H562RIT6, STM32H562RIV6, STM32H562VGT6, STM32H562VIT6, STM32H562ZGT6, STM32H562ZIT6, STM32H563AGI6, STM32H563AII3Q, STM32H563AII6, STM32H563IGK6, STM32H563IGT6, STM32H563IIK3Q, STM32H563IIK6, STM32H563IIT3Q, STM32H563IIT6, STM32H563MIY3QTR, STM32H563RGT6, STM32H563RGV6, STM32H563RIT6, STM32H563RIV6, STM32H563VGT6, STM32H563VIT3Q, STM32H563VIT6, STM32H563ZGT6, STM32H563ZIT3Q, STM32H563ZIT6, STM32H573AII3Q, STM32H573AII6, STM32H573I-DK, STM32H573IIK3Q, STM32H573IIK6, STM32H573IIT3Q, STM32H573IIT6, STM32H573MIY3QTR, STM32H573RIT6, STM32H573RIV6, STM32H573VIT3Q, STM32H573VIT6, STM32H573ZIT3Q, STM32H573ZIT6, STM32L4R5QGI6STR, STM32MP131AAE3, STM32MP131AAF3, STM32MP131AAG3, STM32MP131CAE3, STM32MP131CAF3, STM32MP131CAG3, STM32MP131DAE7, STM32MP131DAF7, STM32MP131DAG7, STM32MP131FAE7, STM32MP131FAF7, STM32MP131FAG7, STM32MP133AAE3, STM32MP133AAF3, STM32MP133AAG3, STM32MP133CAE3, STM32MP133CAF3, STM32MP133CAG3, STM32MP133DAE7, STM32MP133DAF7, STM32MP133DAG7, STM32MP133FAE7, STM32MP133FAF7, STM32MP133FAG7, STM32MP135AAE3, STM32MP135AAF3, STM32MP135AAG3, STM32MP135CAE3, STM32MP135CAF3, STM32MP135CAG3, STM32MP135DAE7, STM32MP135DAF7, STM32MP135DAG7, STM32MP135F-DK, STM32MP135FAE7, STM32MP135FAF7, STM32MP135FAF7T, STM32MP135FAF7U, STM32MP135FAG7, STM32U535CBT6, STM32U535CBT6Q, STM32U535CBU6, STM32U535CBU6Q, STM32U535CCT6, STM32U535CCT6Q, STM32U535CCU6, STM32U535CCU6Q, STM32U535CET6, STM32U535CET6Q, STM32U535CEU6, STM32U535CEU6Q, STM32U535JEY6QTR, STM32U535NCY6QTR, STM32U535NEY6QTR, STM32U535RBI6, STM32U535RBI6Q, STM32U535RBT6, STM32U535RBT6Q, STM32U535RCI6, STM32U535RCI6Q, STM32U535RCT6, STM32U535RCT6Q, STM32U535REI6, STM32U535REI6Q, STM32U535RET6, STM32U535RET6Q, STM32U535VCI6, STM32U535VCI6Q, STM32U535VCT6, STM32U535VCT6Q, STM32U535VEI6, STM32U535VEI6Q, STM32U535VET6, STM32U535VET6Q, STM32U545CET6, STM32U545CET6Q, STM32U545CEU6, STM32U545CEU6Q, STM32U545JEY6QTR, STM32U545NEY6QTR, STM32U545REI6, STM32U545REI6Q, STM32U545RET6, STM32U545RET6Q, STM32U545VEI6, STM32U545VEI6Q, STM32U545VET6, STM32U545VET6Q, STM32U595AIH6, STM32U595AIH6Q, STM32U595AJH6, STM32U595AJH6Q, STM32U595QII6, STM32U595QII6Q, STM32U595QJI6, STM32U595QJI6Q, STM32U595RIT6, STM32U595RIT6Q, STM32U595RJT6, STM32U595RJT6Q, STM32U595VIT6, STM32U595VIT6Q, STM32U595VJT6, STM32U595VJT6Q, STM32U595ZIT6, STM32U595ZIT6Q, STM32U595ZIY6QTR, STM32U595ZJT6, STM32U595ZJT6Q, STM32U595ZJY6QTR, STM32U599BJY6QTR, STM32U599NIH6Q, STM32U599NJH6Q, STM32U599VIT6Q, STM32U599VJT6, STM32U599VJT6Q, STM32U599ZIT6Q, STM32U599ZIY6QTR, STM32U599ZJT6Q, STM32U599ZJY6QTR, STM32U5A5AJH6, STM32U5A5AJH6Q, STM32U5A5QJI6, STM32U5A5QJI6Q, STM32U5A5RJT6, STM32U5A5RJT6Q, STM32U5A5VJT6, STM32U5A5VJT6Q, STM32U5A5ZJT6, STM32U5A5ZJT6Q, STM32U5A5ZJY6QTR, STM32U5A9BJY6QTR, STM32U5A9J-DK, STM32U5A9NJH6Q, STM32U5A9VJT6Q, STM32U5A9ZJT6Q, STM32U5A9ZJY6QTR, STM32WB1MMCH6, STM32WBA52CEU6, STM32WBA52CEU6T, STM32WBA52CGU6, STM32WBA52CGU6T, STM32WL5MOCH6, STM32WL5MOCH6TR]
2023-06-14 19:18:24,029 [INFO] BoardInfo:880 - No configuration file found for board P-NUCLEO-WB55
2023-06-14 19:18:24,030 [INFO] DbBoards:157 - Kit is not supported: P-NUCLEO-WB55
2023-06-14 19:18:24,033 [INFO] BoardInfo:880 - No configuration file found for board STEVAL-BFA001V1B
2023-06-14 19:18:24,034 [INFO] DbBoards:157 - Kit is not supported: STEVAL-BFA001V1B
2023-06-14 19:18:24,035 [INFO] BoardInfo:880 - No configuration file found for board STEVAL-BFA001V2B
2023-06-14 19:18:24,035 [INFO] DbBoards:157 - Kit is not supported: STEVAL-BFA001V2B
2023-06-14 19:18:24,147 [INFO] DbBoards:161 - Found 187 boards, 184 are supported
2023-06-14 19:18:24,150 [INFO] ApiDb:423 - Load user favorites file C:\Users\wind/.stm32cubeide/favorites.boards.txt: 0 item(s)
2023-06-14 19:18:24,150 [INFO] ApiDb:427 - User favorites Boards=[]
2023-06-14 19:18:24,150 [INFO] DbBoards:190 - Set 0 / 0 favorites Boards
2023-06-14 19:18:24,670 [INFO] LoadUrlFilesThread:185 - End of LoadServerUrlFiles without Thread
2023-06-14 19:18:24,670 [INFO] TargetSelectorAdapter:259 - Refresh data is successful
2023-06-14 19:18:24,673 [INFO] ApiDb:668 - CubeFinder database Data Model version=2.1
2023-06-14 19:18:24,673 [INFO] ApiDb:669 - CubeFinder database Configuration version=3.0.35
2023-06-14 19:18:24,673 [INFO] ApiDb:670 - CubeFinder database generation date=2023-05-12 (1683877179)
2023-06-14 19:18:24,673 [INFO] ApiDb:671 - CubeFinder database FW Pack versions=[FP-ATR-ASTRA1_V2.0.0, FP-SNS-FLIGHT1_V5.0.0, FP-SNS-MOTENV1_V4.3.0, STM32Cube_FW_C0_V1.0.1, STM32Cube_FW_F0_V1.11.4, STM32Cube_FW_F3_V1.11.4, STM32Cube_FW_F4_V1.27.1, STM32Cube_FW_F7_V1.17.0, STM32Cube_FW_G0_V1.6.1, STM32Cube_FW_G4_V1.5.1, STM32Cube_FW_H5_V0.5.1, STM32Cube_FW_H5_V1.0.0, STM32Cube_FW_H7_V1.11.0, STM32Cube_FW_L0_V1.12.2, STM32Cube_FW_L5_V1.5.0, STM32Cube_FW_U5_V1.2.0, STM32Cube_FW_WBA_V1.0.0, STM32Cube_FW_WBA_V1.0.0RC1, STM32Cube_FW_WBA_V1.0.0RC3, STM32Cube_FW_WB_V1.15.0RC1, STM32Cube_FW_WB_V1.16.0, STM32Cube_FW_WB_V1.16.0RC2, STM32Cube_FW_WL_V1.3.0, X-CUBE-ALGOBUILD_V1.3.0, X-CUBE-ALS_V1.0.1, X-CUBE-AZRTOS-F4_V1.1.0, X-CUBE-AZRTOS-F7_V1.1.0, X-CUBE-AZRTOS-G0_V1.1.0, X-CUBE-AZRTOS-G4_V2.0.0, X-CUBE-AZRTOS-H7_V3.1.0, X-CUBE-AZRTOS-L4_V1.0.0, X-CUBE-AZRTOS-L5_V1.1.0, X-CUBE-AZRTOS-WB_V1.1.0, X-CUBE-AZRTOS-WL_V1.0.0, X-CUBE-BLE1_V6.2.4, X-CUBE-BLE2_V3.3.0, X-CUBE-BLEMGR_V2.0.0, X-CUBE-EEPRMA1_V4.1.0, X-CUBE-FREERTOS_V1.0.1, X-CUBE-GNSS1_V6.0.0, X-CUBE-MEMS1_V9.1.0, X-CUBE-MEMS1_V9.4.0, X-CUBE-MEMS1_V9.6.0, X-CUBE-NFC4_V3.0.0, X-CUBE-NFC7_V1.0.0, X-CUBE-SFXS2LP1_V4.0.0, X-CUBE-SUBG2_V5.0.0]
2023-06-14 19:18:25,510 [INFO] DbExamplesSqlite:376 - Ignored 45 examples not supported by CubeIDE
2023-06-14 19:18:25,510 [INFO] DbExamplesSqlite:377 - Found 7342 examples active
2023-06-14 19:18:25,511 [INFO] DbExamplesSqlite:378 - Found 1107 examples obsolete
2023-06-14 19:18:25,511 [INFO] DbExamplesSqlite:379 - Found 0 examples under development
2023-06-14 19:18:25,511 [INFO] DbExamplesSqlite:380 - Found 77 examples not building
2023-06-14 19:18:25,513 [INFO] DbExamples:125 - Found 7374 examples
2023-06-14 19:18:25,525 [INFO] DbExamples:222 - Found 92 boards with related examples
2023-06-14 19:18:25,526 [INFO] DbExamples:235 - Found 78 MCUs with related examples
2023-06-14 19:18:25,548 [INFO] ApiDb:414 - User favorites file not found: C:\Users\wind/.stm32cubeide/favorites.examples.txt
2023-06-14 19:18:25,548 [INFO] DbExamples:250 - Set 0 / 0 favorites Examples
2023-06-14 19:18:26,098 [INFO] McuFinderGlobals:66 - Set McuFinderConnectedMode to true
2023-06-14 19:18:26,098 [INFO] MultiScanPanel:200 - Auto-refresh data requested => check proxy status ongoing
2023-06-14 19:18:26,099 [INFO] FinderPluginLoader:95 - Searching for filters in installed packs
2023-06-14 19:18:26,960 [INFO] LoadUrlFilesThread:185 - End of LoadServerUrlFiles without Thread
2023-06-14 19:18:26,961 [INFO] DetailPanel:341 - Set advertising image to C:/Users/wind/STM32Cube/Repository/\en.prom-stm32h5-mcu-finder.jpg
2023-06-14 19:19:24,978 [INFO] McuFinderGlobals:66 - Set McuFinderConnectedMode to true
2023-06-14 19:19:25,484 [INFO] ApiDb:448 - Save user favorites file C:\Users\wind/.stm32cubeide/favorites.mcus.txt: 0 item(s)
2023-06-14 19:19:25,484 [INFO] ApiDb:452 - User favorites MCUs=[]
