2023-06-24 13:06:51,970 [INFO] Activator:176 - 


2023-06-24 13:06:51,976 [INFO] Activator:177 - !SESSION log4j initialized
2023-06-24 13:06:57,118 [INFO] LogOutputStream:77 - [STDOUT_REDIRECT] 
2023-06-24 13:06:57,466 [ERROR] ConfigurationRetriever:142 - IOException on connection: sw-center.st.com
2023-06-24 13:06:57,467 [ERROR] ConfigurationRetriever:142 - IOException on connection: sw-center.st.com
2023-06-24 13:06:57,468 [ERROR] ConfigurationRetriever:142 - IOException on connection: sw-center.st.com
2023-06-24 13:07:11,746 [INFO] ApplicationProperties:184 - Using Application install path: E:\STM32CubeIDE_1.12.0\STM32CubeIDE\plugins\com.st.stm32cube.common.mx_6.8.0.202302231600
2023-06-24 13:07:11,773 [INFO] DbMcusXml:78 - Set database path to: E:\STM32CubeIDE_1.12.0\STM32CubeIDE\plugins\com.st.stm32cube.common.mx_6.8.0.202302231600\\db\/mcu/
2023-06-24 13:07:11,776 [INFO] ApiDb:274 - Set plugin database path to: E:\STM32CubeIDE_1.12.0\STM32CubeIDE\plugins\com.st.stm32cube.common.mx_6.8.0.202302231600\\db\/plugins/boardmanager/
2023-06-24 13:07:11,778 [WARN] ApiDb:259 - Overriding images path with different value:  => E:\STM32CubeIDE_1.12.0\STM32CubeIDE\plugins\com.st.stm32cube.common.mx_6.8.0.202302231600\\db\/plugins/mcufinder/images/
2023-06-24 13:07:11,797 [INFO] ApiDb:250 - Set database path to: C:\Users\wind\.stmcufinder\plugins\mcufinder//mcu/
2023-06-24 13:07:11,798 [INFO] DbMcusAds:125 - Set database path to: C:\Users\wind\.stmcufinder\plugins\mcufinder//mcu/
2023-06-24 13:07:11,802 [INFO] CrossReferenceDbSqlite:203 - Set database path to: C:\Users\wind\.stmcufinder\plugins\mcufinder//mcu/cs/
2023-06-24 13:07:11,911 [INFO] RulesReader:64 - Compatibility file has been processed (293 Rules)
2023-06-24 13:07:12,040 [INFO] DbMcusXml:78 - Set database path to: E:\STM32CubeIDE_1.12.0\STM32CubeIDE\plugins\com.st.stm32cube.common.mx_6.8.0.202302231600\\db\/mcu/
2023-06-24 13:07:12,041 [INFO] ApiDb:274 - Set plugin database path to: E:\STM32CubeIDE_1.12.0\STM32CubeIDE\plugins\com.st.stm32cube.common.mx_6.8.0.202302231600\\db\/plugins/boardmanager/
2023-06-24 13:07:12,041 [INFO] ApiDb:261 - Set plugin images path to: E:\STM32CubeIDE_1.12.0\STM32CubeIDE\plugins\com.st.stm32cube.common.mx_6.8.0.202302231600\\db\/plugins/mcufinder/images/
2023-06-24 13:07:12,041 [WARN] DbFile:41 - Overriding database path with different value: C:\Users\wind\.stmcufinder\plugins\mcufinder/ => C:\Users\wind\.stmcufinder\plugins\mcufinder
2023-06-24 13:07:12,041 [INFO] ApiDb:250 - Set database path to: C:\Users\wind\.stmcufinder\plugins\mcufinder//mcu/
2023-06-24 13:07:12,041 [WARN] DbFile:41 - Overriding database path with different value: C:\Users\wind\.stmcufinder\plugins\mcufinder/ => C:\Users\wind\.stmcufinder\plugins\mcufinder
2023-06-24 13:07:12,041 [INFO] DbMcusAds:125 - Set database path to: C:\Users\wind\.stmcufinder\plugins\mcufinder//mcu/
2023-06-24 13:07:12,041 [WARN] DbFile:41 - Overriding database path with different value: C:\Users\wind\.stmcufinder\plugins\mcufinder/ => C:\Users\wind\.stmcufinder\plugins\mcufinder
2023-06-24 13:07:12,041 [WARN] DbFile:41 - Overriding database path with different value: C:\Users\wind\.stmcufinder\plugins\mcufinder/ => C:\Users\wind\.stmcufinder\plugins\mcufinder
2023-06-24 13:07:12,042 [INFO] CrossReferenceDbSqlite:203 - Set database path to: C:\Users\wind\.stmcufinder\plugins\mcufinder//mcu/cs/
2023-06-24 13:07:12,145 [INFO] MainPanel:253 - HeapMemory: 268435456
2023-06-24 13:07:12,263 [INFO] DbMcusXml:78 - Set database path to: E:\STM32CubeIDE_1.12.0\STM32CubeIDE\plugins\com.st.stm32cube.common.mx_6.8.0.202302231600\\db\/mcu/
2023-06-24 13:07:12,264 [INFO] ApiDb:274 - Set plugin database path to: E:\STM32CubeIDE_1.12.0\STM32CubeIDE\plugins\com.st.stm32cube.common.mx_6.8.0.202302231600\\db\/plugins/boardmanager/
2023-06-24 13:07:12,264 [INFO] ApiDb:261 - Set plugin images path to: E:\STM32CubeIDE_1.12.0\STM32CubeIDE\plugins\com.st.stm32cube.common.mx_6.8.0.202302231600\\db\/plugins/mcufinder/images/
2023-06-24 13:07:12,264 [WARN] DbFile:41 - Overriding database path with different value: C:\Users\wind\.stmcufinder\plugins\mcufinder/ => C:\Users\wind\.stmcufinder\plugins\mcufinder
2023-06-24 13:07:12,264 [INFO] ApiDb:250 - Set database path to: C:\Users\wind\.stmcufinder\plugins\mcufinder//mcu/
2023-06-24 13:07:12,264 [WARN] DbFile:41 - Overriding database path with different value: C:\Users\wind\.stmcufinder\plugins\mcufinder/ => C:\Users\wind\.stmcufinder\plugins\mcufinder
2023-06-24 13:07:12,264 [INFO] DbMcusAds:125 - Set database path to: C:\Users\wind\.stmcufinder\plugins\mcufinder//mcu/
2023-06-24 13:07:12,264 [WARN] DbFile:41 - Overriding database path with different value: C:\Users\wind\.stmcufinder\plugins\mcufinder/ => C:\Users\wind\.stmcufinder\plugins\mcufinder
2023-06-24 13:07:12,264 [WARN] DbFile:41 - Overriding database path with different value: C:\Users\wind\.stmcufinder\plugins\mcufinder/ => C:\Users\wind\.stmcufinder\plugins\mcufinder
2023-06-24 13:07:12,264 [INFO] CrossReferenceDbSqlite:203 - Set database path to: C:\Users\wind\.stmcufinder\plugins\mcufinder//mcu/cs/
2023-06-24 13:07:12,284 [INFO] ApplicationProperties:184 - Using Application install path: E:\STM32CubeIDE_1.12.0\STM32CubeIDE\plugins\com.st.stm32cube.common.mx_6.8.0.202302231600
2023-06-24 13:07:12,286 [INFO] PluginManage:196 - Search for loadable plugins [exclusion list=, ]
2023-06-24 13:07:12,288 [INFO] PluginManage:310 - Check plugin analytics
2023-06-24 13:07:12,481 [INFO] AnalyticsPlugin:253 - Accepted Software Licenses: STM32CubeMX.6.8.0
2023-06-24 13:07:12,482 [INFO] AnalyticsPlugin:255 - Accepted CMSIS Pack Licenses: 
2023-06-24 13:07:12,482 [INFO] AnalyticsPlugin:257 - Accepted Firmware Licenses: FW.H7.1.11.0
2023-06-24 13:07:12,487 [ERROR] ConfigurationRetriever:142 - IOException on connection: sw-center.st.com
2023-06-24 13:07:12,488 [ERROR] ConfigurationRetriever:142 - IOException on connection: sw-center.st.com
2023-06-24 13:07:12,489 [ERROR] ConfigurationRetriever:142 - IOException on connection: sw-center.st.com
2023-06-24 13:07:12,496 [INFO] PluginManage:359 - Loaded plugin analytics (category:tool,tabindex:-1)
2023-06-24 13:07:12,497 [INFO] PluginManage:310 - Check plugin cadmodel
2023-06-24 13:07:12,506 [INFO] CADModel:105 - Init CAD model plugin
2023-06-24 13:07:12,507 [INFO] PluginManage:359 - Loaded plugin cadmodel (category:power,tabindex:5)
2023-06-24 13:07:12,507 [INFO] PluginManage:310 - Check plugin clock
2023-06-24 13:07:12,525 [INFO] PluginManage:359 - Loaded plugin clock (category:base,tabindex:2)
2023-06-24 13:07:12,525 [INFO] PluginManage:310 - Check plugin ddr
2023-06-24 13:07:12,528 [INFO] PluginManage:359 - Loaded plugin ddr (category:tool,tabindex:6)
2023-06-24 13:07:12,529 [INFO] PluginManage:310 - Check plugin filemanager
2023-06-24 13:07:12,676 [INFO] PluginManage:359 - Loaded plugin filemanager (category:base,tabindex:10)
2023-06-24 13:07:12,676 [INFO] PluginManage:310 - Check plugin ipmanager
2023-06-24 13:07:12,686 [INFO] PluginManage:359 - Loaded plugin ipmanager (category:base,tabindex:5)
2023-06-24 13:07:12,686 [INFO] PluginManage:310 - Check plugin lpbam
2023-06-24 13:07:12,698 [INFO] PluginManage:359 - Loaded plugin lpbam (category:base,tabindex:0)
2023-06-24 13:07:12,698 [INFO] PluginManage:310 - Check plugin pinoutandconfiguration
2023-06-24 13:07:12,710 [INFO] PluginManage:359 - Loaded plugin pinoutandconfiguration (category:base,tabindex:1)
2023-06-24 13:07:12,710 [INFO] PluginManage:310 - Check plugin pinoutconfig
2023-06-24 13:07:12,818 [WARN] SupportedApi:132 - Cannot load RTOS API schema: s4s-elt-must-match.1: The content of 'definitions' must match (annotation?, (simpleType | complexType)?, (unique | key | keyref)*)). A problem was found starting at: attribute.
2023-06-24 13:07:12,988 [INFO] PluginManage:359 - Loaded plugin pinoutconfig (category:base,tabindex:0)
2023-06-24 13:07:12,988 [INFO] PluginManage:310 - Check plugin power
2023-06-24 13:07:13,001 [INFO] PluginManage:359 - Loaded plugin power (category:power,tabindex:4)
2023-06-24 13:07:13,001 [INFO] PluginManage:310 - Check plugin projectmanager
2023-06-24 13:07:13,020 [INFO] PluginManage:359 - Loaded plugin projectmanager (category:projectmanager,tabindex:3)
2023-06-24 13:07:13,021 [INFO] PluginManage:310 - Check plugin thirdparty
2023-06-24 13:07:13,181 [WARN] IntegrityCheckThread:84 - waiting for thirdparty lock release [integrity check]
2023-06-24 13:07:13,181 [INFO] IntegrityCheckThread:86 - entering critical section [integrity check]
2023-06-24 13:07:13,182 [INFO] PluginManage:359 - Loaded plugin thirdparty (category:base,tabindex:-1)
2023-06-24 13:07:13,182 [INFO] PluginManage:310 - Check plugin tools
2023-06-24 13:07:13,184 [INFO] ThirdPartyUpdaterWithRetryManager:70 - Updater plugin not ready yet. [1/15]
2023-06-24 13:07:13,188 [INFO] PluginManage:359 - Loaded plugin tools (category:base,tabindex:7)
2023-06-24 13:07:13,188 [INFO] PluginManage:310 - Check plugin tutovideos
2023-06-24 13:07:13,400 [INFO] PluginManage:359 - Loaded plugin tutovideos (category:base,tabindex:-1)
2023-06-24 13:07:13,400 [INFO] PluginManage:310 - Check plugin updater
2023-06-24 13:07:13,417 [INFO] PluginManage:359 - Loaded plugin updater (category:base,tabindex:12)
2023-06-24 13:07:13,418 [INFO] PluginManage:283 - PluginManage : Loaded plugins [15]
2023-06-24 13:07:13,767 [INFO] PinOutPanel:1499 - setPackage(No Configuration,No Configuration)
2023-06-24 13:07:13,846 [INFO] CADModel:165 - CPN selected for project level
2023-06-24 13:07:13,846 [INFO] CADModel:114 - Register for checkConnection events
2023-06-24 13:07:13,870 [INFO] IPUIPlugin:80 - create IPUIPlugin
2023-06-24 13:07:13,870 [INFO] PluginManager:220 - loadIPPluginJar : add adc
2023-06-24 13:07:13,873 [INFO] IPUIPlugin:80 - create IPUIPlugin
2023-06-24 13:07:13,873 [INFO] PluginManager:220 - loadIPPluginJar : add aes
2023-06-24 13:07:13,877 [INFO] IPUIPlugin:80 - create IPUIPlugin
2023-06-24 13:07:13,877 [INFO] PluginManager:220 - loadIPPluginJar : add can
2023-06-24 13:07:13,879 [INFO] IPUIPlugin:80 - create IPUIPlugin
2023-06-24 13:07:13,879 [INFO] PluginManager:220 - loadIPPluginJar : add comp
2023-06-24 13:07:13,882 [INFO] IPUIPlugin:80 - create IPUIPlugin
2023-06-24 13:07:13,883 [INFO] PluginManager:220 - loadIPPluginJar : add cryp
2023-06-24 13:07:13,886 [INFO] IPUIPlugin:80 - create IPUIPlugin
2023-06-24 13:07:13,886 [INFO] PluginManager:220 - loadIPPluginJar : add dfsdm
2023-06-24 13:07:13,893 [INFO] IPUIPlugin:80 - create IPUIPlugin
2023-06-24 13:07:13,893 [INFO] PluginManager:220 - loadIPPluginJar : add dma
2023-06-24 13:07:13,897 [INFO] IPUIPlugin:80 - create IPUIPlugin
2023-06-24 13:07:13,897 [INFO] PluginManager:220 - loadIPPluginJar : add dma3
2023-06-24 13:07:13,899 [INFO] IPUIPlugin:80 - create IPUIPlugin
2023-06-24 13:07:13,899 [INFO] PluginManager:220 - loadIPPluginJar : add fatfs
2023-06-24 13:07:13,904 [INFO] IPUIPlugin:80 - create IPUIPlugin
2023-06-24 13:07:13,904 [INFO] PluginManager:220 - loadIPPluginJar : add fmc
2023-06-24 13:07:13,912 [INFO] IPUIPlugin:80 - create IPUIPlugin
2023-06-24 13:07:13,912 [INFO] PluginManager:220 - loadIPPluginJar : add freertos
2023-06-24 13:07:13,914 [INFO] IPUIPlugin:80 - create IPUIPlugin
2023-06-24 13:07:13,914 [INFO] PluginManager:220 - loadIPPluginJar : add genericplugin
2023-06-24 13:07:13,917 [INFO] IPUIPlugin:80 - create IPUIPlugin
2023-06-24 13:07:13,917 [INFO] PluginManager:220 - loadIPPluginJar : add gfxmmu
2023-06-24 13:07:13,922 [INFO] IPUIPlugin:80 - create IPUIPlugin
2023-06-24 13:07:13,922 [INFO] PluginManager:220 - loadIPPluginJar : add gic
2023-06-24 13:07:13,927 [INFO] IPUIPlugin:80 - create IPUIPlugin
2023-06-24 13:07:13,928 [INFO] PluginManager:220 - loadIPPluginJar : add gpio
2023-06-24 13:07:13,931 [INFO] IPUIPlugin:80 - create IPUIPlugin
2023-06-24 13:07:13,931 [INFO] PluginManager:220 - loadIPPluginJar : add gtzc
2023-06-24 13:07:13,934 [INFO] IPUIPlugin:80 - create IPUIPlugin
2023-06-24 13:07:13,934 [INFO] PluginManager:220 - loadIPPluginJar : add hash
2023-06-24 13:07:13,937 [INFO] IPUIPlugin:80 - create IPUIPlugin
2023-06-24 13:07:13,937 [INFO] PluginManager:220 - loadIPPluginJar : add i2c
2023-06-24 13:07:13,940 [INFO] IPUIPlugin:80 - create IPUIPlugin
2023-06-24 13:07:13,940 [INFO] PluginManager:220 - loadIPPluginJar : add i2s
2023-06-24 13:07:13,944 [INFO] IPUIPlugin:80 - create IPUIPlugin
2023-06-24 13:07:13,944 [INFO] PluginManager:220 - loadIPPluginJar : add i3c
2023-06-24 13:07:13,948 [INFO] IPUIPlugin:80 - create IPUIPlugin
2023-06-24 13:07:13,948 [INFO] PluginManager:220 - loadIPPluginJar : add ipddr
2023-06-24 13:07:13,956 [INFO] IPUIPlugin:80 - create IPUIPlugin
2023-06-24 13:07:13,956 [INFO] PluginManager:220 - loadIPPluginJar : add linkedlist
2023-06-24 13:07:13,960 [INFO] IPUIPlugin:80 - create IPUIPlugin
2023-06-24 13:07:13,960 [INFO] PluginManager:220 - loadIPPluginJar : add lorawan
2023-06-24 13:07:13,962 [INFO] IPUIPlugin:80 - create IPUIPlugin
2023-06-24 13:07:13,962 [INFO] PluginManager:220 - loadIPPluginJar : add ltdc
2023-06-24 13:07:13,968 [INFO] IPUIPlugin:80 - create IPUIPlugin
2023-06-24 13:07:13,968 [INFO] PluginManager:220 - loadIPPluginJar : add mdma
2023-06-24 13:07:13,972 [INFO] IPUIPlugin:80 - create IPUIPlugin
2023-06-24 13:07:13,973 [INFO] PluginManager:220 - loadIPPluginJar : add nvic
2023-06-24 13:07:13,977 [INFO] IPUIPlugin:80 - create IPUIPlugin
2023-06-24 13:07:13,978 [INFO] PluginManager:220 - loadIPPluginJar : add opamp
2023-06-24 13:07:13,981 [INFO] IPUIPlugin:80 - create IPUIPlugin
2023-06-24 13:07:13,981 [INFO] PluginManager:220 - loadIPPluginJar : add openamp
2023-06-24 13:07:13,985 [INFO] IPUIPlugin:80 - create IPUIPlugin
2023-06-24 13:07:13,985 [INFO] PluginManager:220 - loadIPPluginJar : add pdm2pcm
2023-06-24 13:07:13,991 [INFO] IPUIPlugin:80 - create IPUIPlugin
2023-06-24 13:07:13,994 [INFO] PluginManager:220 - loadIPPluginJar : add plateformsettings
2023-06-24 13:07:13,997 [INFO] IPUIPlugin:80 - create IPUIPlugin
2023-06-24 13:07:13,997 [INFO] PluginManager:220 - loadIPPluginJar : add quadspi
2023-06-24 13:07:14,002 [INFO] IPUIPlugin:80 - create IPUIPlugin
2023-06-24 13:07:14,002 [INFO] PluginManager:220 - loadIPPluginJar : add resmgrutility
2023-06-24 13:07:14,006 [INFO] IPUIPlugin:80 - create IPUIPlugin
2023-06-24 13:07:14,006 [INFO] PluginManager:220 - loadIPPluginJar : add sai
2023-06-24 13:07:14,009 [INFO] IPUIPlugin:80 - create IPUIPlugin
2023-06-24 13:07:14,009 [INFO] PluginManager:220 - loadIPPluginJar : add spi
2023-06-24 13:07:14,015 [INFO] IPUIPlugin:80 - create IPUIPlugin
2023-06-24 13:07:14,015 [INFO] PluginManager:220 - loadIPPluginJar : add stm32_wpan
2023-06-24 13:07:14,017 [INFO] IPUIPlugin:80 - create IPUIPlugin
2023-06-24 13:07:14,018 [INFO] PluginManager:220 - loadIPPluginJar : add tim
2023-06-24 13:07:14,022 [INFO] IPUIPlugin:80 - create IPUIPlugin
2023-06-24 13:07:14,022 [INFO] PluginManager:220 - loadIPPluginJar : add touchsensing
2023-06-24 13:07:14,024 [INFO] IPUIPlugin:80 - create IPUIPlugin
2023-06-24 13:07:14,025 [INFO] PluginManager:220 - loadIPPluginJar : add tracer_emb
2023-06-24 13:07:14,027 [INFO] IPUIPlugin:80 - create IPUIPlugin
2023-06-24 13:07:14,027 [INFO] PluginManager:220 - loadIPPluginJar : add ts
2023-06-24 13:07:14,029 [INFO] IPUIPlugin:80 - create IPUIPlugin
2023-06-24 13:07:14,029 [INFO] PluginManager:220 - loadIPPluginJar : add tsc
2023-06-24 13:07:14,032 [INFO] IPUIPlugin:80 - create IPUIPlugin
2023-06-24 13:07:14,032 [INFO] PluginManager:220 - loadIPPluginJar : add ucpd
2023-06-24 13:07:14,035 [INFO] IPUIPlugin:80 - create IPUIPlugin
2023-06-24 13:07:14,035 [INFO] PluginManager:220 - loadIPPluginJar : add usart
2023-06-24 13:07:14,039 [INFO] IPUIPlugin:80 - create IPUIPlugin
2023-06-24 13:07:14,039 [INFO] PluginManager:220 - loadIPPluginJar : add usbx
2023-06-24 13:07:14,172 [INFO] CADModel:165 - CPN selected for project level
2023-06-24 13:07:14,172 [INFO] CADModel:114 - Register for checkConnection events
2023-06-24 13:07:14,172 [FATAL] Updater:308 - Updater called before beeing initialized
2023-06-24 13:07:14,172 [ERROR] CADModel:125 - Updater not yet initialized, retry later 
2023-06-24 13:07:14,355 [INFO] CADModel:165 - CPN selected for project level
2023-06-24 13:07:14,355 [INFO] CADModel:114 - Register for checkConnection events
2023-06-24 13:07:14,355 [FATAL] Updater:308 - Updater called before beeing initialized
2023-06-24 13:07:14,355 [ERROR] CADModel:125 - Updater not yet initialized, retry later 
2023-06-24 13:07:14,359 [FATAL] Updater:308 - Updater called before beeing initialized
2023-06-24 13:07:14,492 [FATAL] Updater:308 - Updater called before beeing initialized
2023-06-24 13:07:14,504 [INFO] DbMcusAds:53 - JSON generation date=Tue Mar 07 16:50:55 CST 2023 (1678179055335)
2023-06-24 13:07:14,505 [FATAL] Updater:308 - Updater called before beeing initialized
2023-06-24 13:07:14,544 [WARN] DetailPanel:346 - Failed to get advertising image, set to default
2023-06-24 13:07:14,641 [FATAL] Updater:308 - Updater called before beeing initialized
2023-06-24 13:07:14,644 [FATAL] Updater:308 - Updater called before beeing initialized
2023-06-24 13:07:14,644 [FATAL] Updater:308 - Updater called before beeing initialized
2023-06-24 13:07:14,644 [WARN] DetailPanel:346 - Failed to get advertising image, set to default
2023-06-24 13:07:14,645 [FATAL] Updater:308 - Updater called before beeing initialized
2023-06-24 13:07:14,700 [ERROR] Updater:1120 - MainUpdater not yet initialized. External WinMGr cannot be set.
2023-06-24 13:07:14,703 [INFO] Updater:1056 - Updater Version found : 6.8.0
2023-06-24 13:07:14,723 [INFO] ApplicationProperties:184 - Using Application install path: E:\STM32CubeIDE_1.12.0\STM32CubeIDE\plugins\com.st.stm32cube.common.mx_6.8.0.202302231600
2023-06-24 13:07:14,805 [ERROR] ServerAccessManage:1146 - Warning during Server Connection :  Unknown host sw-center.st.com
2023-06-24 13:07:14,812 [INFO] MainUpdater:2854 - connection check result : 22
2023-06-24 13:07:14,813 [INFO] MainUpdater:283 - Updater Check For Update Now.
2023-06-24 13:07:14,813 [INFO] MicroXplorer:498 - Change Database Version : DB.6.0.80
2023-06-24 13:07:14,984 [INFO] CheckServerUpdateThread:120 - End of CheckServer Thread
2023-06-24 13:07:15,046 [ERROR] ServerAccessManage:1146 - Warning during Server Connection :  Unknown host sw-center.st.com
2023-06-24 13:07:15,048 [INFO] MainUpdater:2854 - connection check result : 22
2023-06-24 13:07:15,050 [ERROR] ServerAccessManage:1146 - Warning during Server Connection :  Unknown host sw-center.st.com
2023-06-24 13:07:15,051 [INFO] MainUpdater:2854 - connection check result : 22
2023-06-24 13:07:16,332 [WARN] PackLoader:240 - Cannot read IP mode file for STMicroelectronics.X-CUBE-SMBUS.2.1.0
2023-06-24 13:07:16,358 [WARN] PackLoader:240 - Cannot read IP mode file for STMicroelectronics.X-CUBE-AZRTOS-F7.1.1.0
2023-06-24 13:07:16,367 [ERROR] RealEvaluatedCondition:428 - Found unsupported composite condition: GROUP='STM32_MetaDataManager' CLASS='Data Exchange'
2023-06-24 13:07:16,367 [ERROR] RealEvaluatedCondition:428 - Found unsupported composite condition: CLASS='Data Exchange' GROUP='STM32_MetaDataManager'
2023-06-24 13:07:16,368 [WARN] PackLoader:240 - Cannot read IP mode file for STMicroelectronics.FP-SNS-MOTENV1.4.3.1
2023-06-24 13:07:16,375 [WARN] PackLoader:240 - Cannot read IP mode file for STMicroelectronics.FP-SNS-FLIGHT1.5.0.1
2023-06-24 13:07:16,383 [WARN] PackLoader:240 - Cannot read IP mode file for STMicroelectronics.X-CUBE-BLE1.6.2.4
2023-06-24 13:07:16,391 [WARN] PackLoader:240 - Cannot read IP mode file for STMicroelectronics.X-CUBE-DISPLAY.3.0.0
2023-06-24 13:07:16,415 [INFO] LogOutputStream:77 - [STDOUT_REDIRECT] 1 : Invalid condition id : UX_CORESTACK_Condition cause : null
2023-06-24 13:07:16,416 [INFO] LogOutputStream:77 - [STDOUT_REDIRECT] 1 : Invalid condition id : UX_CORESTACK_Condition cause : null
2023-06-24 13:07:16,417 [INFO] LogOutputStream:77 - [STDOUT_REDIRECT] 1 : Invalid condition id : UX_CORESTACK_Condition cause : null
2023-06-24 13:07:16,419 [INFO] LogOutputStream:77 - [STDOUT_REDIRECT] 1 : Invalid condition id : UX_CORESTACK_Condition cause : null
2023-06-24 13:07:16,420 [INFO] LogOutputStream:77 - [STDOUT_REDIRECT] 1 : Invalid condition id : UX_CORESTACK_Condition cause : null
2023-06-24 13:07:16,424 [WARN] PackLoader:240 - Cannot read IP mode file for STMicroelectronics.X-CUBE-AZRTOS-WL.2.0.0
2023-06-24 13:07:16,434 [WARN] PackLoader:240 - Cannot read IP mode file for WES.I-CUBE-Cesium.1.3.0
2023-06-24 13:07:16,442 [WARN] PackLoader:240 - Cannot read IP mode file for STMicroelectronics.X-CUBE-BLE2.3.3.0
2023-06-24 13:07:16,447 [WARN] PackLoader:240 - Cannot read IP mode file for STMicroelectronics.X-CUBE-TOUCHGFX.4.21.4
2023-06-24 13:07:16,481 [WARN] PackLoader:240 - Cannot read IP mode file for STMicroelectronics.X-CUBE-ALGOBUILD.1.3.0
2023-06-24 13:07:16,497 [WARN] PackLoader:240 - Cannot read IP mode file for STMicroelectronics.X-CUBE-AZRTOS-G0.1.1.0
2023-06-24 13:07:16,505 [WARN] PackLoader:240 - Cannot read IP mode file for STMicroelectronics.X-CUBE-NFC4.3.0.0
2023-06-24 13:07:16,511 [WARN] PackLoader:240 - Cannot read IP mode file for STMicroelectronics.FP-ATR-SIGFOX1.3.2.0
2023-06-24 13:07:16,543 [WARN] PackLoader:240 - Cannot read IP mode file for SEGGER.I-CUBE-embOS.1.3.1
2023-06-24 13:07:16,593 [WARN] PackLoader:240 - Cannot read IP mode file for STMicroelectronics.X-CUBE-GNSS1.6.0.0
2023-06-24 13:07:16,609 [WARN] PackLoader:240 - Cannot read IP mode file for STMicroelectronics.X-CUBE-AZRTOS-F4.1.1.0
2023-06-24 13:07:16,617 [WARN] PackLoader:240 - Cannot read IP mode file for wolfSSL.I-CUBE-wolfSSL.5.6.0
2023-06-24 13:07:16,649 [WARN] PackLoader:240 - Cannot read IP mode file for STMicroelectronics.X-CUBE-MEMS1.9.6.0
2023-06-24 13:07:16,827 [WARN] PackLoader:240 - Cannot read IP mode file for emotas.I-CUBE-CANOPEN.1.1.3
2023-06-24 13:07:16,836 [WARN] PackLoader:240 - Cannot read IP mode file for STMicroelectronics.X-CUBE-BLEMGR.2.0.0
2023-06-24 13:07:16,858 [WARN] ConditionMgr:438 - getConditionDescription Invalid condition id : UX DEVICE CLASS RTOS Condition cause : null
2023-06-24 13:07:16,858 [WARN] ConditionMgr:438 - getConditionDescription Invalid condition id : UX DEVICE CLASS RTOS Condition cause : null
2023-06-24 13:07:16,862 [WARN] PackLoader:240 - Cannot read IP mode file for STMicroelectronics.X-CUBE-AZRTOS-H7.3.1.0
2023-06-24 13:07:16,863 [WARN] ConditionMgr:1039 - genDependencies : Invalid condition id : UX DEVICE CLASS RTOS Condition cause : null
2023-06-24 13:07:16,863 [WARN] ConditionMgr:1039 - genDependencies : Invalid condition id : UX DEVICE CLASS RTOS Condition cause : null
2023-06-24 13:07:16,864 [WARN] ConditionMgr:1039 - genDependencies : Invalid condition id : UX DEVICE CLASS RTOS Condition cause : null
2023-06-24 13:07:16,864 [WARN] ConditionMgr:1039 - genDependencies : Invalid condition id : UX DEVICE CLASS RTOS Condition cause : null
2023-06-24 13:07:16,864 [WARN] ConditionMgr:1039 - genDependencies : Invalid condition id : UX DEVICE CLASS RTOS Condition cause : null
2023-06-24 13:07:16,871 [WARN] PackLoader:240 - Cannot read IP mode file for STMicroelectronics.X-CUBE-NFC7.1.0.1
2023-06-24 13:07:16,879 [WARN] PackLoader:240 - Cannot read IP mode file for STMicroelectronics.X-CUBE-EEPRMA1.4.1.0
2023-06-24 13:07:16,899 [WARN] ConditionMgr:438 - getConditionDescription Invalid condition id : LAN8742 Phy interface Condition cause : null
2023-06-24 13:07:16,900 [WARN] PackLoader:240 - Cannot read IP mode file for STMicroelectronics.X-CUBE-AZRTOS-L4.2.0.0
2023-06-24 13:07:16,901 [WARN] ConditionMgr:1039 - genDependencies : Invalid condition id : LAN8742 Phy interface Condition cause : null
2023-06-24 13:07:16,901 [WARN] ConditionMgr:1039 - genDependencies : Invalid condition id : LAN8742 Phy interface Condition cause : null
2023-06-24 13:07:16,902 [WARN] ConditionMgr:1039 - genDependencies : Invalid condition id : LAN8742 Phy interface Condition cause : null
2023-06-24 13:07:16,910 [WARN] PackLoader:240 - Cannot read IP mode file for STMicroelectronics.X-CUBE-SFXS2LP1.4.0.0
2023-06-24 13:07:16,916 [WARN] PackLoader:240 - Cannot read IP mode file for STMicroelectronics.X-CUBE-ISPU.1.1.0
2023-06-24 13:07:16,923 [WARN] PackLoader:240 - Cannot read IP mode file for STMicroelectronics.X-CUBE-FREERTOS.1.0.1
2023-06-24 13:07:16,937 [WARN] PackLoader:240 - Cannot read IP mode file for STMicroelectronics.X-CUBE-AZRTOS-L5.1.1.0
2023-06-24 13:07:16,945 [WARN] PackLoader:240 - Cannot read IP mode file for STMicroelectronics.X-CUBE-AI.8.0.1
2023-06-24 13:07:16,955 [WARN] PackLoader:240 - Cannot read IP mode file for STMicroelectronics.X-CUBE-SUBG2.5.0.0
2023-06-24 13:07:16,972 [WARN] PackLoader:240 - Cannot read IP mode file for STMicroelectronics.X-CUBE-AZRTOS-G4.2.0.0
2023-06-24 13:07:16,983 [WARN] PackLoader:240 - Cannot read IP mode file for STMicroelectronics.X-CUBE-TOF1.3.3.0
2023-06-24 13:07:16,995 [WARN] PackLoader:240 - Cannot read IP mode file for portGmbH.I-Cube-SoM-uGOAL.1.1.0
2023-06-24 13:07:17,001 [WARN] PackLoader:240 - Cannot read IP mode file for STMicroelectronics.X-CUBE-ALS.1.0.1
2023-06-24 13:07:17,015 [WARN] PackLoader:240 - Cannot read IP mode file for STMicroelectronics.X-CUBE-AZRTOS-WB.1.1.0
2023-06-24 13:07:17,023 [WARN] PackLoader:240 - Cannot read IP mode file for STMicroelectronics.FP-ATR-ASTRA1.2.0.0
2023-06-24 13:07:17,024 [INFO] ThirdParty:978 - Integrity check success = true
2023-06-24 13:07:17,024 [INFO] IntegrityCheckThread:100 - exiting critical section [integrity check]
2023-06-24 13:07:17,025 [INFO] IntegrityCheckThread:103 - End integrity checks thread
2023-06-24 13:07:19,422 [ERROR] LogOutputStream:75 - [STDERR_REDIRECT] SLF4J: Failed to load class "org.slf4j.impl.StaticLoggerBinder".
2023-06-24 13:07:19,423 [ERROR] LogOutputStream:75 - [STDERR_REDIRECT] SLF4J: Defaulting to no-operation (NOP) logger implementation
2023-06-24 13:07:19,424 [ERROR] LogOutputStream:75 - [STDERR_REDIRECT] SLF4J: See http://www.slf4j.org/codes.html#StaticLoggerBinder for further details.
2023-06-24 13:07:22,645 [ERROR] ServerAccessManage:1146 - Warning during Server Connection :  Unknown host sw-center.st.com
2023-06-24 13:07:22,646 [INFO] MainUpdater:2854 - connection check result : 22
2023-06-24 13:07:43,772 [INFO] MicroXplorer:468 - Change Database Path : 
2023-06-24 13:07:43,773 [INFO] MicroXplorer:498 - Change Database Version : DB.6.0.80
2023-06-24 13:07:43,774 [WARN] ThirdParty:871 - waiting for thirdparty lock release [close project]
2023-06-24 13:07:43,775 [INFO] ThirdParty:873 - entering critical section [close project]
2023-06-24 13:07:43,776 [INFO] ThirdParty:883 - exiting critical section [close project]
2023-06-24 13:07:43,783 [INFO] PinOutPanel:1499 - setPackage(No Configuration,No Configuration)
2023-06-24 13:07:43,791 [INFO] UtilMem:75 - Begin LoadConfig() Used Memory: 199605784 Bytes (268435456)
2023-06-24 13:07:43,792 [INFO] MicroXplorer:468 - Change Database Path : 
2023-06-24 13:07:43,793 [INFO] MicroXplorer:498 - Change Database Version : DB.6.0.80
2023-06-24 13:07:43,793 [INFO] OpenFileManager:308 - Change cursor
2023-06-24 13:07:43,841 [INFO] Mcu:1937 - Initializing MCU STM32H7A3Z(G-I)TxQ STM32H7A3ZITxQ STM32H7A3ZIT6Q
2023-06-24 13:07:47,244 [INFO] Context:659 - Trying to add GPIOservice into a context  which must be forbidden
2023-06-24 13:07:48,481 [INFO] RtosManager:555 - Registered RTOS mode: class=CMSIS, group=RTOS, mode=CMSIS_V1, owner=FREERTOS
2023-06-24 13:07:48,481 [INFO] RtosManager:555 - Registered RTOS mode: class=CMSIS, group=RTOS2, mode=CMSIS_V2, owner=FREERTOS
2023-06-24 13:07:48,481 [INFO] RtosManager:555 - Registered RTOS mode: class=RTOS, group=Core, mode=CMSIS_V1, owner=FREERTOS
2023-06-24 13:07:48,482 [INFO] RtosManager:555 - Registered RTOS mode: class=RTOS, group=Core, mode=CMSIS_V2, owner=FREERTOS
2023-06-24 13:07:48,482 [WARN] ModelIntegratedComponent:184 - Missing modes for component STMicroelectronics:FreeRTOS:0.0.1:STMicroelectronics:RTOS:FreeRTOS:Core:::10.2.0:
2023-06-24 13:07:48,489 [WARN] ModelIntegratedComponent:182 - Modes not found for component STMicroelectronics:USB_HOST:1.0.0:STMicroelectronics:USB::USB Host:Audio FS::1.0:USB_HOST_1_0_RESTRICTED_FS
2023-06-24 13:07:48,489 [WARN] ModelIntegratedComponent:188 - Modes not found for component STMicroelectronics:USB_HOST:1.0.0:STMicroelectronics:USB::USB Host:Audio FS::1.0:USB_HOST_1_0_RESTRICTED_FS
2023-06-24 13:07:48,489 [WARN] ModelIntegratedComponent:182 - Modes not found for component STMicroelectronics:USB_HOST:1.0.0:STMicroelectronics:USB::USB Host:CDC FS::1.0:USB_HOST_1_0_RESTRICTED_FS
2023-06-24 13:07:48,489 [WARN] ModelIntegratedComponent:188 - Modes not found for component STMicroelectronics:USB_HOST:1.0.0:STMicroelectronics:USB::USB Host:CDC FS::1.0:USB_HOST_1_0_RESTRICTED_FS
2023-06-24 13:07:48,489 [WARN] ModelIntegratedComponent:182 - Modes not found for component STMicroelectronics:USB_HOST:1.0.0:STMicroelectronics:USB::USB Host:MSC FS::1.0:USB_HOST_1_0_RESTRICTED_FS
2023-06-24 13:07:48,490 [WARN] ModelIntegratedComponent:188 - Modes not found for component STMicroelectronics:USB_HOST:1.0.0:STMicroelectronics:USB::USB Host:MSC FS::1.0:USB_HOST_1_0_RESTRICTED_FS
2023-06-24 13:07:48,490 [WARN] ModelIntegratedComponent:182 - Modes not found for component STMicroelectronics:USB_HOST:1.0.0:STMicroelectronics:USB::USB Host:HID FS::1.0:USB_HOST_1_0_RESTRICTED_FS
2023-06-24 13:07:48,490 [WARN] ModelIntegratedComponent:188 - Modes not found for component STMicroelectronics:USB_HOST:1.0.0:STMicroelectronics:USB::USB Host:HID FS::1.0:USB_HOST_1_0_RESTRICTED_FS
2023-06-24 13:07:48,490 [WARN] ModelIntegratedComponent:182 - Modes not found for component STMicroelectronics:USB_HOST:1.0.0:STMicroelectronics:USB::USB Host:MTP FS::1.0:USB_HOST_1_0_RESTRICTED_FS
2023-06-24 13:07:48,490 [WARN] ModelIntegratedComponent:188 - Modes not found for component STMicroelectronics:USB_HOST:1.0.0:STMicroelectronics:USB::USB Host:MTP FS::1.0:USB_HOST_1_0_RESTRICTED_FS
2023-06-24 13:07:48,502 [WARN] ModelIntegratedComponent:63 - No mode defined for component null
2023-06-24 13:07:48,502 [WARN] ModelIntegratedComponent:63 - No mode defined for component null
2023-06-24 13:07:48,502 [WARN] ModelIntegratedComponent:63 - No mode defined for component null
2023-06-24 13:07:48,503 [WARN] ModelIntegratedComponent:63 - No mode defined for component null
2023-06-24 13:07:48,503 [WARN] ModelIntegratedComponent:63 - No mode defined for component null
2023-06-24 13:07:48,503 [WARN] ModelIntegratedComponent:63 - No mode defined for component null
2023-06-24 13:07:48,503 [WARN] ModelIntegratedComponent:63 - No mode defined for component null
2023-06-24 13:07:48,504 [WARN] ModelIntegratedComponent:63 - No mode defined for component null
2023-06-24 13:07:48,504 [WARN] ModelIntegratedComponent:63 - No mode defined for component null
2023-06-24 13:07:48,504 [WARN] ModelIntegratedComponent:63 - No mode defined for component null
2023-06-24 13:07:48,504 [WARN] ModelIntegratedComponent:63 - No mode defined for component null
2023-06-24 13:07:48,504 [WARN] ModelIntegratedComponent:63 - No mode defined for component null
2023-06-24 13:07:48,504 [WARN] ModelIntegratedComponent:63 - No mode defined for component null
2023-06-24 13:07:48,505 [WARN] ModelIntegratedComponent:63 - No mode defined for component null
2023-06-24 13:07:48,505 [WARN] ModelIntegratedComponent:63 - No mode defined for component null
2023-06-24 13:07:48,505 [WARN] ModelIntegratedComponent:63 - No mode defined for component null
2023-06-24 13:07:48,505 [WARN] ModelIntegratedComponent:63 - No mode defined for component null
2023-06-24 13:07:48,505 [WARN] ModelIntegratedComponent:63 - No mode defined for component null
2023-06-24 13:07:48,506 [WARN] ModelIntegratedComponent:63 - No mode defined for component null
2023-06-24 13:07:48,506 [WARN] ModelIntegratedComponent:63 - No mode defined for component null
2023-06-24 13:07:48,506 [WARN] ModelIntegratedComponent:63 - No mode defined for component null
2023-06-24 13:07:48,506 [WARN] ModelIntegratedComponent:63 - No mode defined for component null
2023-06-24 13:07:48,507 [WARN] ModelIntegratedComponent:63 - No mode defined for component null
2023-06-24 13:07:48,507 [WARN] ModelIntegratedComponent:63 - No mode defined for component null
2023-06-24 13:07:48,507 [WARN] ModelIntegratedComponent:63 - No mode defined for component null
2023-06-24 13:07:48,507 [WARN] ModelIntegratedComponent:63 - No mode defined for component null
2023-06-24 13:07:48,507 [WARN] ModelIntegratedComponent:63 - No mode defined for component null
2023-06-24 13:07:48,507 [WARN] ModelIntegratedComponent:63 - No mode defined for component null
2023-06-24 13:07:48,507 [WARN] ModelIntegratedComponent:63 - No mode defined for component null
2023-06-24 13:07:48,508 [WARN] ModelIntegratedComponent:63 - No mode defined for component null
2023-06-24 13:07:48,508 [WARN] ModelIntegratedComponent:63 - No mode defined for component null
2023-06-24 13:07:48,508 [WARN] ModelIntegratedComponent:63 - No mode defined for component null
2023-06-24 13:07:48,508 [WARN] ModelIntegratedComponent:63 - No mode defined for component null
2023-06-24 13:07:48,519 [WARN] ModelIntegratedComponent:182 - Modes not found for component STMicroelectronics:USB_DEVICE:1.0.0:STMicroelectronics:USB::USB Device:Audio FS::1.0:USB_DEVICE_1_0_RESTRICTED_FS
2023-06-24 13:07:48,519 [WARN] ModelIntegratedComponent:188 - Modes not found for component STMicroelectronics:USB_DEVICE:1.0.0:STMicroelectronics:USB::USB Device:Audio FS::1.0:USB_DEVICE_1_0_RESTRICTED_FS
2023-06-24 13:07:48,519 [WARN] ModelIntegratedComponent:182 - Modes not found for component STMicroelectronics:USB_DEVICE:1.0.0:STMicroelectronics:USB::USB Device:CDC FS::1.0:USB_DEVICE_1_0_RESTRICTED_FS
2023-06-24 13:07:48,519 [WARN] ModelIntegratedComponent:188 - Modes not found for component STMicroelectronics:USB_DEVICE:1.0.0:STMicroelectronics:USB::USB Device:CDC FS::1.0:USB_DEVICE_1_0_RESTRICTED_FS
2023-06-24 13:07:48,519 [WARN] ModelIntegratedComponent:182 - Modes not found for component STMicroelectronics:USB_DEVICE:1.0.0:STMicroelectronics:USB::USB Device:DFU FS::1.0:USB_DEVICE_1_0_RESTRICTED_FS
2023-06-24 13:07:48,520 [WARN] ModelIntegratedComponent:188 - Modes not found for component STMicroelectronics:USB_DEVICE:1.0.0:STMicroelectronics:USB::USB Device:DFU FS::1.0:USB_DEVICE_1_0_RESTRICTED_FS
2023-06-24 13:07:48,520 [WARN] ModelIntegratedComponent:182 - Modes not found for component STMicroelectronics:USB_DEVICE:1.0.0:STMicroelectronics:USB::USB Device:HID FS::1.0:USB_DEVICE_1_0_RESTRICTED_FS
2023-06-24 13:07:48,520 [WARN] ModelIntegratedComponent:188 - Modes not found for component STMicroelectronics:USB_DEVICE:1.0.0:STMicroelectronics:USB::USB Device:HID FS::1.0:USB_DEVICE_1_0_RESTRICTED_FS
2023-06-24 13:07:48,520 [WARN] ModelIntegratedComponent:182 - Modes not found for component STMicroelectronics:USB_DEVICE:1.0.0:STMicroelectronics:USB::USB Device:Custom HID FS::1.0:USB_DEVICE_1_0_RESTRICTED_FS
2023-06-24 13:07:48,520 [WARN] ModelIntegratedComponent:188 - Modes not found for component STMicroelectronics:USB_DEVICE:1.0.0:STMicroelectronics:USB::USB Device:Custom HID FS::1.0:USB_DEVICE_1_0_RESTRICTED_FS
2023-06-24 13:07:48,520 [WARN] ModelIntegratedComponent:182 - Modes not found for component STMicroelectronics:USB_DEVICE:1.0.0:STMicroelectronics:USB::USB Device:MSC FS::1.0:USB_DEVICE_1_0_RESTRICTED_FS
2023-06-24 13:07:48,520 [WARN] ModelIntegratedComponent:188 - Modes not found for component STMicroelectronics:USB_DEVICE:1.0.0:STMicroelectronics:USB::USB Device:MSC FS::1.0:USB_DEVICE_1_0_RESTRICTED_FS
2023-06-24 13:07:48,537 [INFO] ThirdPartyModel:298 - Start build external matchings
2023-06-24 13:07:48,701 [INFO] ThirdPartyModel:316 - End build external matchings
2023-06-24 13:07:49,488 [INFO] UtilMem:75 - End LoadConfig() Used Memory: 261114208 Bytes (392167424)
2023-06-24 13:07:49,583 [INFO] ApiDb:581 - Connected to CubeFinder SQLite database (C:\Users\wind\.stmcufinder\plugins\mcufinder\mcu\cube-finder-db.db)
2023-06-24 13:07:49,662 [INFO] ApiDb:668 - CubeFinder database Data Model version=2.1
2023-06-24 13:07:49,663 [INFO] ApiDb:669 - CubeFinder database Configuration version=3.0.35
2023-06-24 13:07:49,663 [INFO] ApiDb:670 - CubeFinder database generation date=2023-05-12 (1683877179)
2023-06-24 13:07:49,663 [INFO] ApiDb:671 - CubeFinder database FW Pack versions=[FP-ATR-ASTRA1_V2.0.0, FP-SNS-FLIGHT1_V5.0.0, FP-SNS-MOTENV1_V4.3.0, STM32Cube_FW_C0_V1.0.1, STM32Cube_FW_F0_V1.11.4, STM32Cube_FW_F3_V1.11.4, STM32Cube_FW_F4_V1.27.1, STM32Cube_FW_F7_V1.17.0, STM32Cube_FW_G0_V1.6.1, STM32Cube_FW_G4_V1.5.1, STM32Cube_FW_H5_V0.5.1, STM32Cube_FW_H5_V1.0.0, STM32Cube_FW_H7_V1.11.0, STM32Cube_FW_L0_V1.12.2, STM32Cube_FW_L5_V1.5.0, STM32Cube_FW_U5_V1.2.0, STM32Cube_FW_WBA_V1.0.0, STM32Cube_FW_WBA_V1.0.0RC1, STM32Cube_FW_WBA_V1.0.0RC3, STM32Cube_FW_WB_V1.15.0RC1, STM32Cube_FW_WB_V1.16.0, STM32Cube_FW_WB_V1.16.0RC2, STM32Cube_FW_WL_V1.3.0, X-CUBE-ALGOBUILD_V1.3.0, X-CUBE-ALS_V1.0.1, X-CUBE-AZRTOS-F4_V1.1.0, X-CUBE-AZRTOS-F7_V1.1.0, X-CUBE-AZRTOS-G0_V1.1.0, X-CUBE-AZRTOS-G4_V2.0.0, X-CUBE-AZRTOS-H7_V3.1.0, X-CUBE-AZRTOS-L4_V1.0.0, X-CUBE-AZRTOS-L5_V1.1.0, X-CUBE-AZRTOS-WB_V1.1.0, X-CUBE-AZRTOS-WL_V1.0.0, X-CUBE-BLE1_V6.2.4, X-CUBE-BLE2_V3.3.0, X-CUBE-BLEMGR_V2.0.0, X-CUBE-EEPRMA1_V4.1.0, X-CUBE-FREERTOS_V1.0.1, X-CUBE-GNSS1_V6.0.0, X-CUBE-MEMS1_V9.1.0, X-CUBE-MEMS1_V9.4.0, X-CUBE-MEMS1_V9.6.0, X-CUBE-NFC4_V3.0.0, X-CUBE-NFC7_V1.0.0, X-CUBE-SFXS2LP1_V4.0.0, X-CUBE-SUBG2_V5.0.0]
2023-06-24 13:07:52,095 [INFO] ApiDb:240 - Found 297 in-development CPN: [B-G473E-ZEST1S, B-WB1M-WPAN1, B-WL5M-SUBG1, NUCLEO-C031C6, NUCLEO-H503RB, NUCLEO-H563ZI, NUCLEO-U545RE-Q, NUCLEO-U5A5ZJ-Q, NUCLEO-WBA52CG, STEVAL-PROTEUS1, STEVAL-STWINBX1, STM320518-EVAL, STM32C0116-DK, STM32C011D6Y3TR, STM32C011D6Y6TR, STM32C011F4P3, STM32C011F4P6, STM32C011F4U3, STM32C011F4U6TR, STM32C011F6P3, STM32C011F6P6, STM32C011F6U3, STM32C011F6U6TR, STM32C011J4M3, STM32C011J4M6, STM32C011J6M3, STM32C011J6M6, STM32C0316-DK, STM32C031C4T3, STM32C031C4T6, STM32C031C4U3, STM32C031C4U6, STM32C031C6T3, STM32C031C6T6, STM32C031C6U3, STM32C031C6U6, STM32C031F4P3, STM32C031F4P6, STM32C031F6P3, STM32C031F6P6, STM32C031G4U3, STM32C031G4U6, STM32C031G6U3, STM32C031G6U6, STM32C031K4T3, STM32C031K4T6, STM32C031K4U3, STM32C031K4U6, STM32C031K6T3, STM32C031K6T6, STM32C031K6U3, STM32C031K6U6, STM32G071K8TXN, STM32G071K8UXN, STM32G081GBU6N, STM32G081KBT6N, STM32G081KBUXN, STM32G0B1CCT6N, STM32G0B1KCT6, STM32G0B1NEY6TR, STM32G0B1RCT6N, STM32G0C1CCT6, STM32G0C1CCT6N, STM32G0C1CCU6N, STM32G0C1CET6N, STM32G0C1CEU6N, STM32G0C1KCT6, STM32G0C1NEY6TR, STM32G0C1RCI6N, STM32G0C1RCT6N, STM32G0C1REI6N, STM32G0C1RET6N, STM32G0C1VCI6, STM32G0C1VEI6, STM32G471CCT6, STM32G471CCU6, STM32G471CET3, STM32G471CET6, STM32G471CEU3, STM32G471CEU6, STM32G471MCT6, STM32G471MET3, STM32G471MET6, STM32G471MEY6TR, STM32G471QCT6, STM32G471QET3, STM32G471RCT6, STM32G471RET3, STM32G471RET6, STM32G471VCH6, STM32G471VCI6, STM32G471VCT6, STM32G471VEH3, STM32G471VEH6, STM32G471VEI3, STM32G471VEI6, STM32G471VET3, STM32G471VET6, STM32G474CCT6, STM32H503CBT6, STM32H503CBU6, STM32H503EBY6TR, STM32H503KBU6, STM32H503RBT6, STM32H562AGI6, STM32H562AII6, STM32H562IGK6, STM32H562IGT6, STM32H562IIK6, STM32H562IIT6, STM32H562RGT6, STM32H562RGV6, STM32H562RIT6, STM32H562RIV6, STM32H562VGT6, STM32H562VIT6, STM32H562ZGT6, STM32H562ZIT6, STM32H563AGI6, STM32H563AII3Q, STM32H563AII6, STM32H563IGK6, STM32H563IGT6, STM32H563IIK3Q, STM32H563IIK6, STM32H563IIT3Q, STM32H563IIT6, STM32H563MIY3QTR, STM32H563RGT6, STM32H563RGV6, STM32H563RIT6, STM32H563RIV6, STM32H563VGT6, STM32H563VIT3Q, STM32H563VIT6, STM32H563ZGT6, STM32H563ZIT3Q, STM32H563ZIT6, STM32H573AII3Q, STM32H573AII6, STM32H573I-DK, STM32H573IIK3Q, STM32H573IIK6, STM32H573IIT3Q, STM32H573IIT6, STM32H573MIY3QTR, STM32H573RIT6, STM32H573RIV6, STM32H573VIT3Q, STM32H573VIT6, STM32H573ZIT3Q, STM32H573ZIT6, STM32L4R5QGI6STR, STM32MP131AAE3, STM32MP131AAF3, STM32MP131AAG3, STM32MP131CAE3, STM32MP131CAF3, STM32MP131CAG3, STM32MP131DAE7, STM32MP131DAF7, STM32MP131DAG7, STM32MP131FAE7, STM32MP131FAF7, STM32MP131FAG7, STM32MP133AAE3, STM32MP133AAF3, STM32MP133AAG3, STM32MP133CAE3, STM32MP133CAF3, STM32MP133CAG3, STM32MP133DAE7, STM32MP133DAF7, STM32MP133DAG7, STM32MP133FAE7, STM32MP133FAF7, STM32MP133FAG7, STM32MP135AAE3, STM32MP135AAF3, STM32MP135AAG3, STM32MP135CAE3, STM32MP135CAF3, STM32MP135CAG3, STM32MP135DAE7, STM32MP135DAF7, STM32MP135DAG7, STM32MP135F-DK, STM32MP135FAE7, STM32MP135FAF7, STM32MP135FAF7T, STM32MP135FAF7U, STM32MP135FAG7, STM32U535CBT6, STM32U535CBT6Q, STM32U535CBU6, STM32U535CBU6Q, STM32U535CCT6, STM32U535CCT6Q, STM32U535CCU6, STM32U535CCU6Q, STM32U535CET6, STM32U535CET6Q, STM32U535CEU6, STM32U535CEU6Q, STM32U535JEY6QTR, STM32U535NCY6QTR, STM32U535NEY6QTR, STM32U535RBI6, STM32U535RBI6Q, STM32U535RBT6, STM32U535RBT6Q, STM32U535RCI6, STM32U535RCI6Q, STM32U535RCT6, STM32U535RCT6Q, STM32U535REI6, STM32U535REI6Q, STM32U535RET6, STM32U535RET6Q, STM32U535VCI6, STM32U535VCI6Q, STM32U535VCT6, STM32U535VCT6Q, STM32U535VEI6, STM32U535VEI6Q, STM32U535VET6, STM32U535VET6Q, STM32U545CET6, STM32U545CET6Q, STM32U545CEU6, STM32U545CEU6Q, STM32U545JEY6QTR, STM32U545NEY6QTR, STM32U545REI6, STM32U545REI6Q, STM32U545RET6, STM32U545RET6Q, STM32U545VEI6, STM32U545VEI6Q, STM32U545VET6, STM32U545VET6Q, STM32U595AIH6, STM32U595AIH6Q, STM32U595AJH6, STM32U595AJH6Q, STM32U595QII6, STM32U595QII6Q, STM32U595QJI6, STM32U595QJI6Q, STM32U595RIT6, STM32U595RIT6Q, STM32U595RJT6, STM32U595RJT6Q, STM32U595VIT6, STM32U595VIT6Q, STM32U595VJT6, STM32U595VJT6Q, STM32U595ZIT6, STM32U595ZIT6Q, STM32U595ZIY6QTR, STM32U595ZJT6, STM32U595ZJT6Q, STM32U595ZJY6QTR, STM32U599BJY6QTR, STM32U599NIH6Q, STM32U599NJH6Q, STM32U599VIT6Q, STM32U599VJT6, STM32U599VJT6Q, STM32U599ZIT6Q, STM32U599ZIY6QTR, STM32U599ZJT6Q, STM32U599ZJY6QTR, STM32U5A5AJH6, STM32U5A5AJH6Q, STM32U5A5QJI6, STM32U5A5QJI6Q, STM32U5A5RJT6, STM32U5A5RJT6Q, STM32U5A5VJT6, STM32U5A5VJT6Q, STM32U5A5ZJT6, STM32U5A5ZJT6Q, STM32U5A5ZJY6QTR, STM32U5A9BJY6QTR, STM32U5A9J-DK, STM32U5A9NJH6Q, STM32U5A9VJT6Q, STM32U5A9ZJT6Q, STM32U5A9ZJY6QTR, STM32WB1MMCH6, STM32WBA52CEU6, STM32WBA52CEU6T, STM32WBA52CGU6, STM32WBA52CGU6T, STM32WL5MOCH6, STM32WL5MOCH6TR]
2023-06-24 13:07:52,098 [INFO] DbMcus:216 - Found 3775 MCUs, 3775 are supported
2023-06-24 13:07:52,101 [INFO] ApiDb:423 - Load user favorites file C:\Users\wind/.stm32cubeide/favorites.mcus.txt: 0 item(s)
2023-06-24 13:07:52,101 [INFO] ApiDb:427 - User favorites MCUs=[]
2023-06-24 13:07:52,102 [INFO] DbMcus:222 - Set 0 / 0 favorites MCUs
2023-06-24 13:07:52,416 [WARN] ThirdParty:833 - waiting for thirdparty lock release [change project]
2023-06-24 13:07:52,416 [INFO] ThirdParty:835 - entering critical section [change project]
2023-06-24 13:07:52,416 [INFO] ThirdParty:1030 - CMSIS Pack Vendor :STMicroelectronics X-CUBE-ISPU 1.1.0
2023-06-24 13:07:52,416 [INFO] ThirdParty:1030 - CMSIS Pack Vendor :STMicroelectronics X-CUBE-GNSS1 6.0.0
2023-06-24 13:07:52,416 [INFO] ThirdParty:1030 - CMSIS Pack Vendor :STMicroelectronics USB_HOST 2.0.0
2023-06-24 13:07:52,416 [INFO] ThirdParty:1030 - CMSIS Pack Vendor :STMicroelectronics X-CUBE-AZRTOS-F4 1.1.0
2023-06-24 13:07:52,416 [INFO] ThirdParty:1030 - CMSIS Pack Vendor :STMicroelectronics LIBJPEG 8.0.0
2023-06-24 13:07:52,416 [INFO] ThirdParty:1030 - CMSIS Pack Vendor :STMicroelectronics X-CUBE-SMBUS 2.1.0
2023-06-24 13:07:52,416 [INFO] ThirdParty:1030 - CMSIS Pack Vendor :wolfSSL I-CUBE-wolfSSL 5.6.0
2023-06-24 13:07:52,416 [INFO] ThirdParty:1030 - CMSIS Pack Vendor :STMicroelectronics USB_DEVICE 3.0.0
2023-06-24 13:07:52,416 [INFO] ThirdParty:1030 - CMSIS Pack Vendor :STMicroelectronics X-CUBE-FREERTOS 1.0.1
2023-06-24 13:07:52,416 [INFO] ThirdParty:1030 - CMSIS Pack Vendor :STMicroelectronics X-CUBE-AZRTOS-F7 1.1.0
2023-06-24 13:07:52,416 [INFO] ThirdParty:1030 - CMSIS Pack Vendor :STMicroelectronics X-CUBE-TOUCHGFX 4.21.4
2023-06-24 13:07:52,416 [INFO] ThirdParty:1030 - CMSIS Pack Vendor :STMicroelectronics USB_DEVICE 2.0.0
2023-06-24 13:07:52,417 [INFO] ThirdParty:1030 - CMSIS Pack Vendor :STMicroelectronics X-CUBE-MEMS1 9.6.0
2023-06-24 13:07:52,417 [INFO] ThirdParty:1030 - CMSIS Pack Vendor :STMicroelectronics FP-SNS-MOTENV1 4.3.1
2023-06-24 13:07:52,417 [INFO] ThirdParty:1030 - CMSIS Pack Vendor :STMicroelectronics FP-SNS-FLIGHT1 5.0.1
2023-06-24 13:07:52,417 [INFO] ThirdParty:1030 - CMSIS Pack Vendor :STMicroelectronics X-CUBE-ALGOBUILD 1.3.0
2023-06-24 13:07:52,417 [INFO] ThirdParty:1030 - CMSIS Pack Vendor :STMicroelectronics X-CUBE-BLE1 6.2.4
2023-06-24 13:07:52,417 [INFO] ThirdParty:1030 - CMSIS Pack Vendor :STMicroelectronics X-CUBE-AZRTOS-L5 1.1.0
2023-06-24 13:07:52,417 [INFO] ThirdParty:1030 - CMSIS Pack Vendor :STMicroelectronics FreeRTOS 0.0.1
2023-06-24 13:07:52,417 [INFO] ThirdParty:1030 - CMSIS Pack Vendor :STMicroelectronics X-CUBE-AZRTOS-G0 1.1.0
2023-06-24 13:07:52,417 [INFO] ThirdParty:1030 - CMSIS Pack Vendor :emotas I-CUBE-CANOPEN 1.1.3
2023-06-24 13:07:52,417 [INFO] ThirdParty:1030 - CMSIS Pack Vendor :STMicroelectronics X-CUBE-BLEMGR 2.0.0
2023-06-24 13:07:52,417 [INFO] ThirdParty:1030 - CMSIS Pack Vendor :STMicroelectronics X-CUBE-AI 8.0.1
2023-06-24 13:07:52,417 [INFO] ThirdParty:1030 - CMSIS Pack Vendor :STMicroelectronics X-CUBE-NFC4 3.0.0
2023-06-24 13:07:52,417 [INFO] ThirdParty:1030 - CMSIS Pack Vendor :STMicroelectronics X-CUBE-SUBG2 5.0.0
2023-06-24 13:07:52,417 [INFO] ThirdParty:1030 - CMSIS Pack Vendor :STMicroelectronics STM32_WPAN 1.0.0
2023-06-24 13:07:52,417 [INFO] ThirdParty:1030 - CMSIS Pack Vendor :STMicroelectronics lwIP 2.0.3
2023-06-24 13:07:52,417 [INFO] ThirdParty:1030 - CMSIS Pack Vendor :STMicroelectronics USB_HOST 1.0.0
2023-06-24 13:07:52,417 [INFO] ThirdParty:1030 - CMSIS Pack Vendor :STMicroelectronics X-CUBE-AZRTOS-G4 2.0.0
2023-06-24 13:07:52,417 [INFO] ThirdParty:1030 - CMSIS Pack Vendor :STMicroelectronics PDM2PCM 3.1.0
2023-06-24 13:07:52,417 [INFO] ThirdParty:1030 - CMSIS Pack Vendor :STMicroelectronics X-CUBE-AZRTOS-H7 3.1.0
2023-06-24 13:07:52,417 [INFO] ThirdParty:1030 - CMSIS Pack Vendor :STMicroelectronics X-CUBE-TOF1 3.3.0
2023-06-24 13:07:52,417 [INFO] ThirdParty:1030 - CMSIS Pack Vendor :STMicroelectronics PDM2PCM 3.3.0
2023-06-24 13:07:52,418 [INFO] ThirdParty:1030 - CMSIS Pack Vendor :STMicroelectronics X-CUBE-DISPLAY 3.0.0
2023-06-24 13:07:52,418 [INFO] ThirdParty:1030 - CMSIS Pack Vendor :STMicroelectronics FP-ATR-SIGFOX1 3.2.0
2023-06-24 13:07:52,418 [INFO] ThirdParty:1030 - CMSIS Pack Vendor :STMicroelectronics HAL Drivers 0.0.0
2023-06-24 13:07:52,418 [INFO] ThirdParty:1030 - CMSIS Pack Vendor :STMicroelectronics MBEDTLS 2.16.2
2023-06-24 13:07:52,418 [INFO] ThirdParty:1030 - CMSIS Pack Vendor :STMicroelectronics X-CUBE-NFC7 1.0.1
2023-06-24 13:07:52,418 [INFO] ThirdParty:1030 - CMSIS Pack Vendor :STMicroelectronics MBEDTLS 2.14.1
2023-06-24 13:07:52,418 [INFO] ThirdParty:1030 - CMSIS Pack Vendor :STMicroelectronics X-CUBE-EEPRMA1 4.1.0
2023-06-24 13:07:52,418 [INFO] ThirdParty:1030 - CMSIS Pack Vendor :portGmbH I-Cube-SoM-uGOAL 1.1.0
2023-06-24 13:07:52,418 [INFO] ThirdParty:1030 - CMSIS Pack Vendor :STMicroelectronics X-CUBE-ALS 1.0.1
2023-06-24 13:07:52,418 [INFO] ThirdParty:1030 - CMSIS Pack Vendor :STMicroelectronics ThreadX 1.0.0
2023-06-24 13:07:52,418 [INFO] ThirdParty:1030 - CMSIS Pack Vendor :STMicroelectronics X-CUBE-AZRTOS-WB 1.1.0
2023-06-24 13:07:52,419 [INFO] ThirdParty:1030 - CMSIS Pack Vendor :STMicroelectronics X-CUBE-AZRTOS-WL 2.0.0
2023-06-24 13:07:52,419 [INFO] ThirdParty:1030 - CMSIS Pack Vendor :SEGGER I-CUBE-embOS 1.3.1
2023-06-24 13:07:52,419 [INFO] ThirdParty:1030 - CMSIS Pack Vendor :STMicroelectronics USB_DEVICE 1.0.0
2023-06-24 13:07:52,419 [INFO] ThirdParty:1030 - CMSIS Pack Vendor :STMicroelectronics X-CUBE-AZRTOS-L4 2.0.0
2023-06-24 13:07:52,419 [INFO] ThirdParty:1030 - CMSIS Pack Vendor :STMicroelectronics ThreadX 0.0.2
2023-06-24 13:07:52,419 [INFO] ThirdParty:1030 - CMSIS Pack Vendor :WES I-CUBE-Cesium 1.3.0
2023-06-24 13:07:52,419 [INFO] ThirdParty:1030 - CMSIS Pack Vendor :STMicroelectronics FP-ATR-ASTRA1 2.0.0
2023-06-24 13:07:52,419 [INFO] ThirdParty:1030 - CMSIS Pack Vendor :STMicroelectronics lwIP 2.1.2
2023-06-24 13:07:52,419 [INFO] ThirdParty:1030 - CMSIS Pack Vendor :STMicroelectronics X-CUBE-SFXS2LP1 4.0.0
2023-06-24 13:07:52,419 [INFO] ThirdParty:1030 - CMSIS Pack Vendor :STMicroelectronics X-CUBE-BLE2 3.3.0
2023-06-24 13:07:52,420 [INFO] ThirdParty:1030 - CMSIS Pack Vendor :STMicroelectronics PDM2PCM 3.2.0
2023-06-24 13:07:52,420 [INFO] ThirdParty:841 - exiting critical section [change project]
2023-06-24 13:07:53,189 [INFO] PinOutPanel:1499 - setPackage(No Configuration,No Configuration)
2023-06-24 13:07:53,191 [INFO] PinOutPanel:1499 - setPackage(STM32H7A3ZITxQ,LQFP144)
2023-06-24 13:07:54,331 [INFO] UtilMem:75 - Before build in PCC Used Memory: 269361808 Bytes (392167424)
2023-06-24 13:07:55,633 [INFO] UtilMem:75 - After build in PCC Used Memory: 271127504 Bytes (392167424)
2023-06-24 13:07:55,681 [INFO] IPUIPlugin:80 - create IPUIPlugin
2023-06-24 13:07:55,681 [INFO] IPUIPlugin:80 - create IPUIPlugin
2023-06-24 13:07:55,682 [INFO] IPUIPlugin:80 - create IPUIPlugin
2023-06-24 13:07:55,682 [INFO] IPUIPlugin:80 - create IPUIPlugin
2023-06-24 13:07:55,682 [INFO] IPUIPlugin:80 - create IPUIPlugin
2023-06-24 13:07:55,683 [INFO] IPUIPlugin:80 - create IPUIPlugin
2023-06-24 13:07:55,683 [INFO] IPUIPlugin:80 - create IPUIPlugin
2023-06-24 13:07:55,684 [INFO] IPUIPlugin:80 - create IPUIPlugin
2023-06-24 13:07:55,684 [INFO] IPUIPlugin:80 - create IPUIPlugin
2023-06-24 13:07:55,684 [INFO] IPUIPlugin:80 - create IPUIPlugin
2023-06-24 13:07:55,685 [INFO] IPUIPlugin:80 - create IPUIPlugin
2023-06-24 13:07:55,685 [INFO] IPUIPlugin:80 - create IPUIPlugin
2023-06-24 13:07:55,685 [INFO] IPUIPlugin:80 - create IPUIPlugin
2023-06-24 13:07:55,686 [INFO] IPUIPlugin:80 - create IPUIPlugin
2023-06-24 13:07:55,686 [INFO] IPUIPlugin:80 - create IPUIPlugin
2023-06-24 13:07:55,686 [INFO] IPUIPlugin:80 - create IPUIPlugin
2023-06-24 13:07:55,686 [INFO] IPUIPlugin:80 - create IPUIPlugin
2023-06-24 13:07:55,687 [INFO] IPUIPlugin:80 - create IPUIPlugin
2023-06-24 13:07:55,687 [INFO] IPUIPlugin:80 - create IPUIPlugin
2023-06-24 13:07:55,687 [INFO] IPUIPlugin:80 - create IPUIPlugin
2023-06-24 13:07:55,687 [INFO] IPUIPlugin:80 - create IPUIPlugin
2023-06-24 13:07:55,688 [INFO] IPUIPlugin:80 - create IPUIPlugin
2023-06-24 13:07:55,689 [INFO] IPUIPlugin:80 - create IPUIPlugin
2023-06-24 13:07:55,689 [INFO] IPUIPlugin:80 - create IPUIPlugin
2023-06-24 13:07:55,689 [INFO] IPUIPlugin:80 - create IPUIPlugin
2023-06-24 13:07:55,690 [INFO] IPUIPlugin:80 - create IPUIPlugin
2023-06-24 13:07:55,690 [INFO] IPUIPlugin:80 - create IPUIPlugin
2023-06-24 13:07:55,691 [INFO] IPUIPlugin:80 - create IPUIPlugin
2023-06-24 13:07:55,691 [INFO] IPUIPlugin:80 - create IPUIPlugin
2023-06-24 13:07:55,691 [INFO] IPUIPlugin:80 - create IPUIPlugin
2023-06-24 13:07:55,692 [INFO] IPUIPlugin:80 - create IPUIPlugin
2023-06-24 13:07:55,692 [INFO] IPUIPlugin:80 - create IPUIPlugin
2023-06-24 13:07:55,692 [INFO] IPUIPlugin:80 - create IPUIPlugin
2023-06-24 13:07:55,693 [INFO] IPUIPlugin:80 - create IPUIPlugin
2023-06-24 13:07:55,693 [INFO] IPUIPlugin:80 - create IPUIPlugin
2023-06-24 13:07:55,693 [INFO] IPUIPlugin:80 - create IPUIPlugin
2023-06-24 13:07:55,694 [INFO] IPUIPlugin:80 - create IPUIPlugin
2023-06-24 13:07:55,694 [INFO] IPUIPlugin:80 - create IPUIPlugin
2023-06-24 13:07:55,695 [INFO] IPUIPlugin:80 - create IPUIPlugin
2023-06-24 13:07:55,696 [INFO] IPUIPlugin:80 - create IPUIPlugin
2023-06-24 13:07:55,696 [INFO] IPUIPlugin:80 - create IPUIPlugin
2023-06-24 13:07:55,697 [INFO] IPUIPlugin:80 - create IPUIPlugin
2023-06-24 13:07:55,697 [INFO] IPUIPlugin:80 - create IPUIPlugin
2023-06-24 13:07:55,698 [INFO] IPUIPlugin:80 - create IPUIPlugin
2023-06-24 13:07:55,698 [INFO] IPUIPlugin:80 - create IPUIPlugin
2023-06-24 13:07:55,698 [INFO] IPUIPlugin:80 - create IPUIPlugin
2023-06-24 13:07:55,699 [INFO] IPUIPlugin:80 - create IPUIPlugin
2023-06-24 13:07:55,699 [INFO] IPUIPlugin:80 - create IPUIPlugin
2023-06-24 13:07:55,700 [INFO] IPUIPlugin:80 - create IPUIPlugin
2023-06-24 13:07:55,700 [INFO] IPUIPlugin:80 - create IPUIPlugin
2023-06-24 13:07:55,700 [INFO] IPUIPlugin:80 - create IPUIPlugin
2023-06-24 13:07:55,701 [INFO] IPUIPlugin:80 - create IPUIPlugin
2023-06-24 13:07:55,701 [INFO] IPUIPlugin:80 - create IPUIPlugin
2023-06-24 13:07:55,701 [INFO] IPUIPlugin:80 - create IPUIPlugin
2023-06-24 13:07:55,702 [INFO] IPUIPlugin:80 - create IPUIPlugin
2023-06-24 13:07:55,702 [INFO] IPUIPlugin:80 - create IPUIPlugin
2023-06-24 13:07:55,703 [INFO] IPUIPlugin:80 - create IPUIPlugin
2023-06-24 13:07:55,703 [INFO] IPUIPlugin:80 - create IPUIPlugin
2023-06-24 13:07:55,704 [INFO] IPUIPlugin:80 - create IPUIPlugin
2023-06-24 13:07:55,704 [INFO] IPUIPlugin:80 - create IPUIPlugin
2023-06-24 13:07:55,705 [INFO] IPUIPlugin:80 - create IPUIPlugin
2023-06-24 13:07:55,705 [INFO] IPUIPlugin:80 - create IPUIPlugin
2023-06-24 13:07:55,705 [INFO] IPUIPlugin:80 - create IPUIPlugin
2023-06-24 13:07:55,706 [INFO] IPUIPlugin:80 - create IPUIPlugin
2023-06-24 13:07:55,707 [INFO] IPUIPlugin:80 - create IPUIPlugin
2023-06-24 13:07:55,707 [INFO] IPUIPlugin:80 - create IPUIPlugin
2023-06-24 13:07:55,707 [INFO] IPUIPlugin:80 - create IPUIPlugin
2023-06-24 13:07:55,708 [INFO] IPUIPlugin:80 - create IPUIPlugin
2023-06-24 13:07:55,708 [INFO] IPUIPlugin:80 - create IPUIPlugin
2023-06-24 13:07:55,708 [INFO] IPUIPlugin:80 - create IPUIPlugin
2023-06-24 13:07:55,709 [INFO] IPUIPlugin:80 - create IPUIPlugin
2023-06-24 13:07:55,709 [INFO] IPUIPlugin:80 - create IPUIPlugin
2023-06-24 13:07:55,710 [INFO] IPUIPlugin:80 - create IPUIPlugin
2023-06-24 13:07:55,710 [INFO] IPUIPlugin:80 - create IPUIPlugin
2023-06-24 13:07:55,711 [INFO] IPUIPlugin:80 - create IPUIPlugin
2023-06-24 13:07:55,711 [INFO] IPUIPlugin:80 - create IPUIPlugin
2023-06-24 13:07:55,712 [INFO] IPUIPlugin:80 - create IPUIPlugin
2023-06-24 13:07:55,712 [INFO] IPUIPlugin:80 - create IPUIPlugin
2023-06-24 13:07:55,713 [INFO] IPUIPlugin:80 - create IPUIPlugin
2023-06-24 13:07:55,713 [INFO] IPUIPlugin:80 - create IPUIPlugin
2023-06-24 13:07:55,713 [INFO] IPUIPlugin:80 - create IPUIPlugin
2023-06-24 13:07:55,714 [INFO] IPUIPlugin:80 - create IPUIPlugin
2023-06-24 13:07:55,714 [INFO] IPUIPlugin:80 - create IPUIPlugin
2023-06-24 13:07:55,715 [INFO] IPUIPlugin:80 - create IPUIPlugin
2023-06-24 13:07:55,715 [INFO] IPUIPlugin:80 - create IPUIPlugin
2023-06-24 13:07:55,715 [INFO] IPUIPlugin:80 - create IPUIPlugin
2023-06-24 13:07:55,716 [INFO] IPUIPlugin:80 - create IPUIPlugin
2023-06-24 13:07:55,717 [INFO] IPUIPlugin:80 - create IPUIPlugin
2023-06-24 13:07:55,717 [INFO] IPUIPlugin:80 - create IPUIPlugin
2023-06-24 13:07:55,718 [INFO] IPUIPlugin:80 - create IPUIPlugin
2023-06-24 13:07:55,718 [INFO] IPUIPlugin:80 - create IPUIPlugin
2023-06-24 13:07:55,719 [INFO] IPUIPlugin:80 - create IPUIPlugin
2023-06-24 13:07:55,719 [INFO] IPUIPlugin:80 - create IPUIPlugin
2023-06-24 13:07:55,719 [INFO] IPUIPlugin:80 - create IPUIPlugin
2023-06-24 13:07:55,720 [INFO] IPUIPlugin:80 - create IPUIPlugin
2023-06-24 13:07:55,720 [INFO] IPUIPlugin:80 - create IPUIPlugin
2023-06-24 13:07:55,721 [INFO] IPUIPlugin:80 - create IPUIPlugin
2023-06-24 13:07:55,721 [INFO] IPUIPlugin:80 - create IPUIPlugin
2023-06-24 13:07:55,721 [INFO] IPUIPlugin:80 - create IPUIPlugin
2023-06-24 13:07:55,771 [INFO] ApiDbMcu:507 - Load IP Config File for PDM2PCM
2023-06-24 13:07:56,102 [INFO] CADModel:165 - CPN selected for project levelSTM32H7A3ZIT6Q
2023-06-24 13:07:56,102 [INFO] CADModel:114 - Register for checkConnection events
2023-06-24 13:07:56,164 [INFO] OpenFileManager:328 - Restore cursor
2023-06-24 13:08:27,143 [ERROR] LogOutputStream:75 - [STDERR_REDIRECT] Exception in thread "AWT-EventQueue-0" java.lang.ClassCastException: class sun.awt.windows.WEmbeddedFrame cannot be cast to class javax.swing.JFrame (sun.awt.windows.WEmbeddedFrame and javax.swing.JFrame are in module java.desktop of loader 'bootstrap')
2023-06-24 13:08:27,144 [ERROR] LogOutputStream:75 - [STDERR_REDIRECT] 	at com.st.microxplorer.plugins.clock.ClockConfigurationView.activatePlugin(ClockConfigurationView.java:425)
2023-06-24 13:08:27,145 [ERROR] LogOutputStream:75 - [STDERR_REDIRECT] 	at com.st.microxplorer.maingui.MainPanel$1.stateChanged(MainPanel.java:358)
2023-06-24 13:08:27,146 [ERROR] LogOutputStream:75 - [STDERR_REDIRECT] 	at java.desktop/javax.swing.JTabbedPane.fireStateChanged(JTabbedPane.java:418)
2023-06-24 13:08:27,147 [ERROR] LogOutputStream:75 - [STDERR_REDIRECT] 	at java.desktop/javax.swing.JTabbedPane$ModelListener.stateChanged(JTabbedPane.java:269)
2023-06-24 13:08:27,148 [ERROR] LogOutputStream:75 - [STDERR_REDIRECT] 	at java.desktop/javax.swing.DefaultSingleSelectionModel.fireStateChanged(DefaultSingleSelectionModel.java:143)
2023-06-24 13:08:27,150 [ERROR] LogOutputStream:75 - [STDERR_REDIRECT] 	at java.desktop/javax.swing.DefaultSingleSelectionModel.setSelectedIndex(DefaultSingleSelectionModel.java:74)
2023-06-24 13:08:27,151 [ERROR] LogOutputStream:75 - [STDERR_REDIRECT] 	at java.desktop/javax.swing.JTabbedPane.setSelectedIndexImpl(JTabbedPane.java:622)
2023-06-24 13:08:27,152 [ERROR] LogOutputStream:75 - [STDERR_REDIRECT] 	at java.desktop/javax.swing.JTabbedPane.setSelectedIndex(JTabbedPane.java:597)
2023-06-24 13:08:27,153 [ERROR] LogOutputStream:75 - [STDERR_REDIRECT] 	at java.desktop/javax.swing.plaf.basic.BasicTabbedPaneUI$Handler.mousePressed(BasicTabbedPaneUI.java:4090)
2023-06-24 13:08:27,154 [ERROR] LogOutputStream:75 - [STDERR_REDIRECT] 	at java.desktop/java.awt.Component.processMouseEvent(Component.java:6632)
2023-06-24 13:08:27,155 [ERROR] LogOutputStream:75 - [STDERR_REDIRECT] 	at java.desktop/javax.swing.JComponent.processMouseEvent(JComponent.java:3342)
2023-06-24 13:08:27,155 [ERROR] LogOutputStream:75 - [STDERR_REDIRECT] 	at java.desktop/java.awt.Component.processEvent(Component.java:6400)
2023-06-24 13:08:27,156 [ERROR] LogOutputStream:75 - [STDERR_REDIRECT] 	at java.desktop/java.awt.Container.processEvent(Container.java:2263)
2023-06-24 13:08:27,157 [ERROR] LogOutputStream:75 - [STDERR_REDIRECT] 	at java.desktop/java.awt.Component.dispatchEventImpl(Component.java:5011)
2023-06-24 13:08:27,158 [ERROR] LogOutputStream:75 - [STDERR_REDIRECT] 	at java.desktop/java.awt.Container.dispatchEventImpl(Container.java:2321)
2023-06-24 13:08:27,159 [ERROR] LogOutputStream:75 - [STDERR_REDIRECT] 	at java.desktop/java.awt.Component.dispatchEvent(Component.java:4843)
2023-06-24 13:08:27,160 [ERROR] LogOutputStream:75 - [STDERR_REDIRECT] 	at java.desktop/java.awt.LightweightDispatcher.retargetMouseEvent(Container.java:4918)
2023-06-24 13:08:27,161 [ERROR] LogOutputStream:75 - [STDERR_REDIRECT] 	at java.desktop/java.awt.LightweightDispatcher.processMouseEvent(Container.java:4544)
2023-06-24 13:08:27,162 [ERROR] LogOutputStream:75 - [STDERR_REDIRECT] 	at java.desktop/java.awt.LightweightDispatcher.dispatchEvent(Container.java:4488)
2023-06-24 13:08:27,163 [ERROR] LogOutputStream:75 - [STDERR_REDIRECT] 	at java.desktop/java.awt.Container.dispatchEventImpl(Container.java:2307)
2023-06-24 13:08:27,164 [ERROR] LogOutputStream:75 - [STDERR_REDIRECT] 	at java.desktop/java.awt.Component.dispatchEvent(Component.java:4843)
2023-06-24 13:08:27,165 [ERROR] LogOutputStream:75 - [STDERR_REDIRECT] 	at java.desktop/java.awt.EventQueue.dispatchEventImpl(EventQueue.java:772)
2023-06-24 13:08:27,166 [ERROR] LogOutputStream:75 - [STDERR_REDIRECT] 	at java.desktop/java.awt.EventQueue$4.run(EventQueue.java:721)
2023-06-24 13:08:27,167 [ERROR] LogOutputStream:75 - [STDERR_REDIRECT] 	at java.desktop/java.awt.EventQueue$4.run(EventQueue.java:715)
2023-06-24 13:08:27,168 [ERROR] LogOutputStream:75 - [STDERR_REDIRECT] 	at java.base/java.security.AccessController.doPrivileged(Native Method)
2023-06-24 13:08:27,169 [ERROR] LogOutputStream:75 - [STDERR_REDIRECT] 	at java.base/java.security.ProtectionDomain$JavaSecurityAccessImpl.doIntersectionPrivilege(ProtectionDomain.java:85)
2023-06-24 13:08:27,170 [ERROR] LogOutputStream:75 - [STDERR_REDIRECT] 	at java.base/java.security.ProtectionDomain$JavaSecurityAccessImpl.doIntersectionPrivilege(ProtectionDomain.java:95)
2023-06-24 13:08:27,171 [ERROR] LogOutputStream:75 - [STDERR_REDIRECT] 	at java.desktop/java.awt.EventQueue$5.run(EventQueue.java:745)
2023-06-24 13:08:27,172 [ERROR] LogOutputStream:75 - [STDERR_REDIRECT] 	at java.desktop/java.awt.EventQueue$5.run(EventQueue.java:743)
2023-06-24 13:08:27,173 [ERROR] LogOutputStream:75 - [STDERR_REDIRECT] 	at java.base/java.security.AccessController.doPrivileged(Native Method)
2023-06-24 13:08:27,174 [ERROR] LogOutputStream:75 - [STDERR_REDIRECT] 	at java.base/java.security.ProtectionDomain$JavaSecurityAccessImpl.doIntersectionPrivilege(ProtectionDomain.java:85)
2023-06-24 13:08:27,175 [ERROR] LogOutputStream:75 - [STDERR_REDIRECT] 	at java.desktop/java.awt.EventQueue.dispatchEvent(EventQueue.java:742)
2023-06-24 13:08:27,176 [ERROR] LogOutputStream:75 - [STDERR_REDIRECT] 	at java.desktop/java.awt.EventDispatchThread.pumpOneEventForFilters(EventDispatchThread.java:203)
2023-06-24 13:08:27,178 [ERROR] LogOutputStream:75 - [STDERR_REDIRECT] 	at java.desktop/java.awt.EventDispatchThread.pumpEventsForFilter(EventDispatchThread.java:124)
2023-06-24 13:08:27,179 [ERROR] LogOutputStream:75 - [STDERR_REDIRECT] 	at java.desktop/java.awt.EventDispatchThread.pumpEventsForHierarchy(EventDispatchThread.java:113)
2023-06-24 13:08:27,180 [ERROR] LogOutputStream:75 - [STDERR_REDIRECT] 	at java.desktop/java.awt.EventDispatchThread.pumpEvents(EventDispatchThread.java:109)
2023-06-24 13:08:27,181 [ERROR] LogOutputStream:75 - [STDERR_REDIRECT] 	at java.desktop/java.awt.EventDispatchThread.pumpEvents(EventDispatchThread.java:101)
2023-06-24 13:08:27,181 [ERROR] LogOutputStream:75 - [STDERR_REDIRECT] 	at java.desktop/java.awt.EventDispatchThread.run(EventDispatchThread.java:90)
2023-06-24 13:09:17,594 [INFO] UtilMem:75 - End SaveConfig() Used Memory: 347743528 Bytes (392167424)
2023-06-24 13:09:17,669 [INFO] UtilMem:75 - End SaveConfig() Used Memory: 287283568 Bytes (392167424)
2023-06-24 13:09:17,814 [INFO] UtilMem:75 - End SaveConfig() Used Memory: 315595120 Bytes (392167424)
2023-06-24 13:09:18,286 [INFO] BlockDiagram:2759 - set Specific Code input for plugin: USB_OTG_HS
2023-06-24 13:09:18,287 [INFO] BlockDiagram:2759 - set Specific Code input for plugin: RCC
2023-06-24 13:09:18,287 [INFO] BlockDiagram:2759 - set Specific Code input for plugin: USART
2023-06-24 13:09:18,287 [INFO] BlockDiagram:2759 - set Specific Code input for plugin: SYS
2023-06-24 13:09:18,287 [INFO] BlockDiagram:2759 - set Specific Code input for plugin: NVIC
2023-06-24 13:09:18,288 [INFO] BlockDiagram:2759 - set Specific Code input for plugin: GPIO
2023-06-24 13:09:18,291 [INFO] CodeGenerator:793 - code generatio: config db path: E:\STM32CubeIDE_1.12.0\STM32CubeIDE\plugins\com.st.stm32cube.common.mx_6.8.0.202302231600\\db\
2023-06-24 13:09:18,682 [INFO] CodeEngine:255 - oldGeneratedFile, D:\Project\smart_bookshelf\board\MXTmpFiles\license.tmp_save
2023-06-24 13:09:19,219 [INFO] CodeEngine:279 - Generated code: D:\Project\smart_bookshelf\board\MXTmpFiles\license.tmp
2023-06-24 13:09:19,356 [INFO] CodeEngine:255 - oldGeneratedFile, D:\Project\smart_bookshelf\board\MXTmpFiles\gpio.tmp_save
2023-06-24 13:09:19,516 [INFO] CodeEngine:279 - Generated code: D:\Project\smart_bookshelf\board\MXTmpFiles\gpio.tmp
2023-06-24 13:09:19,774 [WARN] IPConfigManager:99 - WARNING: Missing Config File for USB ip!!
2023-06-24 13:09:19,847 [INFO] CodeEngine:255 - oldGeneratedFile, D:\Project\smart_bookshelf\board\MXTmpFiles\cortex.tmp_save
2023-06-24 13:09:19,946 [INFO] CodeEngine:279 - Generated code: D:\Project\smart_bookshelf\board\MXTmpFiles\cortex.tmp
2023-06-24 13:09:19,967 [INFO] CodeEngine:255 - oldGeneratedFile, D:\Project\smart_bookshelf\board\Core\Src\stm32h7xx_it.c_save
2023-06-24 13:09:20,106 [INFO] CodeEngine:279 - Generated code: D:\Project\smart_bookshelf\board\Core\Src\stm32h7xx_it.c
2023-06-24 13:09:20,115 [INFO] CodeEngine:255 - oldGeneratedFile, D:\Project\smart_bookshelf\board\Core\Inc\stm32h7xx_it.h_save
2023-06-24 13:09:20,196 [INFO] CodeEngine:279 - Generated code: D:\Project\smart_bookshelf\board\Core\Inc\stm32h7xx_it.h
2023-06-24 13:09:20,370 [INFO] CodeEngine:255 - oldGeneratedFile, D:\Project\smart_bookshelf\board\Core\Src\stm32h7xx_hal_msp.c_save
2023-06-24 13:09:20,490 [INFO] CodeEngine:279 - Generated code: D:\Project\smart_bookshelf\board\Core\Src\stm32h7xx_hal_msp.c
2023-06-24 13:09:20,495 [INFO] CodeEngine:255 - oldGeneratedFile, D:\Project\smart_bookshelf\board\MXTmpFiles\system.tmp_save
2023-06-24 13:09:20,555 [INFO] CodeEngine:279 - Generated code: D:\Project\smart_bookshelf\board\MXTmpFiles\system.tmp
2023-06-24 13:09:20,565 [INFO] CodeEngine:311 - oldGeneratedFile, D:\Project\smart_bookshelf\board\Core\Inc\stm32h7xx_hal_conf.h_save
2023-06-24 13:09:20,643 [INFO] CodeEngine:335 - Generated code: D:\Project\smart_bookshelf\board\Core\Inc\stm32h7xx_hal_conf.h
2023-06-24 13:09:20,705 [WARN] IPConfigManager:3431 - IP not found : USB_OTG
2023-06-24 13:09:20,707 [WARN] CodeGenerator:3754 - IP not found : null
2023-06-24 13:09:20,715 [INFO] CodeEngine:255 - oldGeneratedFile, D:\Project\smart_bookshelf\board\Core\Inc\main.h_save
2023-06-24 13:09:20,847 [INFO] CodeEngine:279 - Generated code: D:\Project\smart_bookshelf\board\Core\Inc\main.h
2023-06-24 13:09:20,859 [INFO] CodeEngine:255 - oldGeneratedFile, D:\Project\smart_bookshelf\board\Core\Src\main.c_save
2023-06-24 13:09:21,043 [INFO] CodeEngine:279 - Generated code: D:\Project\smart_bookshelf\board\Core\Src\main.c
2023-06-24 13:09:21,794 [INFO] ProjectBuilder:2996 - Time for Copy HAL[1] : 258mS.
2023-06-24 13:09:21,818 [INFO] ProjectBuilder:4304 - Project Generator version: 3.19.2
2023-06-24 13:09:22,098 [INFO] ConfigFileManager:1483 - The Die is : DIE480
2023-06-24 13:09:22,105 [INFO] ApiDbMcu:507 - Load IP Config File for FATFS
2023-06-24 13:09:22,109 [INFO] ApiDbMcu:507 - Load IP Config File for FREERTOS
2023-06-24 13:09:22,112 [INFO] ApiDbMcu:507 - Load IP Config File for LIBJPEG
2023-06-24 13:09:22,117 [INFO] ApiDbMcu:507 - Load IP Config File for MBEDTLS
2023-06-24 13:09:22,124 [INFO] ApiDbMcu:507 - Load IP Config File for USB_DEVICE
2023-06-24 13:09:22,128 [INFO] ApiDbMcu:507 - Load IP Config File for USB_HOST
2023-06-24 13:09:22,897 [INFO] LogOutputStream:77 - [STDOUT_REDIRECT] 
2023-06-24 13:09:24,165 [INFO] ProjectBuilder:4505 - Time for Generating toolchain IDE Files: 2346mS.
2023-06-24 13:09:24,166 [INFO] ProjectBuilder:2867 - Time for Copy CMSIS : 1mS.
2023-06-24 13:09:24,169 [INFO] ProjectBuilder:2867 - Time for Copy CMSIS : 0mS.
